======================================= short test summary info ========================================
FAILED tests/test_apu_processor.py::APUProcessorTests::test_process_flat_records - KeyError: 'CODIGO_APU'
FAILED tests/test_apu_processor.py::APUProcessorTests::test_process_grouped_records - AssertionError: 'CODIGO_APU' not found in Index(['id', 'stratum', 'description', 'structural_health', 'is_floating',
       'codigo_apu', 'descripcion_apu', 'unidad_apu', 'descripcion_insumo',
       'unidad_insumo', 'cantidad', 'precio_unitario', 'valor_total',
       'tipo_insumo', 'capitulo', 'categoria', 'formato_origen', 'rendimiento',
       'normalized_desc', '_validated', 'jornal'],
      dtype='object')
FAILED tests/test_apu_processor.py::RobustnessTests::test_very_long_description - KeyError: 'DESCRIPCION_INSUMO'
FAILED tests/test_apu_processor.py::IntegrationTests::test_consistency_across_formats - KeyError: 'CODIGO_APU'
FAILED tests/test_apu_processor.py::IntegrationTests::test_full_pipeline_grouped_records - KeyError: 'TIPO_INSUMO'
FAILED tests/test_flux_condenser.py::TestDataFluxCondenser::test_initialization_creates_all_components - TypeError: DataFluxCondenser.__init__() missing 1 required positional argument: 'condenser_config'
FAILED tests/test_flux_condenser.py::TestIntegration::test_stabilize_end_to_end - TypeError: DataFluxCondenser.__init__() missing 1 required positional argument: 'condenser_config'
FAILED tests/test_flux_condenser.py::TestIntegration::test_stabilize_with_progress_callback - TypeError: DataFluxCondenser.__init__() missing 1 required positional argument: 'condenser_config'
FAILED tests/test_flux_condenser.py::TestIntegration::test_stabilize_with_telemetry - TypeError: DataFluxCondenser.__init__() missing 1 required positional argument: 'condenser_config'
FAILED tests/test_flux_condenser.py::TestIntegration::test_stabilize_parser_error_propagates - TypeError: DataFluxCondenser.__init__() missing 1 required positional argument: 'condenser_config'
FAILED tests/test_flux_condenser.py::TestEdgeCases::test_tank_overflow_protection - TypeError: DataFluxCondenser.__init__() missing 1 required positional argument: 'condenser_config'
FAILED tests/test_flux_condenser.py::TestEdgeCases::test_emergency_brake_activation - TypeError: DataFluxCondenser.__init__() missing 1 required positional argument: 'condenser_config'
FAILED tests/test_flux_condenser.py::TestDataFluxCondenserV3::test_control_plane_collapse_raises_error - TypeError: DataFluxCondenser.__init__() missing 1 required positional argument: 'condenser_config'
FAILED tests/test_mic_vectors.py::TestCalculateDimensionality::test_default_type_when_missing - assert 2 == 3
FAILED tests/test_mic_vectors.py::TestVectorParseRawStructure::test_successful_parsing - AttributeError: _mock_methods
FAILED tests/test_mic_vectors.py::TestVectorParseRawStructure::test_cache_receives_dimensionality - AttributeError: _mock_methods
FAILED tests/test_mic_vectors.py::TestVectorParseRawStructure::test_homological_invariants_structure - AttributeError: _mock_methods
FAILED tests/test_mic_vectors.py::TestVectorParseRawStructure::test_valid_topological_constraints_passed - AttributeError: _mock_methods
FAILED tests/test_pipeline_director.py::TestContextPersistence::test_save_creates_session_directory - AttributeError: 'MICRegistry' object has no attribute 'register_vector'
FAILED tests/test_pipeline_director.py::TestLoadThresholds::test_default_thresholds_when_missing - AttributeError: 'MICRegistry' object has no attribute 'register_vector'
FAILED tests/test_pipeline_director.py::TestLoadThresholds::test_valid_override_applied - AttributeError: 'MICRegistry' object has no attribute 'register_vector'
FAILED tests/test_pipeline_director.py::TestLoadThresholds::test_unknown_key_ignored_with_warning - AttributeError: 'PipelineDirector' object has no attribute 'logger'
FAILED tests/test_pipeline_director.py::TestLoadThresholds::test_wrong_type_ignored_with_warning - AttributeError: 'PipelineDirector' object has no attribute 'logger'
FAILED tests/test_pipeline_director.py::TestLoadThresholds::test_non_dict_thresholds_uses_defaults - AttributeError: 'PipelineDirector' object has no attribute 'logger'
FAILED tests/test_pipeline_director.py::TestAuditedMergeStep::test_audit_skipped_when_presupuesto_missing - ModuleNotFoundError: No module named 'app.pipeline_director_v2'
FAILED tests/test_pipeline_director.py::TestCalculateCostsStep::test_does_not_overwrite_df_merged - ModuleNotFoundError: No module named 'app.pipeline_director_v2'
FAILED tests/test_pipeline_director.py::TestBusinessTopologyStep::test_graph_is_materialized - ModuleNotFoundError: No module named 'app.pipeline_director_v2'
FAILED tests/test_pipeline_director.py::TestBusinessTopologyStep::test_validated_strata_updated - ModuleNotFoundError: No module named 'app.pipeline_director_v2'
FAILED tests/test_pipeline_director.py::TestBusinessTopologyStep::test_agent_failure_is_degraded_not_fatal - ModuleNotFoundError: No module named 'app.pipeline_director_v2'
FAILED tests/test_pipeline_director.py::TestMaterializationStep::test_materializes_bom_when_report_present - ModuleNotFoundError: No module named 'app.pipeline_director_v2'
FAILED tests/test_pipeline_director.py::TestBuildOutputStep::test_output_structure_is_data_product - ModuleNotFoundError: No module named 'app.pipeline_director_v2'
FAILED tests/test_pipeline_director.py::TestBuildOutputStep::test_output_includes_strata_validated - ModuleNotFoundError: No module named 'app.pipeline_director_v2'
FAILED tests/test_pipeline_director.py::TestProcessAllFiles::test_creates_default_telemetry_when_none - ModuleNotFoundError: No module named 'app.pipeline_director_v2'
FAILED tests/test_pipeline_director.py::TestProcessAllFiles::test_returns_data_product_not_raw_context - ModuleNotFoundError: No module named 'app.pipeline_director_v2'
FAILED tests/test_pipeline_director.py::TestProcessAllFiles::test_none_config_uses_empty_dict - ModuleNotFoundError: No module named 'app.pipeline_director_v2'
FAILED tests/test_pipeline_director.py::TestProcessAllFiles::test_propagates_pipeline_exception - ModuleNotFoundError: No module named 'app.pipeline_director_v2'
FAILED tests/test_pipeline_director.py::TestLightIntegration::test_three_step_pipeline_accumulates_context - AttributeError: 'MICRegistry' object has no attribute 'register_vector'
FAILED tests/test_pipeline_director.py::TestLightIntegration::test_strata_monotonicity_in_full_pipeline - AttributeError: 'MICRegistry' object has no attribute 'register_vector'
FAILED tests/test_pipeline_director.py::TestLightIntegration::test_mid_pipeline_failure_stops_execution - AttributeError: 'MICRegistry' object has no attribute 'register_vector'
FAILED tests/test_thermodynamics.py::TestFinancialEngine::test_analyze_project_thermodynamic_consistency - AssertionError: 0.1 != 0.1307124089769497 within 10 places (0.030712408976949684 difference)
FAILED tests/test_thermodynamics.py::TestFinancialEngine::test_temperature_change_inverse_law - TypeError: FinancialEngine.predict_temperature_change() got an unexpected keyword argument 'inertia_data'
FAILED tests/test_thermodynamics.py::TestFinancialEngine::test_temperature_change_linearity - TypeError: FinancialEngine.predict_temperature_change() got an unexpected keyword argument 'time_constant'
FAILED tests/test_thermodynamics.py::TestFinancialEngine::test_temperature_change_zero_inertia_passthrough - TypeError: FinancialEngine.predict_temperature_change() got an unexpected keyword argument 'inertia_data'
FAILED tests/test_thermodynamics.py::TestFinancialEngine::test_thermal_inertia_multiplicative - TypeError: FinancialEngine.calculate_financial_thermal_inertia() got an unexpected keyword argument 'project_complexity'
ERROR tests/test_flux_condenser.py::TestDataFluxCondenser::test_validate_file_exists - TypeError: DataFluxCondenser.__init__() missing 1 required positional argument: 'condenser_config'
ERROR tests/test_flux_condenser.py::TestDataFluxCondenser::test_validate_file_not_exists_raises - TypeError: DataFluxCondenser.__init__() missing 1 required positional argument: 'condenser_config'
ERROR tests/test_flux_condenser.py::TestDataFluxCondenser::test_validate_file_invalid_extension_raises - TypeError: DataFluxCondenser.__init__() missing 1 required positional argument: 'condenser_config'
ERROR tests/test_flux_condenser.py::TestDataFluxCondenser::test_validate_file_too_small_raises - TypeError: DataFluxCondenser.__init__() missing 1 required positional argument: 'condenser_config'
ERROR tests/test_flux_condenser.py::TestDataFluxCondenser::test_validate_directory_raises - TypeError: DataFluxCondenser.__init__() missing 1 required positional argument: 'condenser_config'
ERROR tests/test_flux_condenser.py::TestDataFluxCondenser::test_estimate_cache_hits_with_overlap - TypeError: DataFluxCondenser.__init__() missing 1 required positional argument: 'condenser_config'
ERROR tests/test_flux_condenser.py::TestDataFluxCondenser::test_estimate_cache_hits_empty_cache - TypeError: DataFluxCondenser.__init__() missing 1 required positional argument: 'condenser_config'
ERROR tests/test_flux_condenser.py::TestDataFluxCondenser::test_estimate_cache_hits_empty_batch - TypeError: DataFluxCondenser.__init__() missing 1 required positional argument: 'condenser_config'
ERROR tests/test_flux_condenser.py::TestDataFluxCondenser::test_predict_saturation_increasing_trend - TypeError: DataFluxCondenser.__init__() missing 1 required positional argument: 'condenser_config'
ERROR tests/test_flux_condenser.py::TestDataFluxCondenser::test_predict_saturation_decreasing_trend - TypeError: DataFluxCondenser.__init__() missing 1 required positional argument: 'condenser_config'
ERROR tests/test_flux_condenser.py::TestDataFluxCondenser::test_predict_saturation_stable - TypeError: DataFluxCondenser.__init__() missing 1 required positional argument: 'condenser_config'
ERROR tests/test_flux_condenser.py::TestDataFluxCondenser::test_predict_saturation_insufficient_history - TypeError: DataFluxCondenser.__init__() missing 1 required positional argument: 'condenser_config'
ERROR tests/test_flux_condenser.py::TestDataFluxCondenser::test_predict_saturation_empty_history - TypeError: DataFluxCondenser.__init__() missing 1 required positional argument: 'condenser_config'
ERROR tests/test_flux_condenser.py::TestDataFluxCondenser::test_ekf_state_initialization - TypeError: DataFluxCondenser.__init__() missing 1 required positional argument: 'condenser_config'
ERROR tests/test_flux_condenser.py::TestDataFluxCondenser::test_recovery_direct_success - TypeError: DataFluxCondenser.__init__() missing 1 required positional argument: 'condenser_config'
ERROR tests/test_flux_condenser.py::TestDataFluxCondenser::test_recovery_binary_split_on_failure - TypeError: DataFluxCondenser.__init__() missing 1 required positional argument: 'condenser_config'
ERROR tests/test_flux_condenser.py::TestDataFluxCondenser::test_recovery_empty_batch_succeeds - TypeError: DataFluxCondenser.__init__() missing 1 required positional argument: 'condenser_config'
ERROR tests/test_flux_condenser.py::TestDataFluxCondenser::test_consolidate_multiple_dataframes - TypeError: DataFluxCondenser.__init__() missing 1 required positional argument: 'condenser_config'
ERROR tests/test_flux_condenser.py::TestDataFluxCondenser::test_consolidate_ignores_empty_dataframes - TypeError: DataFluxCondenser.__init__() missing 1 required positional argument: 'condenser_config'
ERROR tests/test_flux_condenser.py::TestDataFluxCondenser::test_consolidate_respects_limit - TypeError: DataFluxCondenser.__init__() missing 1 required positional argument: 'condenser_config'
ERROR tests/test_flux_condenser.py::TestDataFluxCondenser::test_validate_output_empty_warning - TypeError: DataFluxCondenser.__init__() missing 1 required positional argument: 'condenser_config'
ERROR tests/test_flux_condenser.py::TestDataFluxCondenser::test_get_system_health_reports_healthy - TypeError: DataFluxCondenser.__init__() missing 1 required positional argument: 'condenser_config'
ERROR tests/test_flux_condenser.py::TestIntegration::test_stabilize_empty_path_raises - TypeError: DataFluxCondenser.__init__() missing 1 required positional argument: 'condenser_config'
ERROR tests/test_flux_condenser.py::TestPerformance::test_prediction_performance - TypeError: DataFluxCondenser.__init__() missing 1 required positional argument: 'condenser_config'
ERROR tests/test_pipeline_director.py::TestContextPersistence::test_save_and_load_roundtrip - AttributeError: 'MICRegistry' object has no attribute 'register_vector'
ERROR tests/test_pipeline_director.py::TestContextPersistence::test_load_nonexistent_session_returns_empty_dict - AttributeError: 'MICRegistry' object has no attribute 'register_vector'
ERROR tests/test_pipeline_director.py::TestContextPersistence::test_load_empty_session_id_returns_empty_dict - AttributeError: 'MICRegistry' object has no attribute 'register_vector'
ERROR tests/test_pipeline_director.py::TestContextPersistence::test_atomic_write_no_temp_files_remain - AttributeError: 'MICRegistry' object has no attribute 'register_vector'
ERROR tests/test_pipeline_director.py::TestContextPersistence::test_load_validates_type_is_dict - AttributeError: 'MICRegistry' object has no attribute 'register_vector'
ERROR tests/test_pipeline_director.py::TestContextPersistence::test_load_handles_corrupted_file - AttributeError: 'MICRegistry' object has no attribute 'register_vector'
ERROR tests/test_pipeline_director.py::TestContextPersistence::test_cleanup_session_removes_file - AttributeError: 'MICRegistry' object has no attribute 'register_vector'
ERROR tests/test_pipeline_director.py::TestContextPersistence::test_cleanup_nonexistent_session_is_noop - AttributeError: 'MICRegistry' object has no attribute 'register_vector'
ERROR tests/test_pipeline_director.py::TestContextPersistence::test_save_with_dataframe - AttributeError: 'MICRegistry' object has no attribute 'register_vector'
ERROR tests/test_pipeline_director.py::TestStratumInference::test_empty_context_returns_none - AttributeError: 'MICRegistry' object has no attribute 'register_vector'
ERROR tests/test_pipeline_director.py::TestStratumInference::test_physics_context_detected - AttributeError: 'MICRegistry' object has no attribute 'register_vector'
ERROR tests/test_pipeline_director.py::TestStratumInference::test_tactics_context_detected - AttributeError: 'MICRegistry' object has no attribute 'register_vector'
ERROR tests/test_pipeline_director.py::TestStratumInference::test_strategy_context_detected - AttributeError: 'MICRegistry' object has no attribute 'register_vector'
ERROR tests/test_pipeline_director.py::TestStratumInference::test_wisdom_context_detected - AttributeError: 'MICRegistry' object has no attribute 'register_vector'
ERROR tests/test_pipeline_director.py::TestStratumInference::test_irrelevant_keys_ignored - AttributeError: 'MICRegistry' object has no attribute 'register_vector'
ERROR tests/test_pipeline_director.py::TestStratumInference::test_single_strategy_key_sufficient - AttributeError: 'MICRegistry' object has no attribute 'register_vector'
ERROR tests/test_pipeline_director.py::TestStratumInference::test_monotonicity_through_pipeline - AttributeError: 'MICRegistry' object has no attribute 'register_vector'
ERROR tests/test_pipeline_director.py::TestPipelineDirector::test_initialization_loads_all_canonical_steps - AttributeError: 'MICRegistry' object has no attribute 'register_vector'
ERROR tests/test_pipeline_director.py::TestPipelineDirector::test_initialization_dimension_matches_enum - AttributeError: 'MICRegistry' object has no attribute 'register_vector'
ERROR tests/test_pipeline_director.py::TestPipelineDirector::test_stratum_assignments_respect_filtration - AttributeError: 'MICRegistry' object has no attribute 'register_vector'
ERROR tests/test_pipeline_director.py::TestPipelineDirector::test_registration_order_matches_enum_order - AttributeError: 'MICRegistry' object has no attribute 'register_vector'
ERROR tests/test_pipeline_director.py::TestPipelineDirector::test_run_single_step_success - AttributeError: 'MICRegistry' object has no attribute 'register_vector'
ERROR tests/test_pipeline_director.py::TestPipelineDirector::test_run_single_step_error_returns_error_status - AttributeError: 'MICRegistry' object has no attribute 'register_vector'
ERROR tests/test_pipeline_director.py::TestPipelineDirector::test_run_single_step_preserves_pre_error_context - AttributeError: 'MICRegistry' object has no attribute 'register_vector'
ERROR tests/test_pipeline_director.py::TestPipelineDirector::test_run_single_step_nonexistent_step - AttributeError: 'MICRegistry' object has no attribute 'register_vector'
ERROR tests/test_pipeline_director.py::TestPipelineDirector::test_run_single_step_null_context_from_step_is_error - AttributeError: 'MICRegistry' object has no attribute 'register_vector'
ERROR tests/test_pipeline_director.py::TestPipelineDirector::test_run_single_step_session_context_takes_precedence - AttributeError: 'MICRegistry' object has no attribute 'register_vector'
ERROR tests/test_pipeline_director.py::TestPipelineDirector::test_stratum_regression_warning - AttributeError: 'MICRegistry' object has no attribute 'register_vector'
ERROR tests/test_pipeline_director.py::TestPipelineOrchestration::test_full_pipeline_runs_all_steps_in_order - AttributeError: 'MICRegistry' object has no attribute 'register_vector'
ERROR tests/test_pipeline_director.py::TestPipelineOrchestration::test_disabled_step_is_skipped - AttributeError: 'MICRegistry' object has no attribute 'register_vector'
ERROR tests/test_pipeline_director.py::TestPipelineOrchestration::test_pipeline_failure_raises_runtime_error - AttributeError: 'MICRegistry' object has no attribute 'register_vector'
ERROR tests/test_pipeline_director.py::TestPipelineOrchestration::test_pipeline_failure_preserves_session_for_forensics - AttributeError: 'MICRegistry' object has no attribute 'register_vector'
ERROR tests/test_pipeline_director.py::TestPipelineOrchestration::test_pipeline_success_cleans_session - AttributeError: 'MICRegistry' object has no attribute 'register_vector'
ERROR tests/test_pipeline_director.py::TestPipelineOrchestration::test_pipeline_verifies_initial_save - AttributeError: 'MICRegistry' object has no attribute 'register_vector'
ERROR tests/test_pipeline_director.py::TestPipelineOrchestration::test_custom_recipe_overrides_default - AttributeError: 'MICRegistry' object has no attribute 'register_vector'
ERROR tests/test_pipeline_director.py::TestPipelineOrchestration::test_recipe_entry_without_step_key_is_skipped - AttributeError: 'MICRegistry' object has no attribute 'register_vector'
============ 44 failed, 3958 passed, 9 skipped, 79 warnings, 60 errors in 69.51s (0:01:09) =============
