================================================ test session starts =================================================
platform linux -- Python 3.10.19, pytest-8.4.2, pluggy-1.6.0 -- /home/gerardo/miniconda3/envs/ap_filter_env/bin/python
cachedir: .pytest_cache
rootdir: /home/gerardo/Documentos/GitHub/apu_filter
configfile: pyproject.toml
collected 1 item                                                                                                     

tests/test_schemas.py::test_insumo_procesado_creacion_correcta FAILED                                          [100%]

====================================================== FAILURES ======================================================
______________________________________ test_insumo_procesado_creacion_correcta _______________________________________

base_insumo_data = {'cantidad': 10.5, 'categoria': 'SUMINISTRO', 'codigo_apu': 'APU-001', 'descripcion_apu': 'Construcción de muro de concreto', ...}

    def test_insumo_procesado_creacion_correcta(base_insumo_data):
        """Prueba que InsumoProcesado se crea correctamente y normaliza campos."""
        insumo = InsumoProcesado(**base_insumo_data)
        assert insumo.codigo_apu == "APU-001"
>       assert insumo.descripcion_apu == "CONSTRUCCIÓN DE MURO DE CONCRETO"
E       AssertionError: assert 'CONSTRUCCION DE MURO DE CONCRETO' == 'CONSTRUCCIÓN DE MURO DE CONCRETO'
E         
E         - CONSTRUCCIÓN DE MURO DE CONCRETO
E         ?           ^
E         + CONSTRUCCION DE MURO DE CONCRETO
E         ?           ^

tests/test_schemas.py:131: AssertionError
============================================== short test summary info ===============================================
FAILED tests/test_schemas.py::test_insumo_procesado_creacion_correcta - AssertionError: assert 'CONSTRUCCION DE MURO DE CONCRETO' == 'CONSTRUCCIÓN DE MURO DE CONCRETO'
  
  - CONSTRUCCIÓN DE MURO DE CONCRETO
  ?           ^
  + CONSTRUCCION DE MURO DE CONCRETO
  ?           ^
================================================= 1 failed in 0.41s ==================================================