============================= test session starts ==============================
platform linux -- Python 3.10.19, pytest-8.4.2, pluggy-1.6.0 -- /home/gerardo/miniconda3/envs/apu_filter_env/bin/python
cachedir: .pytest_cache
hypothesis profile 'default'
rootdir: /home/gerardo/Documentos/GitHub/apu_filter
configfile: pyproject.toml
plugins: anyio-4.12.1, hypothesis-6.151.9
collected 6385 items / 1 error / 1 skipped                                     

==================================== ERRORS ====================================
_______ ERROR collecting tests/unit/omega/test_deliberation_manifold.py ________
ImportError while importing test module '/home/gerardo/Documentos/GitHub/apu_filter/tests/unit/omega/test_deliberation_manifold.py'.
Hint: make sure your test modules/packages have valid Python names.
Traceback:
../../../miniconda3/envs/apu_filter_env/lib/python3.10/site-packages/_pytest/python.py:498: in importtestmodule
    mod = import_path(
../../../miniconda3/envs/apu_filter_env/lib/python3.10/site-packages/_pytest/pathlib.py:587: in import_path
    importlib.import_module(module_name)
../../../miniconda3/envs/apu_filter_env/lib/python3.10/importlib/__init__.py:126: in import_module
    return _bootstrap._gcd_import(name[level:], package, level)
<frozen importlib._bootstrap>:1050: in _gcd_import
    ???
<frozen importlib._bootstrap>:1027: in _find_and_load
    ???
<frozen importlib._bootstrap>:1006: in _find_and_load_unlocked
    ???
<frozen importlib._bootstrap>:688: in _load_unlocked
    ???
../../../miniconda3/envs/apu_filter_env/lib/python3.10/site-packages/_pytest/assertion/rewrite.py:186: in exec_module
    exec(co, module.__dict__)
tests/unit/omega/test_deliberation_manifold.py:41: in <module>
    from app.deliberation_manifold import (
E   ModuleNotFoundError: No module named 'app.deliberation_manifold'
=============================== warnings summary ===============================
app/wisdom/semantic_translator.py:1
  /home/gerardo/Documentos/GitHub/apu_filter/app/wisdom/semantic_translator.py:1: DeprecationWarning: invalid escape sequence '\l'
    """

<unknown>:1
  <unknown>:1: DeprecationWarning: invalid escape sequence '\l'

-- Docs: https://docs.pytest.org/en/stable/how-to/capture-warnings.html
=========================== short test summary info ============================
ERROR tests/unit/omega/test_deliberation_manifold.py
!!!!!!!!!!!!!!!!!!!! Interrupted: 1 error during collection !!!!!!!!!!!!!!!!!!!!
=================== 1 skipped, 2 warnings, 1 error in 15.82s ===================
