============================= test session starts ==============================
platform linux -- Python 3.10.19, pytest-8.4.2, pluggy-1.6.0 -- /home/gerardo/miniconda3/envs/apu_filter_env/bin/python
cachedir: .pytest_cache
hypothesis profile 'default'
rootdir: /home/gerardo/Documentos/GitHub/apu_filter
configfile: pyproject.toml
plugins: anyio-4.12.1, hypothesis-6.151.9
collected 5919 items / 1 skipped                                               

dev_tools/test_diagnose_grammar.py::TestBasicFunctionality::test_diagnose_all_valid_lines PASSED [  0%]
dev_tools/test_diagnose_grammar.py::TestBasicFunctionality::test_diagnose_all_invalid_lines PASSED [  0%]
dev_tools/test_diagnose_grammar.py::TestBasicFunctionality::test_diagnose_mixed_valid_invalid PASSED [  0%]
dev_tools/test_diagnose_grammar.py::TestBasicFunctionality::test_skip_apu_headers PASSED [  0%]
dev_tools/test_diagnose_grammar.py::TestPatternAnalysis::test_detect_empty_fields PASSED [  0%]
dev_tools/test_diagnose_grammar.py::TestPatternAnalysis::test_failure_rate_calculation PASSED [  0%]
dev_tools/test_diagnose_grammar.py::TestPatternAnalysis::test_sample_limit_respected PASSED [  0%]
dev_tools/test_diagnose_grammar.py::TestErrorHandling::test_file_not_found PASSED [  0%]
dev_tools/test_diagnose_grammar.py::TestErrorHandling::test_invalid_grammar PASSED [  0%]
dev_tools/test_diagnose_grammar.py::TestErrorHandling::test_empty_csv_file PASSED [  0%]
dev_tools/test_diagnose_grammar.py::TestErrorHandling::test_csv_with_only_whitespace PASSED [  0%]
dev_tools/test_diagnose_grammar.py::TestErrorHandling::test_csv_with_special_characters PASSED [  0%]
dev_tools/test_diagnose_grammar.py::TestErrorHandling::test_invalid_encoding_handling PASSED [  0%]
dev_tools/test_diagnose_grammar.py::TestLarkErrorTypes::test_unexpected_input_error PASSED [  0%]
dev_tools/test_diagnose_grammar.py::TestLarkErrorTypes::test_unexpected_characters_error PASSED [  0%]
dev_tools/test_diagnose_grammar.py::TestLarkErrorTypes::test_parse_error_generic PASSED [  0%]
dev_tools/test_diagnose_grammar.py::TestOutputFormat::test_output_file_structure PASSED [  0%]
dev_tools/test_diagnose_grammar.py::TestOutputFormat::test_output_file_encoding_utf8 PASSED [  0%]
dev_tools/test_diagnose_grammar.py::TestOutputFormat::test_output_detailed_error_info PASSED [  0%]
dev_tools/test_diagnose_grammar.py::TestLogging::test_logger_info_called PASSED [  0%]
dev_tools/test_diagnose_grammar.py::TestLogging::test_logger_includes_output_path PASSED [  0%]
dev_tools/test_diagnose_grammar.py::TestReturnValue::test_return_type_is_list PASSED [  0%]
dev_tools/test_diagnose_grammar.py::TestReturnValue::test_return_structure_complete PASSED [  0%]
dev_tools/test_diagnose_grammar.py::TestReturnValue::test_return_preserves_order PASSED [  0%]
dev_tools/test_diagnose_grammar.py::TestPerformance::test_handles_large_file PASSED [  0%]
dev_tools/test_diagnose_grammar.py::TestPerformance::test_memory_efficient_with_large_errors PASSED [  0%]
dev_tools/test_diagnose_grammar.py::TestEdgeCases::test_line_with_semicolon_in_description PASSED [  0%]
dev_tools/test_diagnose_grammar.py::TestEdgeCases::test_line_with_only_semicolons PASSED [  0%]
dev_tools/test_diagnose_grammar.py::TestEdgeCases::test_line_exceeding_typical_length PASSED [  0%]
dev_tools/test_diagnose_grammar.py::TestEdgeCases::test_mixed_line_endings PASSED [  0%]
dev_tools/test_diagnose_grammar.py::TestDifferentGrammars::test_with_optional_fields_grammar PASSED [  0%]
dev_tools/test_diagnose_grammar.py::TestDifferentGrammars::test_with_strict_grammar PASSED [  0%]
dev_tools/test_diagnose_grammar.py::TestDifferentGrammars::test_with_number_format_variations PASSED [  0%]
dev_tools/test_diagnose_grammar.py::TestConfiguration::test_with_different_profiles PASSED [  0%]
dev_tools/test_diagnose_grammar.py::TestConfiguration::test_custom_output_path PASSED [  0%]
dev_tools/test_diagnose_grammar.py::TestConfiguration::test_output_file_overwrite PASSED [  0%]
dev_tools/test_diagnose_grammar.py::TestRegression::test_empty_field_at_end_of_line PASSED [  0%]
dev_tools/test_diagnose_grammar.py::TestRegression::test_unicode_normalization PASSED [  0%]
tests/integration/pipeline/test_dikw_pipeline_integration.py::TestPipelineDirectorProperties::test_dag_is_acyclic PASSED [  0%]
tests/integration/pipeline/test_dikw_pipeline_integration.py::TestPipelineDirectorProperties::test_dag_has_nodes PASSED [  0%]
tests/integration/pipeline/test_dikw_pipeline_integration.py::TestPipelineDirectorProperties::test_dag_has_edges PASSED [  0%]
tests/integration/pipeline/test_dikw_pipeline_integration.py::TestPipelineDirectorProperties::test_dag_structure_is_deterministic PASSED [  0%]
tests/integration/pipeline/test_dikw_pipeline_integration.py::TestPipelineDirectorProperties::test_dag_topological_order_exists PASSED [  0%]
tests/integration/pipeline/test_dikw_pipeline_integration.py::TestGreatWaveCollapse::test_state_purity PASSED [  0%]
tests/integration/pipeline/test_dikw_pipeline_integration.py::TestGreatWaveCollapse::test_hash_evolution PASSED [  0%]
tests/integration/pipeline/test_dikw_pipeline_integration.py::TestGreatWaveCollapse::test_monotone_stratum_evolution PASSED [  0%]
tests/integration/pipeline/test_dikw_pipeline_integration.py::TestGreatWaveCollapse::test_stratum_subset_chain PASSED [  0%]
tests/integration/pipeline/test_dikw_pipeline_integration.py::TestGreatWaveCollapse::test_final_state_contains_all_strata PASSED [  0%]
tests/integration/pipeline/test_dikw_pipeline_integration.py::TestGreatWaveCollapse::test_final_product_structure PASSED [  0%]
tests/integration/pipeline/test_dikw_pipeline_integration.py::TestGreatWaveCollapse::test_lineage_hash_points_to_wisdom PASSED [  0%]
tests/integration/pipeline/test_dikw_pipeline_integration.py::TestGreatWaveCollapse::test_initial_hash_differs_from_final PASSED [  0%]
tests/integration/pipeline/test_dikw_pipeline_integration.py::TestGreatWaveCollapse::test_wisdom_hash_differs_from_final PASSED [  0%]
tests/integration/pipeline/test_dikw_pipeline_integration.py::TestDataLineagePreservation::test_original_dataframe_survives PASSED [  0%]
tests/integration/pipeline/test_dikw_pipeline_integration.py::TestDataLineagePreservation::test_composition_trace_contains_all_morphisms PASSED [  0%]
tests/integration/pipeline/test_dikw_pipeline_integration.py::TestDataLineagePreservation::test_composition_trace_order PASSED [  0%]
tests/integration/pipeline/test_dikw_pipeline_integration.py::TestDataLineagePreservation::test_payload_keys_preserved PASSED [  0%]
tests/integration/pipeline/test_dikw_pipeline_integration.py::TestCategoricalProperties::test_identity_transition_is_neutral PASSED [  0%]
tests/integration/pipeline/test_dikw_pipeline_integration.py::TestCategoricalProperties::test_composition_is_associative PASSED [  0%]
tests/integration/pipeline/test_dikw_pipeline_integration.py::TestCategoricalProperties::test_morphism_composition_preserves_payload PASSED [  0%]
tests/integration/pipeline/test_dikw_pipeline_integration.py::TestCategoricalProperties::test_transition_produces_new_object PASSED [  1%]
tests/integration/pipeline/test_dikw_pipeline_integration.py::TestCategoricalProperties::test_original_state_unchanged_after_transition PASSED [  1%]
tests/integration/pipeline/test_dikw_pipeline_integration.py::TestOrderTheoryProperties::test_stratum_order_is_total PASSED [  1%]
tests/integration/pipeline/test_dikw_pipeline_integration.py::TestOrderTheoryProperties::test_stratum_order_is_transitive PASSED [  1%]
tests/integration/pipeline/test_dikw_pipeline_integration.py::TestOrderTheoryProperties::test_stratum_order_is_antisymmetric PASSED [  1%]
tests/integration/pipeline/test_dikw_pipeline_integration.py::TestOrderTheoryProperties::test_validated_strata_form_downward_closure PASSED [  1%]
tests/integration/pipeline/test_dikw_pipeline_integration.py::TestOrderTheoryProperties::test_max_stratum_level_increases PASSED [  1%]
tests/integration/pipeline/test_dikw_pipeline_integration.py::TestDiagramCommutativity::test_different_orderings_same_final_strata PASSED [  1%]
tests/integration/pipeline/test_dikw_pipeline_integration.py::TestDiagramCommutativity::test_repeated_transitions_idempotent_on_strata PASSED [  1%]
tests/integration/pipeline/test_dikw_pipeline_integration.py::TestDiagramCommutativity::test_full_path_equivalence PASSED [  1%]
tests/integration/pipeline/test_dikw_pipeline_integration.py::TestEdgeCases::test_empty_initial_state PASSED [  1%]
tests/integration/pipeline/test_dikw_pipeline_integration.py::TestEdgeCases::test_large_payload_preservation PASSED [  1%]
tests/integration/pipeline/test_dikw_pipeline_integration.py::TestEdgeCases::test_single_stratum_transition PASSED [  1%]
tests/integration/pipeline/test_dikw_pipeline_integration.py::TestEdgeCases::test_skip_stratum_if_allowed PASSED [  1%]
tests/integration/pipeline/test_dikw_pipeline_integration.py::TestEdgeCases::test_hash_uniqueness_across_different_payloads PASSED [  1%]
tests/integration/pipeline/test_dikw_pipeline_integration.py::TestEdgeCases::test_context_preservation PASSED [  1%]
tests/integration/pipeline/test_dikw_pipeline_integration.py::TestPerformanceSmoke::test_many_transitions_performance PASSED [  1%]
tests/integration/pipeline/test_dikw_pipeline_integration.py::TestPerformanceSmoke::test_large_trace_does_not_explode PASSED [  1%]
tests/integration/pipeline/test_dikw_pipeline_integration.py::TestGlobalInvariants::test_hash_is_deterministic PASSED [  1%]
tests/integration/pipeline/test_dikw_pipeline_integration.py::TestGlobalInvariants::test_hash_length_is_consistent PASSED [  1%]
tests/integration/pipeline/test_dikw_pipeline_integration.py::TestGlobalInvariants::test_success_states_remain_successful PASSED [  1%]
tests/integration/pipeline/test_dikw_pipeline_integration.py::TestGlobalInvariants::test_no_none_hashes PASSED [  1%]
tests/integration/strata_transitions/test_agent_reflex_to_physics.py::TestOrientPhase::test_normal_flyback_returns_nominal PASSED [  1%]
tests/integration/strata_transitions/test_agent_reflex_to_physics.py::TestOrientPhase::test_crisis_flyback_returns_critico PASSED [  1%]
tests/integration/strata_transitions/test_agent_reflex_to_physics.py::TestOrientPhase::test_zero_flyback_returns_nominal PASSED [  1%]
tests/integration/strata_transitions/test_agent_reflex_to_physics.py::TestOrientPhase::test_exact_threshold_returns_nominal PASSED [  1%]
tests/integration/strata_transitions/test_agent_reflex_to_physics.py::TestOrientPhase::test_just_below_threshold_returns_nominal PASSED [  1%]
tests/integration/strata_transitions/test_agent_reflex_to_physics.py::TestOrientPhase::test_just_above_threshold_returns_critico PASSED [  1%]
tests/integration/strata_transitions/test_agent_reflex_to_physics.py::TestOrientPhase::test_boundary_neighborhood_continuity PASSED [  1%]
tests/integration/strata_transitions/test_agent_reflex_to_physics.py::TestOrientPhase::test_orient_is_deterministic PASSED [  1%]
tests/integration/strata_transitions/test_agent_reflex_to_physics.py::TestOrientPhase::test_orient_is_pure_function PASSED [  1%]
tests/integration/strata_transitions/test_agent_reflex_to_physics.py::TestOrientPhase::test_orient_does_not_contaminate_subsequent_normal_reading PASSED [  1%]
tests/integration/strata_transitions/test_agent_reflex_to_physics.py::TestOrientPhase::test_orient_is_invariant_under_saturation[0.1-SystemStatus.NOMINAL] PASSED [  1%]
tests/integration/strata_transitions/test_agent_reflex_to_physics.py::TestOrientPhase::test_orient_is_invariant_under_saturation[0.8-SystemStatus.NOMINAL] PASSED [  1%]
tests/integration/strata_transitions/test_agent_reflex_to_physics.py::TestOrientPhase::test_orient_is_invariant_under_saturation[0.8000000000000002-SystemStatus.CRITICO] PASSED [  1%]
tests/integration/strata_transitions/test_agent_reflex_to_physics.py::TestOrientPhase::test_orient_is_invariant_under_saturation[9.5-SystemStatus.CRITICO] PASSED [  1%]
tests/integration/strata_transitions/test_agent_reflex_to_physics.py::TestOrientPhase::test_orient_saturation_independence_exhaustive PASSED [  1%]
tests/integration/strata_transitions/test_agent_reflex_to_physics.py::TestOrientPhase::test_orient_is_monotone_in_flyback PASSED [  1%]
tests/integration/strata_transitions/test_agent_reflex_to_physics.py::TestOrientPhase::test_orient_implements_heaviside_function PASSED [  1%]
tests/integration/strata_transitions/test_agent_reflex_to_physics.py::TestOrientPhase::test_orient_transition_point_uniqueness PASSED [  1%]
tests/integration/strata_transitions/test_agent_reflex_to_physics.py::TestOrientPhase::test_orient_classification_table[0.0-SystemStatus.NOMINAL] PASSED [  1%]
tests/integration/strata_transitions/test_agent_reflex_to_physics.py::TestOrientPhase::test_orient_classification_table[0.1-SystemStatus.NOMINAL] PASSED [  1%]
tests/integration/strata_transitions/test_agent_reflex_to_physics.py::TestOrientPhase::test_orient_classification_table[0.7999999999999999-SystemStatus.NOMINAL] PASSED [  1%]
tests/integration/strata_transitions/test_agent_reflex_to_physics.py::TestOrientPhase::test_orient_classification_table[0.8-SystemStatus.NOMINAL] PASSED [  1%]
tests/integration/strata_transitions/test_agent_reflex_to_physics.py::TestOrientPhase::test_orient_classification_table[0.8000000000000002-SystemStatus.CRITICO] PASSED [  1%]
tests/integration/strata_transitions/test_agent_reflex_to_physics.py::TestOrientPhase::test_orient_classification_table[1.0-SystemStatus.CRITICO] PASSED [  1%]
tests/integration/strata_transitions/test_agent_reflex_to_physics.py::TestOrientPhase::test_orient_classification_table[9.5-SystemStatus.CRITICO] PASSED [  1%]
tests/integration/strata_transitions/test_agent_reflex_to_physics.py::TestNumericalRobustness::test_subnormal_positive_classified_as_nominal PASSED [  1%]
tests/integration/strata_transitions/test_agent_reflex_to_physics.py::TestNumericalRobustness::test_min_positive_normal_classified_as_nominal PASSED [  1%]
tests/integration/strata_transitions/test_agent_reflex_to_physics.py::TestNumericalRobustness::test_large_flyback_classified_as_critico PASSED [  1%]
tests/integration/strata_transitions/test_agent_reflex_to_physics.py::TestNumericalRobustness::test_boundary_saturation_values[0.0] PASSED [  1%]
tests/integration/strata_transitions/test_agent_reflex_to_physics.py::TestNumericalRobustness::test_boundary_saturation_values[5e-324] PASSED [  1%]
tests/integration/strata_transitions/test_agent_reflex_to_physics.py::TestNumericalRobustness::test_boundary_saturation_values[0.5] PASSED [  1%]
tests/integration/strata_transitions/test_agent_reflex_to_physics.py::TestNumericalRobustness::test_boundary_saturation_values[0.95] PASSED [  1%]
tests/integration/strata_transitions/test_agent_reflex_to_physics.py::TestNumericalRobustness::test_floating_point_comparison_consistency PASSED [  1%]
tests/integration/strata_transitions/test_agent_reflex_to_physics.py::TestDecidePhase::test_critico_produces_alerta_critica PASSED [  1%]
tests/integration/strata_transitions/test_agent_reflex_to_physics.py::TestDecidePhase::test_nominal_does_not_produce_alerta_critica PASSED [  1%]
tests/integration/strata_transitions/test_agent_reflex_to_physics.py::TestDecidePhase::test_decide_is_deterministic_for_each_status[SystemStatus.NOMINAL] PASSED [  1%]
tests/integration/strata_transitions/test_agent_reflex_to_physics.py::TestDecidePhase::test_decide_is_deterministic_for_each_status[SystemStatus.UNKNOWN] PASSED [  1%]
tests/integration/strata_transitions/test_agent_reflex_to_physics.py::TestDecidePhase::test_decide_is_deterministic_for_each_status[SystemStatus.INESTABLE] PASSED [  2%]
tests/integration/strata_transitions/test_agent_reflex_to_physics.py::TestDecidePhase::test_decide_is_deterministic_for_each_status[SystemStatus.SATURADO] PASSED [  2%]
tests/integration/strata_transitions/test_agent_reflex_to_physics.py::TestDecidePhase::test_decide_is_deterministic_for_each_status[SystemStatus.CRITICO] PASSED [  2%]
tests/integration/strata_transitions/test_agent_reflex_to_physics.py::TestDecidePhase::test_decide_is_deterministic_for_each_status[SystemStatus.DISCONNECTED] PASSED [  2%]
tests/integration/strata_transitions/test_agent_reflex_to_physics.py::TestDecidePhase::test_decide_returns_agent_decision_or_none[SystemStatus.NOMINAL] PASSED [  2%]
tests/integration/strata_transitions/test_agent_reflex_to_physics.py::TestDecidePhase::test_decide_returns_agent_decision_or_none[SystemStatus.UNKNOWN] PASSED [  2%]
tests/integration/strata_transitions/test_agent_reflex_to_physics.py::TestDecidePhase::test_decide_returns_agent_decision_or_none[SystemStatus.INESTABLE] PASSED [  2%]
tests/integration/strata_transitions/test_agent_reflex_to_physics.py::TestDecidePhase::test_decide_returns_agent_decision_or_none[SystemStatus.SATURADO] PASSED [  2%]
tests/integration/strata_transitions/test_agent_reflex_to_physics.py::TestDecidePhase::test_decide_returns_agent_decision_or_none[SystemStatus.CRITICO] PASSED [  2%]
tests/integration/strata_transitions/test_agent_reflex_to_physics.py::TestDecidePhase::test_decide_returns_agent_decision_or_none[SystemStatus.DISCONNECTED] PASSED [  2%]
tests/integration/strata_transitions/test_agent_reflex_to_physics.py::TestDecidePhase::test_decide_is_pure_function PASSED [  2%]
tests/integration/strata_transitions/test_agent_reflex_to_physics.py::TestDecidePhase::test_decide_idempotence PASSED [  2%]
tests/integration/strata_transitions/test_agent_reflex_to_physics.py::TestOODAReflexLoop::test_pipeline_matches_domain_contract[0.0-SystemStatus.NOMINAL-False] PASSED [  2%]
tests/integration/strata_transitions/test_agent_reflex_to_physics.py::TestOODAReflexLoop::test_pipeline_matches_domain_contract[0.1-SystemStatus.NOMINAL-False] PASSED [  2%]
tests/integration/strata_transitions/test_agent_reflex_to_physics.py::TestOODAReflexLoop::test_pipeline_matches_domain_contract[0.7999999999999999-SystemStatus.NOMINAL-False] PASSED [  2%]
tests/integration/strata_transitions/test_agent_reflex_to_physics.py::TestOODAReflexLoop::test_pipeline_matches_domain_contract[0.8-SystemStatus.NOMINAL-False] PASSED [  2%]
tests/integration/strata_transitions/test_agent_reflex_to_physics.py::TestOODAReflexLoop::test_pipeline_matches_domain_contract[0.8000000000000002-SystemStatus.CRITICO-True] PASSED [  2%]
tests/integration/strata_transitions/test_agent_reflex_to_physics.py::TestOODAReflexLoop::test_pipeline_matches_domain_contract[9.5-SystemStatus.CRITICO-True] PASSED [  2%]
tests/integration/strata_transitions/test_agent_reflex_to_physics.py::TestOODAReflexLoop::test_pipeline_normal_then_crisis_then_recovery PASSED [  2%]
tests/integration/strata_transitions/test_agent_reflex_to_physics.py::TestOODAReflexLoop::test_pipeline_composition_is_associative PASSED [  2%]
tests/integration/strata_transitions/test_agent_reflex_to_physics.py::TestOODAReflexLoop::test_pipeline_exhaustive_state_coverage PASSED [  2%]
tests/integration/strata_transitions/test_agent_reflex_to_physics.py::TestStateTransitionGraph::test_all_states_reachable_from_nominal PASSED [  2%]
tests/integration/strata_transitions/test_agent_reflex_to_physics.py::TestStateTransitionGraph::test_all_states_reachable_from_critico PASSED [  2%]
tests/integration/strata_transitions/test_agent_reflex_to_physics.py::TestStateTransitionGraph::test_state_graph_is_strongly_connected PASSED [  2%]
tests/integration/strata_transitions/test_agent_reflex_to_physics.py::TestStateTransitionGraph::test_transition_determinism PASSED [  2%]
tests/integration/strata_transitions/test_agent_reflex_to_physics.py::TestSystemStatusInvariants::test_nominal_and_critico_are_distinct PASSED [  2%]
tests/integration/strata_transitions/test_agent_reflex_to_physics.py::TestSystemStatusInvariants::test_nominal_value_is_expected PASSED [  2%]
tests/integration/strata_transitions/test_agent_reflex_to_physics.py::TestSystemStatusInvariants::test_critico_value_is_expected PASSED [  2%]
tests/integration/strata_transitions/test_agent_reflex_to_physics.py::TestSystemStatusInvariants::test_system_status_is_enum PASSED [  2%]
tests/integration/strata_transitions/test_agent_reflex_to_physics.py::TestSystemStatusInvariants::test_agent_decision_is_enum PASSED [  2%]
tests/integration/strata_transitions/test_agent_reflex_to_physics.py::TestSystemStatusInvariants::test_alerta_critica_value_is_expected PASSED [  2%]
tests/integration/strata_transitions/test_agent_reflex_to_physics.py::TestSystemStatusInvariants::test_system_status_exhaustive PASSED [  2%]
tests/integration/strata_transitions/test_agent_reflex_to_physics.py::TestSystemStatusInvariants::test_partition_is_exhaustive_and_disjoint PASSED [  2%]
tests/integration/strata_transitions/test_agent_reflex_to_physics.py::TestTelemetryDataContracts::test_flyback_voltage_stored_correctly PASSED [  2%]
tests/integration/strata_transitions/test_agent_reflex_to_physics.py::TestTelemetryDataContracts::test_saturation_stored_correctly PASSED [  2%]
tests/integration/strata_transitions/test_agent_reflex_to_physics.py::TestTelemetryDataContracts::test_zero_fields_valid PASSED [  2%]
tests/integration/strata_transitions/test_agent_reflex_to_physics.py::TestTelemetryDataContracts::test_crisis_fields_valid PASSED [  2%]
tests/integration/strata_transitions/test_agent_reflex_to_physics.py::TestTelemetryDataContracts::test_boundary_neighbor_values_are_preserved PASSED [  2%]
tests/integration/strata_transitions/test_agent_reflex_to_physics.py::TestTelemetryDataContracts::test_telemetry_equality_reflexive PASSED [  2%]
tests/integration/strata_transitions/test_agent_reflex_to_physics.py::TestTelemetryDataContracts::test_telemetry_equality_symmetric PASSED [  2%]
tests/integration/strata_transitions/test_agent_reflex_to_physics.py::TestTelemetryDataContracts::test_telemetry_inequality PASSED [  2%]
tests/integration/strata_transitions/test_agent_reflex_to_physics.py::TestPropertyBasedOrient::test_orient_output_is_valid_status[0.0] PASSED [  2%]
tests/integration/strata_transitions/test_agent_reflex_to_physics.py::TestPropertyBasedOrient::test_orient_output_is_valid_status[0.1] PASSED [  2%]
tests/integration/strata_transitions/test_agent_reflex_to_physics.py::TestPropertyBasedOrient::test_orient_output_is_valid_status[0.2] PASSED [  2%]
tests/integration/strata_transitions/test_agent_reflex_to_physics.py::TestPropertyBasedOrient::test_orient_output_is_valid_status[0.30000000000000004] PASSED [  2%]
tests/integration/strata_transitions/test_agent_reflex_to_physics.py::TestPropertyBasedOrient::test_orient_output_is_valid_status[0.4] PASSED [  2%]
tests/integration/strata_transitions/test_agent_reflex_to_physics.py::TestPropertyBasedOrient::test_orient_output_is_valid_status[0.5] PASSED [  2%]
tests/integration/strata_transitions/test_agent_reflex_to_physics.py::TestPropertyBasedOrient::test_orient_output_is_valid_status[0.6000000000000001] PASSED [  2%]
tests/integration/strata_transitions/test_agent_reflex_to_physics.py::TestPropertyBasedOrient::test_orient_output_is_valid_status[0.7000000000000001] PASSED [  2%]
tests/integration/strata_transitions/test_agent_reflex_to_physics.py::TestPropertyBasedOrient::test_orient_output_is_valid_status[0.8] PASSED [  2%]
tests/integration/strata_transitions/test_agent_reflex_to_physics.py::TestPropertyBasedOrient::test_orient_output_is_valid_status[0.9] PASSED [  2%]
tests/integration/strata_transitions/test_agent_reflex_to_physics.py::TestPropertyBasedOrient::test_orient_output_is_valid_status[1.0] PASSED [  2%]
tests/integration/strata_transitions/test_agent_reflex_to_physics.py::TestPropertyBasedOrient::test_orient_output_is_valid_status[1.1] PASSED [  2%]
tests/integration/strata_transitions/test_agent_reflex_to_physics.py::TestPropertyBasedOrient::test_orient_output_is_valid_status[1.2000000000000002] PASSED [  2%]
tests/integration/strata_transitions/test_agent_reflex_to_physics.py::TestPropertyBasedOrient::test_orient_output_is_valid_status[1.3] PASSED [  2%]
tests/integration/strata_transitions/test_agent_reflex_to_physics.py::TestPropertyBasedOrient::test_orient_output_is_valid_status[1.4000000000000001] PASSED [  2%]
tests/integration/strata_transitions/test_agent_reflex_to_physics.py::TestPropertyBasedOrient::test_orient_output_is_valid_status[1.5] PASSED [  2%]
tests/integration/strata_transitions/test_agent_reflex_to_physics.py::TestPropertyBasedOrient::test_orient_output_is_valid_status[1.6] PASSED [  2%]
tests/integration/strata_transitions/test_agent_reflex_to_physics.py::TestPropertyBasedOrient::test_orient_output_is_valid_status[1.7000000000000002] PASSED [  2%]
tests/integration/strata_transitions/test_agent_reflex_to_physics.py::TestPropertyBasedOrient::test_orient_output_is_valid_status[1.8] PASSED [  3%]
tests/integration/strata_transitions/test_agent_reflex_to_physics.py::TestPropertyBasedOrient::test_orient_output_is_valid_status[1.9000000000000001] PASSED [  3%]
tests/integration/strata_transitions/test_agent_reflex_to_physics.py::TestPropertyBasedOrient::test_orient_output_is_valid_status[9.5] PASSED [  3%]
tests/integration/strata_transitions/test_agent_reflex_to_physics.py::TestPropertyBasedOrient::test_orient_respects_threshold_contract[0.0] PASSED [  3%]
tests/integration/strata_transitions/test_agent_reflex_to_physics.py::TestPropertyBasedOrient::test_orient_respects_threshold_contract[0.1] PASSED [  3%]
tests/integration/strata_transitions/test_agent_reflex_to_physics.py::TestPropertyBasedOrient::test_orient_respects_threshold_contract[0.2] PASSED [  3%]
tests/integration/strata_transitions/test_agent_reflex_to_physics.py::TestPropertyBasedOrient::test_orient_respects_threshold_contract[0.30000000000000004] PASSED [  3%]
tests/integration/strata_transitions/test_agent_reflex_to_physics.py::TestPropertyBasedOrient::test_orient_respects_threshold_contract[0.4] PASSED [  3%]
tests/integration/strata_transitions/test_agent_reflex_to_physics.py::TestPropertyBasedOrient::test_orient_respects_threshold_contract[0.5] PASSED [  3%]
tests/integration/strata_transitions/test_agent_reflex_to_physics.py::TestPropertyBasedOrient::test_orient_respects_threshold_contract[0.6000000000000001] PASSED [  3%]
tests/integration/strata_transitions/test_agent_reflex_to_physics.py::TestPropertyBasedOrient::test_orient_respects_threshold_contract[0.7000000000000001] PASSED [  3%]
tests/integration/strata_transitions/test_agent_reflex_to_physics.py::TestPropertyBasedOrient::test_orient_respects_threshold_contract[0.8] PASSED [  3%]
tests/integration/strata_transitions/test_agent_reflex_to_physics.py::TestPropertyBasedOrient::test_orient_respects_threshold_contract[0.9] PASSED [  3%]
tests/integration/strata_transitions/test_agent_reflex_to_physics.py::TestPropertyBasedOrient::test_orient_respects_threshold_contract[1.0] PASSED [  3%]
tests/integration/strata_transitions/test_agent_reflex_to_physics.py::TestPropertyBasedOrient::test_orient_respects_threshold_contract[1.1] PASSED [  3%]
tests/integration/strata_transitions/test_agent_reflex_to_physics.py::TestPropertyBasedOrient::test_orient_respects_threshold_contract[1.2000000000000002] PASSED [  3%]
tests/integration/strata_transitions/test_agent_reflex_to_physics.py::TestPropertyBasedOrient::test_orient_respects_threshold_contract[1.3] PASSED [  3%]
tests/integration/strata_transitions/test_agent_reflex_to_physics.py::TestPropertyBasedOrient::test_orient_respects_threshold_contract[1.4000000000000001] PASSED [  3%]
tests/integration/strata_transitions/test_agent_reflex_to_physics.py::TestPropertyBasedOrient::test_orient_respects_threshold_contract[1.5] PASSED [  3%]
tests/integration/strata_transitions/test_agent_reflex_to_physics.py::TestPropertyBasedOrient::test_orient_respects_threshold_contract[1.6] PASSED [  3%]
tests/integration/strata_transitions/test_agent_reflex_to_physics.py::TestPropertyBasedOrient::test_orient_respects_threshold_contract[1.7000000000000002] PASSED [  3%]
tests/integration/strata_transitions/test_agent_reflex_to_physics.py::TestPropertyBasedOrient::test_orient_respects_threshold_contract[1.8] PASSED [  3%]
tests/integration/strata_transitions/test_agent_reflex_to_physics.py::TestPropertyBasedOrient::test_orient_respects_threshold_contract[1.9000000000000001] PASSED [  3%]
tests/integration/strata_transitions/test_agent_reflex_to_physics.py::TestPropertyBasedOrient::test_orient_respects_threshold_contract[9.5] PASSED [  3%]
tests/integration/strata_transitions/test_agent_reflex_to_physics.py::TestPropertyBasedOrient::test_orient_monotonicity_property[0.1-0.2] PASSED [  3%]
tests/integration/strata_transitions/test_agent_reflex_to_physics.py::TestPropertyBasedOrient::test_orient_monotonicity_property[0.5-0.7] PASSED [  3%]
tests/integration/strata_transitions/test_agent_reflex_to_physics.py::TestPropertyBasedOrient::test_orient_monotonicity_property[0.79-0.8] PASSED [  3%]
tests/integration/strata_transitions/test_agent_reflex_to_physics.py::TestPropertyBasedOrient::test_orient_monotonicity_property[0.8-0.81] PASSED [  3%]
tests/integration/strata_transitions/test_agent_reflex_to_physics.py::TestPropertyBasedOrient::test_orient_monotonicity_property[0.9-1.5] PASSED [  3%]
tests/integration/strata_transitions/test_strata_gatekeeper.py::TestTransitiveClosureProperties::test_prerequisites_match_specification[Stratum.WISDOM] PASSED [  3%]
tests/integration/strata_transitions/test_strata_gatekeeper.py::TestTransitiveClosureProperties::test_prerequisites_match_specification[Stratum.STRATEGY] PASSED [  3%]
tests/integration/strata_transitions/test_strata_gatekeeper.py::TestTransitiveClosureProperties::test_prerequisites_match_specification[Stratum.TACTICS] PASSED [  3%]
tests/integration/strata_transitions/test_strata_gatekeeper.py::TestTransitiveClosureProperties::test_prerequisites_match_specification[Stratum.PHYSICS] PASSED [  3%]
tests/integration/strata_transitions/test_strata_gatekeeper.py::TestTransitiveClosureProperties::test_physics_has_no_prerequisites PASSED [  3%]
tests/integration/strata_transitions/test_strata_gatekeeper.py::TestTransitiveClosureProperties::test_tactics_requires_only_physics PASSED [  3%]
tests/integration/strata_transitions/test_strata_gatekeeper.py::TestTransitiveClosureProperties::test_strategy_requires_physics_and_tactics PASSED [  3%]
tests/integration/strata_transitions/test_strata_gatekeeper.py::TestTransitiveClosureProperties::test_wisdom_requires_all_lower_strata PASSED [  3%]
tests/integration/strata_transitions/test_strata_gatekeeper.py::TestTransitiveClosureProperties::test_prerequisites_are_transitive PASSED [  3%]
tests/integration/strata_transitions/test_strata_gatekeeper.py::TestTransitiveClosureProperties::test_prerequisites_have_higher_values PASSED [  3%]
tests/integration/strata_transitions/test_strata_gatekeeper.py::TestTransitiveClosureProperties::test_prerequisites_form_downward_closure PASSED [  3%]
tests/integration/strata_transitions/test_strata_gatekeeper.py::TestMissingStrataMonotonicity::test_missing_decreases_with_more_validated PASSED [  3%]
tests/integration/strata_transitions/test_strata_gatekeeper.py::TestMissingStrataMonotonicity::test_antimonotonicity_for_all_targets[Stratum.WISDOM] PASSED [  3%]
tests/integration/strata_transitions/test_strata_gatekeeper.py::TestMissingStrataMonotonicity::test_antimonotonicity_for_all_targets[Stratum.STRATEGY] PASSED [  3%]
tests/integration/strata_transitions/test_strata_gatekeeper.py::TestMissingStrataMonotonicity::test_antimonotonicity_for_all_targets[Stratum.TACTICS] PASSED [  3%]
tests/integration/strata_transitions/test_strata_gatekeeper.py::TestMissingStrataMonotonicity::test_antimonotonicity_for_all_targets[Stratum.PHYSICS] PASSED [  3%]
tests/integration/strata_transitions/test_strata_gatekeeper.py::TestMissingStrataMonotonicity::test_empty_context_has_all_prerequisites_missing PASSED [  3%]
tests/integration/strata_transitions/test_strata_gatekeeper.py::TestMissingStrataMonotonicity::test_full_context_has_no_missing PASSED [  3%]
tests/integration/strata_transitions/test_strata_gatekeeper.py::TestStrataGatekeeperBasic::test_physics_to_strategy_transitive_closure_violation PASSED [  3%]
tests/integration/strata_transitions/test_strata_gatekeeper.py::TestStrataGatekeeperBasic::test_empty_context_reports_all_missing_for_strategy PASSED [  3%]
tests/integration/strata_transitions/test_strata_gatekeeper.py::TestStrataGatekeeperBasic::test_strategy_succeeds_with_complete_closure PASSED [  3%]
tests/integration/strata_transitions/test_strata_gatekeeper.py::TestStrataGatekeeperBasic::test_tactics_requires_physics PASSED [  3%]
tests/integration/strata_transitions/test_strata_gatekeeper.py::TestStrataGatekeeperBasic::test_wisdom_requires_complete_chain PASSED [  3%]
tests/integration/strata_transitions/test_strata_gatekeeper.py::TestGatekeeperMonotonicity::test_missing_shrinks_monotonically_for_strategy[validated0-expected_missing0] PASSED [  3%]
tests/integration/strata_transitions/test_strata_gatekeeper.py::TestGatekeeperMonotonicity::test_missing_shrinks_monotonically_for_strategy[validated1-expected_missing1] PASSED [  3%]
tests/integration/strata_transitions/test_strata_gatekeeper.py::TestGatekeeperMonotonicity::test_missing_shrinks_as_validated_grows[Stratum.TACTICS] PASSED [  3%]
tests/integration/strata_transitions/test_strata_gatekeeper.py::TestGatekeeperMonotonicity::test_missing_shrinks_as_validated_grows[Stratum.STRATEGY] PASSED [  3%]
tests/integration/strata_transitions/test_strata_gatekeeper.py::TestGatekeeperMonotonicity::test_missing_shrinks_as_validated_grows[Stratum.WISDOM] PASSED [  3%]
tests/integration/strata_transitions/test_strata_gatekeeper.py::TestValidTransitions::test_physics_projection_always_succeeds PASSED [  3%]
tests/integration/strata_transitions/test_strata_gatekeeper.py::TestValidTransitions::test_tactics_succeeds_after_physics PASSED [  3%]
tests/integration/strata_transitions/test_strata_gatekeeper.py::TestValidTransitions::test_complete_chain_allows_wisdom PASSED [  4%]
tests/integration/strata_transitions/test_strata_gatekeeper.py::TestExhaustiveProjections::test_valid_projections_succeed[frozenset()-Stratum.PHYSICS] PASSED [  4%]
tests/integration/strata_transitions/test_strata_gatekeeper.py::TestExhaustiveProjections::test_valid_projections_succeed[frozenset({<Stratum.WISDOM: 0>})-Stratum.PHYSICS] PASSED [  4%]
tests/integration/strata_transitions/test_strata_gatekeeper.py::TestExhaustiveProjections::test_valid_projections_succeed[frozenset({<Stratum.STRATEGY: 1>})-Stratum.PHYSICS] PASSED [  4%]
tests/integration/strata_transitions/test_strata_gatekeeper.py::TestExhaustiveProjections::test_valid_projections_succeed[frozenset({<Stratum.TACTICS: 2>})-Stratum.PHYSICS] PASSED [  4%]
tests/integration/strata_transitions/test_strata_gatekeeper.py::TestExhaustiveProjections::test_valid_projections_succeed[frozenset({<Stratum.PHYSICS: 3>})-Stratum.TACTICS] PASSED [  4%]
tests/integration/strata_transitions/test_strata_gatekeeper.py::TestExhaustiveProjections::test_valid_projections_succeed[frozenset({<Stratum.PHYSICS: 3>})-Stratum.PHYSICS] PASSED [  4%]
tests/integration/strata_transitions/test_strata_gatekeeper.py::TestExhaustiveProjections::test_valid_projections_succeed[frozenset({<Stratum.WISDOM: 0>, <Stratum.STRATEGY: 1>})-Stratum.PHYSICS] PASSED [  4%]
tests/integration/strata_transitions/test_strata_gatekeeper.py::TestExhaustiveProjections::test_valid_projections_succeed[frozenset({<Stratum.WISDOM: 0>, <Stratum.TACTICS: 2>})-Stratum.PHYSICS] PASSED [  4%]
tests/integration/strata_transitions/test_strata_gatekeeper.py::TestExhaustiveProjections::test_valid_projections_succeed[frozenset({<Stratum.WISDOM: 0>, <Stratum.PHYSICS: 3>})-Stratum.TACTICS] PASSED [  4%]
tests/integration/strata_transitions/test_strata_gatekeeper.py::TestExhaustiveProjections::test_valid_projections_succeed[frozenset({<Stratum.WISDOM: 0>, <Stratum.PHYSICS: 3>})-Stratum.PHYSICS] PASSED [  4%]
tests/integration/strata_transitions/test_strata_gatekeeper.py::TestExhaustiveProjections::test_valid_projections_succeed[frozenset({<Stratum.STRATEGY: 1>, <Stratum.TACTICS: 2>})-Stratum.PHYSICS] PASSED [  4%]
tests/integration/strata_transitions/test_strata_gatekeeper.py::TestExhaustiveProjections::test_valid_projections_succeed[frozenset({<Stratum.STRATEGY: 1>, <Stratum.PHYSICS: 3>})-Stratum.TACTICS] PASSED [  4%]
tests/integration/strata_transitions/test_strata_gatekeeper.py::TestExhaustiveProjections::test_valid_projections_succeed[frozenset({<Stratum.STRATEGY: 1>, <Stratum.PHYSICS: 3>})-Stratum.PHYSICS] PASSED [  4%]
tests/integration/strata_transitions/test_strata_gatekeeper.py::TestExhaustiveProjections::test_valid_projections_succeed[frozenset({<Stratum.TACTICS: 2>, <Stratum.PHYSICS: 3>})-Stratum.STRATEGY] PASSED [  4%]
tests/integration/strata_transitions/test_strata_gatekeeper.py::TestExhaustiveProjections::test_valid_projections_succeed[frozenset({<Stratum.TACTICS: 2>, <Stratum.PHYSICS: 3>})-Stratum.TACTICS] PASSED [  4%]
tests/integration/strata_transitions/test_strata_gatekeeper.py::TestExhaustiveProjections::test_valid_projections_succeed[frozenset({<Stratum.TACTICS: 2>, <Stratum.PHYSICS: 3>})-Stratum.PHYSICS] PASSED [  4%]
tests/integration/strata_transitions/test_strata_gatekeeper.py::TestExhaustiveProjections::test_valid_projections_succeed[frozenset({<Stratum.WISDOM: 0>, <Stratum.STRATEGY: 1>, <Stratum.TACTICS: 2>})-Stratum.PHYSICS] PASSED [  4%]
tests/integration/strata_transitions/test_strata_gatekeeper.py::TestExhaustiveProjections::test_valid_projections_succeed[frozenset({<Stratum.WISDOM: 0>, <Stratum.STRATEGY: 1>, <Stratum.PHYSICS: 3>})-Stratum.TACTICS] PASSED [  4%]
tests/integration/strata_transitions/test_strata_gatekeeper.py::TestExhaustiveProjections::test_valid_projections_succeed[frozenset({<Stratum.WISDOM: 0>, <Stratum.STRATEGY: 1>, <Stratum.PHYSICS: 3>})-Stratum.PHYSICS] PASSED [  4%]
tests/integration/strata_transitions/test_strata_gatekeeper.py::TestExhaustiveProjections::test_valid_projections_succeed[frozenset({<Stratum.WISDOM: 0>, <Stratum.TACTICS: 2>, <Stratum.PHYSICS: 3>})-Stratum.STRATEGY] PASSED [  4%]
tests/integration/strata_transitions/test_strata_gatekeeper.py::TestExhaustiveProjections::test_valid_projections_succeed[frozenset({<Stratum.WISDOM: 0>, <Stratum.TACTICS: 2>, <Stratum.PHYSICS: 3>})-Stratum.TACTICS] PASSED [  4%]
tests/integration/strata_transitions/test_strata_gatekeeper.py::TestExhaustiveProjections::test_valid_projections_succeed[frozenset({<Stratum.WISDOM: 0>, <Stratum.TACTICS: 2>, <Stratum.PHYSICS: 3>})-Stratum.PHYSICS] PASSED [  4%]
tests/integration/strata_transitions/test_strata_gatekeeper.py::TestExhaustiveProjections::test_valid_projections_succeed[frozenset({<Stratum.STRATEGY: 1>, <Stratum.TACTICS: 2>, <Stratum.PHYSICS: 3>})-Stratum.WISDOM] PASSED [  4%]
tests/integration/strata_transitions/test_strata_gatekeeper.py::TestExhaustiveProjections::test_valid_projections_succeed[frozenset({<Stratum.STRATEGY: 1>, <Stratum.TACTICS: 2>, <Stratum.PHYSICS: 3>})-Stratum.STRATEGY] PASSED [  4%]
tests/integration/strata_transitions/test_strata_gatekeeper.py::TestExhaustiveProjections::test_valid_projections_succeed[frozenset({<Stratum.STRATEGY: 1>, <Stratum.TACTICS: 2>, <Stratum.PHYSICS: 3>})-Stratum.TACTICS] PASSED [  4%]
tests/integration/strata_transitions/test_strata_gatekeeper.py::TestExhaustiveProjections::test_valid_projections_succeed[frozenset({<Stratum.STRATEGY: 1>, <Stratum.TACTICS: 2>, <Stratum.PHYSICS: 3>})-Stratum.PHYSICS] PASSED [  4%]
tests/integration/strata_transitions/test_strata_gatekeeper.py::TestExhaustiveProjections::test_valid_projections_succeed[frozenset({<Stratum.WISDOM: 0>, <Stratum.STRATEGY: 1>, <Stratum.TACTICS: 2>, <Stratum.PHYSICS: 3>})-Stratum.WISDOM] PASSED [  4%]
tests/integration/strata_transitions/test_strata_gatekeeper.py::TestExhaustiveProjections::test_valid_projections_succeed[frozenset({<Stratum.WISDOM: 0>, <Stratum.STRATEGY: 1>, <Stratum.TACTICS: 2>, <Stratum.PHYSICS: 3>})-Stratum.STRATEGY] PASSED [  4%]
tests/integration/strata_transitions/test_strata_gatekeeper.py::TestExhaustiveProjections::test_valid_projections_succeed[frozenset({<Stratum.WISDOM: 0>, <Stratum.STRATEGY: 1>, <Stratum.TACTICS: 2>, <Stratum.PHYSICS: 3>})-Stratum.TACTICS] PASSED [  4%]
tests/integration/strata_transitions/test_strata_gatekeeper.py::TestExhaustiveProjections::test_valid_projections_succeed[frozenset({<Stratum.WISDOM: 0>, <Stratum.STRATEGY: 1>, <Stratum.TACTICS: 2>, <Stratum.PHYSICS: 3>})-Stratum.PHYSICS] PASSED [  4%]
tests/integration/strata_transitions/test_strata_gatekeeper.py::TestExhaustiveProjections::test_invalid_projections_fail[frozenset()-Stratum.WISDOM] PASSED [  4%]
tests/integration/strata_transitions/test_strata_gatekeeper.py::TestExhaustiveProjections::test_invalid_projections_fail[frozenset()-Stratum.STRATEGY] PASSED [  4%]
tests/integration/strata_transitions/test_strata_gatekeeper.py::TestExhaustiveProjections::test_invalid_projections_fail[frozenset()-Stratum.TACTICS] PASSED [  4%]
tests/integration/strata_transitions/test_strata_gatekeeper.py::TestExhaustiveProjections::test_invalid_projections_fail[frozenset({<Stratum.WISDOM: 0>})-Stratum.WISDOM] PASSED [  4%]
tests/integration/strata_transitions/test_strata_gatekeeper.py::TestExhaustiveProjections::test_invalid_projections_fail[frozenset({<Stratum.WISDOM: 0>})-Stratum.STRATEGY] PASSED [  4%]
tests/integration/strata_transitions/test_strata_gatekeeper.py::TestExhaustiveProjections::test_invalid_projections_fail[frozenset({<Stratum.WISDOM: 0>})-Stratum.TACTICS] PASSED [  4%]
tests/integration/strata_transitions/test_strata_gatekeeper.py::TestExhaustiveProjections::test_invalid_projections_fail[frozenset({<Stratum.STRATEGY: 1>})-Stratum.WISDOM] PASSED [  4%]
tests/integration/strata_transitions/test_strata_gatekeeper.py::TestExhaustiveProjections::test_invalid_projections_fail[frozenset({<Stratum.STRATEGY: 1>})-Stratum.STRATEGY] PASSED [  4%]
tests/integration/strata_transitions/test_strata_gatekeeper.py::TestExhaustiveProjections::test_invalid_projections_fail[frozenset({<Stratum.STRATEGY: 1>})-Stratum.TACTICS] PASSED [  4%]
tests/integration/strata_transitions/test_strata_gatekeeper.py::TestExhaustiveProjections::test_invalid_projections_fail[frozenset({<Stratum.TACTICS: 2>})-Stratum.WISDOM] PASSED [  4%]
tests/integration/strata_transitions/test_strata_gatekeeper.py::TestExhaustiveProjections::test_invalid_projections_fail[frozenset({<Stratum.TACTICS: 2>})-Stratum.STRATEGY] PASSED [  4%]
tests/integration/strata_transitions/test_strata_gatekeeper.py::TestExhaustiveProjections::test_invalid_projections_fail[frozenset({<Stratum.TACTICS: 2>})-Stratum.TACTICS] PASSED [  4%]
tests/integration/strata_transitions/test_strata_gatekeeper.py::TestExhaustiveProjections::test_invalid_projections_fail[frozenset({<Stratum.PHYSICS: 3>})-Stratum.WISDOM] PASSED [  4%]
tests/integration/strata_transitions/test_strata_gatekeeper.py::TestExhaustiveProjections::test_invalid_projections_fail[frozenset({<Stratum.PHYSICS: 3>})-Stratum.STRATEGY] PASSED [  4%]
tests/integration/strata_transitions/test_strata_gatekeeper.py::TestExhaustiveProjections::test_invalid_projections_fail[frozenset({<Stratum.WISDOM: 0>, <Stratum.STRATEGY: 1>})-Stratum.WISDOM] PASSED [  4%]
tests/integration/strata_transitions/test_strata_gatekeeper.py::TestExhaustiveProjections::test_invalid_projections_fail[frozenset({<Stratum.WISDOM: 0>, <Stratum.STRATEGY: 1>})-Stratum.STRATEGY] PASSED [  4%]
tests/integration/strata_transitions/test_strata_gatekeeper.py::TestExhaustiveProjections::test_invalid_projections_fail[frozenset({<Stratum.WISDOM: 0>, <Stratum.STRATEGY: 1>})-Stratum.TACTICS] PASSED [  4%]
tests/integration/strata_transitions/test_strata_gatekeeper.py::TestExhaustiveProjections::test_invalid_projections_fail[frozenset({<Stratum.WISDOM: 0>, <Stratum.TACTICS: 2>})-Stratum.WISDOM] PASSED [  4%]
tests/integration/strata_transitions/test_strata_gatekeeper.py::TestExhaustiveProjections::test_invalid_projections_fail[frozenset({<Stratum.WISDOM: 0>, <Stratum.TACTICS: 2>})-Stratum.STRATEGY] PASSED [  4%]
tests/integration/strata_transitions/test_strata_gatekeeper.py::TestExhaustiveProjections::test_invalid_projections_fail[frozenset({<Stratum.WISDOM: 0>, <Stratum.TACTICS: 2>})-Stratum.TACTICS] PASSED [  4%]
tests/integration/strata_transitions/test_strata_gatekeeper.py::TestExhaustiveProjections::test_invalid_projections_fail[frozenset({<Stratum.WISDOM: 0>, <Stratum.PHYSICS: 3>})-Stratum.WISDOM] PASSED [  4%]
tests/integration/strata_transitions/test_strata_gatekeeper.py::TestExhaustiveProjections::test_invalid_projections_fail[frozenset({<Stratum.WISDOM: 0>, <Stratum.PHYSICS: 3>})-Stratum.STRATEGY] PASSED [  4%]
tests/integration/strata_transitions/test_strata_gatekeeper.py::TestExhaustiveProjections::test_invalid_projections_fail[frozenset({<Stratum.STRATEGY: 1>, <Stratum.TACTICS: 2>})-Stratum.WISDOM] PASSED [  4%]
tests/integration/strata_transitions/test_strata_gatekeeper.py::TestExhaustiveProjections::test_invalid_projections_fail[frozenset({<Stratum.STRATEGY: 1>, <Stratum.TACTICS: 2>})-Stratum.STRATEGY] PASSED [  4%]
tests/integration/strata_transitions/test_strata_gatekeeper.py::TestExhaustiveProjections::test_invalid_projections_fail[frozenset({<Stratum.STRATEGY: 1>, <Stratum.TACTICS: 2>})-Stratum.TACTICS] PASSED [  4%]
tests/integration/strata_transitions/test_strata_gatekeeper.py::TestExhaustiveProjections::test_invalid_projections_fail[frozenset({<Stratum.STRATEGY: 1>, <Stratum.PHYSICS: 3>})-Stratum.WISDOM] PASSED [  4%]
tests/integration/strata_transitions/test_strata_gatekeeper.py::TestExhaustiveProjections::test_invalid_projections_fail[frozenset({<Stratum.STRATEGY: 1>, <Stratum.PHYSICS: 3>})-Stratum.STRATEGY] PASSED [  4%]
tests/integration/strata_transitions/test_strata_gatekeeper.py::TestExhaustiveProjections::test_invalid_projections_fail[frozenset({<Stratum.TACTICS: 2>, <Stratum.PHYSICS: 3>})-Stratum.WISDOM] PASSED [  4%]
tests/integration/strata_transitions/test_strata_gatekeeper.py::TestExhaustiveProjections::test_invalid_projections_fail[frozenset({<Stratum.WISDOM: 0>, <Stratum.STRATEGY: 1>, <Stratum.TACTICS: 2>})-Stratum.WISDOM] PASSED [  5%]
tests/integration/strata_transitions/test_strata_gatekeeper.py::TestExhaustiveProjections::test_invalid_projections_fail[frozenset({<Stratum.WISDOM: 0>, <Stratum.STRATEGY: 1>, <Stratum.TACTICS: 2>})-Stratum.STRATEGY] PASSED [  5%]
tests/integration/strata_transitions/test_strata_gatekeeper.py::TestExhaustiveProjections::test_invalid_projections_fail[frozenset({<Stratum.WISDOM: 0>, <Stratum.STRATEGY: 1>, <Stratum.TACTICS: 2>})-Stratum.TACTICS] PASSED [  5%]
tests/integration/strata_transitions/test_strata_gatekeeper.py::TestExhaustiveProjections::test_invalid_projections_fail[frozenset({<Stratum.WISDOM: 0>, <Stratum.STRATEGY: 1>, <Stratum.PHYSICS: 3>})-Stratum.WISDOM] PASSED [  5%]
tests/integration/strata_transitions/test_strata_gatekeeper.py::TestExhaustiveProjections::test_invalid_projections_fail[frozenset({<Stratum.WISDOM: 0>, <Stratum.STRATEGY: 1>, <Stratum.PHYSICS: 3>})-Stratum.STRATEGY] PASSED [  5%]
tests/integration/strata_transitions/test_strata_gatekeeper.py::TestExhaustiveProjections::test_invalid_projections_fail[frozenset({<Stratum.WISDOM: 0>, <Stratum.TACTICS: 2>, <Stratum.PHYSICS: 3>})-Stratum.WISDOM] PASSED [  5%]
tests/integration/strata_transitions/test_strata_gatekeeper.py::TestExhaustiveProjections::test_missing_strata_match_computation[validated0-Stratum.WISDOM] PASSED [  5%]
tests/integration/strata_transitions/test_strata_gatekeeper.py::TestExhaustiveProjections::test_missing_strata_match_computation[validated1-Stratum.STRATEGY] PASSED [  5%]
tests/integration/strata_transitions/test_strata_gatekeeper.py::TestExhaustiveProjections::test_missing_strata_match_computation[validated2-Stratum.TACTICS] PASSED [  5%]
tests/integration/strata_transitions/test_strata_gatekeeper.py::TestExhaustiveProjections::test_missing_strata_match_computation[validated3-Stratum.WISDOM] PASSED [  5%]
tests/integration/strata_transitions/test_strata_gatekeeper.py::TestExhaustiveProjections::test_missing_strata_match_computation[validated4-Stratum.STRATEGY] PASSED [  5%]
tests/integration/strata_transitions/test_strata_gatekeeper.py::TestExhaustiveProjections::test_missing_strata_match_computation[validated5-Stratum.TACTICS] PASSED [  5%]
tests/integration/strata_transitions/test_strata_gatekeeper.py::TestExhaustiveProjections::test_missing_strata_match_computation[validated6-Stratum.WISDOM] PASSED [  5%]
tests/integration/strata_transitions/test_strata_gatekeeper.py::TestExhaustiveProjections::test_missing_strata_match_computation[validated7-Stratum.STRATEGY] PASSED [  5%]
tests/integration/strata_transitions/test_strata_gatekeeper.py::TestExhaustiveProjections::test_missing_strata_match_computation[validated8-Stratum.TACTICS] PASSED [  5%]
tests/integration/strata_transitions/test_strata_gatekeeper.py::TestExhaustiveProjections::test_missing_strata_match_computation[validated9-Stratum.WISDOM] PASSED [  5%]
tests/integration/strata_transitions/test_strata_gatekeeper.py::TestExhaustiveProjections::test_missing_strata_match_computation[validated10-Stratum.STRATEGY] PASSED [  5%]
tests/integration/strata_transitions/test_strata_gatekeeper.py::TestExhaustiveProjections::test_missing_strata_match_computation[validated11-Stratum.TACTICS] PASSED [  5%]
tests/integration/strata_transitions/test_strata_gatekeeper.py::TestExhaustiveProjections::test_missing_strata_match_computation[validated12-Stratum.WISDOM] PASSED [  5%]
tests/integration/strata_transitions/test_strata_gatekeeper.py::TestExhaustiveProjections::test_missing_strata_match_computation[validated13-Stratum.STRATEGY] PASSED [  5%]
tests/integration/strata_transitions/test_strata_gatekeeper.py::TestExhaustiveProjections::test_missing_strata_match_computation[validated14-Stratum.WISDOM] PASSED [  5%]
tests/integration/strata_transitions/test_strata_gatekeeper.py::TestExhaustiveProjections::test_missing_strata_match_computation[validated15-Stratum.STRATEGY] PASSED [  5%]
tests/integration/strata_transitions/test_strata_gatekeeper.py::TestExhaustiveProjections::test_missing_strata_match_computation[validated16-Stratum.TACTICS] PASSED [  5%]
tests/integration/strata_transitions/test_strata_gatekeeper.py::TestExhaustiveProjections::test_missing_strata_match_computation[validated17-Stratum.WISDOM] PASSED [  5%]
tests/integration/strata_transitions/test_strata_gatekeeper.py::TestExhaustiveProjections::test_missing_strata_match_computation[validated18-Stratum.STRATEGY] PASSED [  5%]
tests/integration/strata_transitions/test_strata_gatekeeper.py::TestExhaustiveProjections::test_missing_strata_match_computation[validated19-Stratum.TACTICS] PASSED [  5%]
tests/integration/strata_transitions/test_strata_gatekeeper.py::TestExhaustiveProjections::test_missing_strata_match_computation[validated20-Stratum.WISDOM] PASSED [  5%]
tests/integration/strata_transitions/test_strata_gatekeeper.py::TestExhaustiveProjections::test_missing_strata_match_computation[validated21-Stratum.STRATEGY] PASSED [  5%]
tests/integration/strata_transitions/test_strata_gatekeeper.py::TestExhaustiveProjections::test_missing_strata_match_computation[validated22-Stratum.WISDOM] PASSED [  5%]
tests/integration/strata_transitions/test_strata_gatekeeper.py::TestExhaustiveProjections::test_missing_strata_match_computation[validated23-Stratum.STRATEGY] PASSED [  5%]
tests/integration/strata_transitions/test_strata_gatekeeper.py::TestExhaustiveProjections::test_missing_strata_match_computation[validated24-Stratum.TACTICS] PASSED [  5%]
tests/integration/strata_transitions/test_strata_gatekeeper.py::TestExhaustiveProjections::test_missing_strata_match_computation[validated25-Stratum.WISDOM] PASSED [  5%]
tests/integration/strata_transitions/test_strata_gatekeeper.py::TestExhaustiveProjections::test_missing_strata_match_computation[validated26-Stratum.STRATEGY] PASSED [  5%]
tests/integration/strata_transitions/test_strata_gatekeeper.py::TestExhaustiveProjections::test_missing_strata_match_computation[validated27-Stratum.WISDOM] PASSED [  5%]
tests/integration/strata_transitions/test_strata_gatekeeper.py::TestExhaustiveProjections::test_missing_strata_match_computation[validated28-Stratum.WISDOM] PASSED [  5%]
tests/integration/strata_transitions/test_strata_gatekeeper.py::TestExhaustiveProjections::test_missing_strata_match_computation[validated29-Stratum.STRATEGY] PASSED [  5%]
tests/integration/strata_transitions/test_strata_gatekeeper.py::TestExhaustiveProjections::test_missing_strata_match_computation[validated30-Stratum.TACTICS] PASSED [  5%]
tests/integration/strata_transitions/test_strata_gatekeeper.py::TestExhaustiveProjections::test_missing_strata_match_computation[validated31-Stratum.WISDOM] PASSED [  5%]
tests/integration/strata_transitions/test_strata_gatekeeper.py::TestExhaustiveProjections::test_missing_strata_match_computation[validated32-Stratum.STRATEGY] PASSED [  5%]
tests/integration/strata_transitions/test_strata_gatekeeper.py::TestExhaustiveProjections::test_missing_strata_match_computation[validated33-Stratum.WISDOM] PASSED [  5%]
tests/integration/strata_transitions/test_strata_gatekeeper.py::TestGatekeeperSafetyProperties::test_handler_never_called_on_invalid_projection PASSED [  5%]
tests/integration/strata_transitions/test_strata_gatekeeper.py::TestGatekeeperSafetyProperties::test_context_not_mutated_on_failure PASSED [  5%]
tests/integration/strata_transitions/test_strata_gatekeeper.py::TestGatekeeperSafetyProperties::test_context_not_mutated_on_success PASSED [  5%]
tests/integration/strata_transitions/test_strata_gatekeeper.py::TestGatekeeperDeterminism::test_same_input_same_output PASSED [  5%]
tests/integration/strata_transitions/test_strata_gatekeeper.py::TestGatekeeperDeterminism::test_projection_is_idempotent_in_effect PASSED [  5%]
tests/integration/strata_transitions/test_strata_gatekeeper.py::TestProjectionComposition::test_sequential_valid_projections PASSED [  5%]
tests/integration/strata_transitions/test_strata_gatekeeper.py::TestProjectionComposition::test_skipping_stratum_always_fails PASSED [  5%]
tests/integration/strata_transitions/test_strata_gatekeeper.py::TestGlobalInvariants::test_prerequisites_are_subset_of_all_strata PASSED [  5%]
tests/integration/strata_transitions/test_strata_gatekeeper.py::TestGlobalInvariants::test_no_stratum_is_its_own_prerequisite PASSED [  5%]
tests/integration/strata_transitions/test_strata_gatekeeper.py::TestGlobalInvariants::test_prerequisite_chain_is_acyclic PASSED [  5%]
tests/integration/strata_transitions/test_strata_gatekeeper.py::TestGlobalInvariants::test_total_valid_projections_count PASSED [  5%]
tests/test_business_agent_integration.py::TestBuilders::test_presupuesto_builder_rejects_duplicate_codes PASSED [  5%]
tests/test_business_agent_integration.py::TestBuilders::test_presupuesto_builder_rejects_negative_quantity PASSED [  5%]
tests/test_business_agent_integration.py::TestBuilders::test_presupuesto_builder_rejects_invalid_code_format PASSED [  5%]
tests/test_business_agent_integration.py::TestBuilders::test_insumos_builder_detects_orphans PASSED [  5%]
tests/test_business_agent_integration.py::TestBuilders::test_insumos_builder_rejects_invalid_tipo PASSED [  5%]
tests/test_business_agent_integration.py::TestBuilders::test_insumos_builder_calculates_total_cost PASSED [  5%]
tests/test_business_agent_integration.py::TestBuilders::test_cash_flow_projection_calculates_npv PASSED [  5%]
tests/test_business_agent_integration.py::TestBuilders::test_cash_flow_projection_calculates_payback PASSED [  5%]
tests/test_business_agent_integration.py::TestBuilders::test_project_context_maintains_connectivity PASSED [  5%]
tests/test_business_agent_integration.py::TestEvaluateProjectFlow::test_evaluate_returns_valid_report PASSED [  6%]
tests/test_business_agent_integration.py::TestEvaluateProjectFlow::test_report_contains_strategic_narrative PASSED [  6%]
tests/test_business_agent_integration.py::TestEvaluateProjectFlow::test_narrative_contains_required_sections PASSED [  6%]
tests/test_business_agent_integration.py::TestEvaluateProjectFlow::test_details_contains_metrics PASSED [  6%]
tests/test_business_agent_integration.py::TestEvaluateProjectFlow::test_metrics_are_numeric PASSED [  6%]
tests/test_business_agent_integration.py::TestEvaluateProjectFlow::test_evaluation_is_deterministic PASSED [  6%]
tests/test_business_agent_integration.py::TestTopologicalAnalysis::test_connected_budget_detected PASSED [  6%]
tests/test_business_agent_integration.py::TestTopologicalAnalysis::test_disconnected_apus_flagged PASSED [  6%]
tests/test_business_agent_integration.py::TestTopologicalAnalysis::test_cost_concentration_analysis PASSED [  6%]
tests/test_business_agent_integration.py::TestTopologicalAnalysis::test_cost_distribution_by_type PASSED [  6%]
tests/test_business_agent_integration.py::TestFinancialAnalysis::test_mic_delegation_for_financial_analysis PASSED [  6%]
tests/test_business_agent_integration.py::TestFinancialAnalysis::test_viable_project_positive_assessment PASSED [  6%]
tests/test_business_agent_integration.py::TestFinancialAnalysis::test_non_viable_project_warning PASSED [  6%]
tests/test_business_agent_integration.py::TestFinancialAnalysis::test_payback_period_reported PASSED [  6%]
tests/test_business_agent_integration.py::TestEdgeCases::test_empty_dataframes_handled PASSED [  6%]
tests/test_business_agent_integration.py::TestEdgeCases::test_single_apu_project PASSED [  6%]
tests/test_business_agent_integration.py::TestEdgeCases::test_missing_cash_flows_handled PASSED [  6%]
tests/test_business_agent_integration.py::TestEdgeCases::test_negative_cash_flows_handled PASSED [  6%]
tests/test_business_agent_integration.py::TestEdgeCases::test_zero_investment_rejected PASSED [  6%]
tests/test_business_agent_integration.py::TestEdgeCases::test_very_large_project PASSED [  6%]
tests/test_business_agent_integration.py::TestMathematicalInvariants::test_total_cost_equals_sum_of_parts PASSED [  6%]
tests/test_business_agent_integration.py::TestMathematicalInvariants::test_npv_monotonic_with_discount_rate PASSED [  6%]
tests/test_business_agent_integration.py::TestMathematicalInvariants::test_payback_bounded_by_horizon PASSED [  6%]
tests/test_business_agent_integration.py::TestMathematicalInvariants::test_viability_consistent_with_npv_sign PASSED [  6%]
tests/test_business_agent_integration.py::TestMathematicalInvariants::test_cost_by_apu_sums_to_total PASSED [  6%]
tests/test_business_agent_integration.py::TestSemanticTranslation::test_narrative_in_spanish PASSED [  6%]
tests/test_business_agent_integration.py::TestSemanticTranslation::test_construction_metaphors_present PASSED [  6%]
tests/test_business_agent_integration.py::TestSemanticTranslation::test_risk_level_translated_to_severity PASSED [  6%]
tests/test_integration_narrative_semantic.py::TestLatticeIsomorphism::test_both_lattices_have_same_cardinality PASSED [  6%]
tests/test_integration_narrative_semantic.py::TestLatticeIsomorphism::test_natural_embedding_severity_to_verdict PASSED [  6%]
tests/test_integration_narrative_semantic.py::TestLatticeIsomorphism::test_embedding_preserves_order PASSED [  6%]
tests/test_integration_narrative_semantic.py::TestLatticeIsomorphism::test_embedding_preserves_join PASSED [  6%]
tests/test_integration_narrative_semantic.py::TestLatticeIsomorphism::test_embedding_preserves_meet PASSED [  6%]
tests/test_integration_narrative_semantic.py::TestLatticeIsomorphism::test_bottom_maps_to_bottom PASSED [  6%]
tests/test_integration_narrative_semantic.py::TestLatticeIsomorphism::test_top_maps_to_top PASSED [  6%]
tests/test_integration_narrative_semantic.py::TestLatticeIsomorphism::test_severity_and_verdict_have_compatible_semantics PASSED [  6%]
tests/test_integration_narrative_semantic.py::TestStratumConsistency::test_both_modules_use_same_stratum_enum PASSED [  6%]
tests/test_integration_narrative_semantic.py::TestStratumConsistency::test_stratum_hierarchy_order_consistent PASSED [  6%]
tests/test_integration_narrative_semantic.py::TestStratumConsistency::test_step_mapping_covers_all_pipeline_stages PASSED [  6%]
tests/test_integration_narrative_semantic.py::TestStratumConsistency::test_translator_strata_results_match_narrator_strata PASSED [  6%]
tests/test_integration_narrative_semantic.py::TestReportComposition::test_narrator_report_can_feed_translator PASSED [  6%]
tests/test_integration_narrative_semantic.py::TestReportComposition::test_combined_report_structure PASSED [  6%]
tests/test_integration_narrative_semantic.py::TestReportComposition::test_forensic_evidence_compatible_format PASSED [  6%]
tests/test_integration_narrative_semantic.py::TestEndToEndFlow::test_full_pipeline_success PASSED [  6%]
tests/test_integration_narrative_semantic.py::TestEndToEndFlow::test_full_pipeline_failure_at_physics PASSED [  6%]
tests/test_integration_narrative_semantic.py::TestEndToEndFlow::test_full_pipeline_failure_at_tactics PASSED [  6%]
tests/test_integration_narrative_semantic.py::TestEndToEndFlow::test_thermal_metrics_flow PASSED [  6%]
tests/test_integration_narrative_semantic.py::TestNarrativeCoherence::test_success_narratives_are_positive PASSED [  6%]
tests/test_integration_narrative_semantic.py::TestNarrativeCoherence::test_failure_narratives_are_negative PASSED [  6%]
tests/test_integration_narrative_semantic.py::TestNarrativeCoherence::test_stratum_specific_keywords_appear PASSED [  6%]
tests/test_integration_narrative_semantic.py::TestNarrativeCoherence::test_cycle_detection_consistent_language PASSED [  6%]
tests/test_integration_narrative_semantic.py::TestNarrativeCoherence::test_financial_narratives_use_business_language PASSED [  6%]
tests/test_integration_narrative_semantic.py::TestErrorPropagation::test_narrator_error_does_not_crash_translator PASSED [  6%]
tests/test_integration_narrative_semantic.py::TestErrorPropagation::test_translator_handles_incomplete_narrator_data PASSED [  6%]
tests/test_integration_narrative_semantic.py::TestErrorPropagation::test_both_modules_handle_none_gracefully PASSED [  6%]
tests/test_integration_narrative_semantic.py::TestErrorPropagation::test_exception_in_one_module_isolated PASSED [  6%]
tests/test_integration_narrative_semantic.py::TestCombinedDecisionMatrix::test_decision_matrix[success-0-ACEPTAR-15.0-APPROVED] PASSED [  6%]
tests/test_integration_narrative_semantic.py::TestCombinedDecisionMatrix::test_decision_matrix[success-3-ACEPTAR-15.0-TACTICAL_ISSUE] PASSED [  6%]
tests/test_integration_narrative_semantic.py::TestCombinedDecisionMatrix::test_decision_matrix[success-0-RECHAZAR-15.0-FINANCIAL_ISSUE] PASSED [  6%]
tests/test_integration_narrative_semantic.py::TestCombinedDecisionMatrix::test_decision_matrix[success-0-ACEPTAR-0.5-STABILITY_ISSUE] PASSED [  7%]
tests/test_integration_narrative_semantic.py::TestCombinedDecisionMatrix::test_decision_matrix[physics_fail-0-ACEPTAR-15.0-PHYSICS_REJECTED] PASSED [  7%]
tests/test_integration_narrative_semantic.py::TestCombinedDecisionMatrix::test_decision_matrix[tactics_fail-0-ACEPTAR-15.0-TACTICS_REJECTED] PASSED [  7%]
tests/test_integration_narrative_semantic.py::TestCombinedDecisionMatrix::test_decision_matrix[success-5-RECHAZAR-0.5-MULTIPLE_ISSUES] PASSED [  7%]
tests/test_integration_narrative_semantic.py::TestCombinedDecisionMatrix::test_clausura_transitiva_consistency PASSED [  7%]
tests/test_integration_narrative_semantic.py::TestCrossModuleSerialization::test_narrator_report_json_compatible PASSED [  7%]
tests/test_integration_narrative_semantic.py::TestCrossModuleSerialization::test_translator_report_json_compatible PASSED [  7%]
tests/test_integration_narrative_semantic.py::TestCrossModuleSerialization::test_combined_report_json_compatible PASSED [  7%]
tests/test_integration_narrative_semantic.py::TestSharedMetrics::test_flux_condenser_metrics_flow PASSED [  7%]
tests/test_integration_narrative_semantic.py::TestSharedMetrics::test_topology_metrics_consistency PASSED [  7%]
tests/test_integration_narrative_semantic.py::TestFactoryIntegration::test_create_both_with_defaults PASSED [  7%]
tests/test_integration_narrative_semantic.py::TestFactoryIntegration::test_create_with_custom_configs PASSED [  7%]
tests/test_integration_narrative_semantic.py::TestFactoryIntegration::test_convenience_functions_work_together PASSED [  7%]
tests/test_integration_narrative_semantic.py::TestCombinedProperties::test_verdict_severity_correlation PASSED [  7%]
tests/test_integration_narrative_semantic.py::TestCombinedProperties::test_determinism_across_modules PASSED [  7%]
tests/test_integration_narrative_semantic.py::TestCombinedProperties::test_monotonicity_preservation PASSED [  7%]
tests/test_integration_narrative_semantic.py::TestLatticeIsomorphismRefined::test_lattice_structure_analysis PASSED [  7%]
tests/test_integration_narrative_semantic.py::TestLatticeIsomorphismRefined::test_galois_connection_analysis PASSED [  7%]
tests/test_sprint_integration.py::TestExtractAnomalyData::test_list_format_basic_two_disjoint_cycles PASSED [  7%]
tests/test_sprint_integration.py::TestExtractAnomalyData::test_list_format_single_cycle PASSED [  7%]
tests/test_sprint_integration.py::TestExtractAnomalyData::test_list_format_long_cycle_4_nodes PASSED [  7%]
tests/test_sprint_integration.py::TestExtractAnomalyData::test_list_format_self_loop PASSED [  7%]
tests/test_sprint_integration.py::TestExtractAnomalyData::test_list_format_shared_nodes_between_cycles PASSED [  7%]
tests/test_sprint_integration.py::TestExtractAnomalyData::test_list_format_triangle_complete_graph PASSED [  7%]
tests/test_sprint_integration.py::TestExtractAnomalyData::test_list_format_parametrized[square] PASSED [  7%]
tests/test_sprint_integration.py::TestExtractAnomalyData::test_list_format_parametrized[mixed_lengths] PASSED [  7%]
tests/test_sprint_integration.py::TestExtractAnomalyData::test_list_format_parametrized[self_loop] PASSED [  7%]
tests/test_sprint_integration.py::TestExtractAnomalyData::test_list_format_parametrized[hexagon] PASSED [  7%]
tests/test_sprint_integration.py::TestExtractAnomalyData::test_list_format_parametrized[shared_vertex] PASSED [  7%]
tests/test_sprint_integration.py::TestExtractAnomalyData::test_dict_legacy_format_basic PASSED [  7%]
tests/test_sprint_integration.py::TestExtractAnomalyData::test_dict_legacy_format_multiple_cycles PASSED [  7%]
tests/test_sprint_integration.py::TestExtractAnomalyData::test_dict_legacy_format_empty_list PASSED [  7%]
tests/test_sprint_integration.py::TestExtractAnomalyData::test_dict_legacy_format_with_extra_keys PASSED [  7%]
tests/test_sprint_integration.py::TestExtractAnomalyData::test_dict_legacy_format_missing_list_key PASSED [  7%]
tests/test_sprint_integration.py::TestExtractAnomalyData::test_invalid_formats_degrade_gracefully[int-entero] PASSED [  7%]
tests/test_sprint_integration.py::TestExtractAnomalyData::test_invalid_formats_degrade_gracefully[float-flotante] PASSED [  7%]
tests/test_sprint_integration.py::TestExtractAnomalyData::test_invalid_formats_degrade_gracefully[bool-booleano True] PASSED [  7%]
tests/test_sprint_integration.py::TestExtractAnomalyData::test_invalid_formats_degrade_gracefully[bool-booleano False] PASSED [  7%]
tests/test_sprint_integration.py::TestExtractAnomalyData::test_invalid_formats_degrade_gracefully[NoneType-None expl\xedcito] PASSED [  7%]
tests/test_sprint_integration.py::TestExtractAnomalyData::test_invalid_formats_degrade_gracefully[not a list-string plano] PASSED [  7%]
tests/test_sprint_integration.py::TestExtractAnomalyData::test_invalid_formats_degrade_gracefully[set-set vac\xedo] PASSED [  7%]
tests/test_sprint_integration.py::TestExtractAnomalyData::test_invalid_formats_degrade_gracefully[frozenset-frozenset vac\xedo] PASSED [  7%]
tests/test_sprint_integration.py::TestExtractAnomalyData::test_invalid_formats_degrade_gracefully[tuple-tupla vac\xeda] PASSED [  7%]
tests/test_sprint_integration.py::TestExtractAnomalyData::test_invalid_formats_degrade_gracefully[tuple-tupla de enteros] PASSED [  7%]
tests/test_sprint_integration.py::TestExtractAnomalyData::test_invalid_formats_degrade_gracefully[object-objeto gen\xe9rico] PASSED [  7%]
tests/test_sprint_integration.py::TestExtractAnomalyData::test_invalid_formats_degrade_gracefully[function-funci\xf3n lambda] PASSED [  7%]
tests/test_sprint_integration.py::TestExtractAnomalyData::test_invalid_format_nested_invalid_types PASSED [  7%]
tests/test_sprint_integration.py::TestExtractAnomalyData::test_invalid_format_mixed_valid_invalid PASSED [  7%]
tests/test_sprint_integration.py::TestExtractAnomalyData::test_missing_details_key PASSED [  7%]
tests/test_sprint_integration.py::TestExtractAnomalyData::test_details_without_cycles_key PASSED [  7%]
tests/test_sprint_integration.py::TestExtractAnomalyData::test_details_is_none PASSED [  7%]
tests/test_sprint_integration.py::TestExtractAnomalyData::test_analysis_result_is_none PASSED [  7%]
tests/test_sprint_integration.py::TestExtractAnomalyData::test_analysis_result_is_empty_string PASSED [  7%]
tests/test_sprint_integration.py::TestExtractAnomalyData::test_cycles_is_empty_list PASSED [  7%]
tests/test_sprint_integration.py::TestExtractAnomalyData::test_cycles_is_list_of_empty_strings PASSED [  7%]
tests/test_sprint_integration.py::TestExtractAnomalyData::test_whitespace_tolerance[canonical] PASSED [  7%]
tests/test_sprint_integration.py::TestExtractAnomalyData::test_whitespace_tolerance[no_spaces] PASSED [  7%]
tests/test_sprint_integration.py::TestExtractAnomalyData::test_whitespace_tolerance[extra_spaces] PASSED [  7%]
tests/test_sprint_integration.py::TestExtractAnomalyData::test_whitespace_tolerance[external_spaces] PASSED [  7%]
tests/test_sprint_integration.py::TestExtractAnomalyData::test_whitespace_tolerance[irregular_spaces] PASSED [  8%]
tests/test_sprint_integration.py::TestExtractAnomalyData::test_whitespace_tolerance[special_whitespace] PASSED [  8%]
tests/test_sprint_integration.py::TestExtractAnomalyData::test_empty_string_in_cycles_list PASSED [  8%]
tests/test_sprint_integration.py::TestExtractAnomalyData::test_only_whitespace_in_cycles_list PASSED [  8%]
tests/test_sprint_integration.py::TestExtractAnomalyData::test_special_characters_in_node_names[node-1-guiones] PASSED [  8%]
tests/test_sprint_integration.py::TestExtractAnomalyData::test_special_characters_in_node_names[node_1-guiones bajos] PASSED [  8%]
tests/test_sprint_integration.py::TestExtractAnomalyData::test_special_characters_in_node_names[node.1-puntos] PASSED [  8%]
tests/test_sprint_integration.py::TestExtractAnomalyData::test_special_characters_in_node_names[node:1-dos puntos] PASSED [  8%]
tests/test_sprint_integration.py::TestExtractAnomalyData::test_special_characters_in_node_names[node/path-barras] PASSED [  8%]
tests/test_sprint_integration.py::TestExtractAnomalyData::test_special_characters_in_node_names[node@domain-arroba] PASSED [  8%]
tests/test_sprint_integration.py::TestExtractAnomalyData::test_special_characters_in_node_names[node#123-hash] PASSED [  8%]
tests/test_sprint_integration.py::TestExtractAnomalyData::test_special_characters_in_node_names[UPPERCASE-may\xfasculas] PASSED [  8%]
tests/test_sprint_integration.py::TestExtractAnomalyData::test_special_characters_in_node_names[MixedCase-case mixto] PASSED [  8%]
tests/test_sprint_integration.py::TestExtractAnomalyData::test_special_characters_in_node_names[123numeric-inicio num\xe9rico] PASSED [  8%]
tests/test_sprint_integration.py::TestExtractAnomalyData::test_special_characters_in_node_names[node with spaces-espacios internos] PASSED [  8%]
tests/test_sprint_integration.py::TestExtractAnomalyData::test_unicode_node_names PASSED [  8%]
tests/test_sprint_integration.py::TestExtractAnomalyData::test_very_long_node_names PASSED [  8%]
tests/test_sprint_integration.py::TestExtractAnomalyData::test_alternative_separators[arrow_compact] PASSED [  8%]
tests/test_sprint_integration.py::TestExtractAnomalyData::test_alternative_separators[arrow_spaced] PASSED [  8%]
tests/test_sprint_integration.py::TestExtractAnomalyData::test_alternative_separators[unicode] PASSED [  8%]
tests/test_sprint_integration.py::TestExtractAnomalyData::test_alternative_separators[unicode_spaced] PASSED [  8%]
tests/test_sprint_integration.py::TestExtractAnomalyData::test_alternative_separators[double_arrow] PASSED [  8%]
tests/test_sprint_integration.py::TestExtractAnomalyData::test_alternative_separators[double_spaced] PASSED [  8%]
tests/test_sprint_integration.py::TestExtractAnomalyData::test_return_type_always_anomaly_data[empty_dict] PASSED [  8%]
tests/test_sprint_integration.py::TestExtractAnomalyData::test_return_type_always_anomaly_data[none_details] PASSED [  8%]
tests/test_sprint_integration.py::TestExtractAnomalyData::test_return_type_always_anomaly_data[empty_details] PASSED [  8%]
tests/test_sprint_integration.py::TestExtractAnomalyData::test_return_type_always_anomaly_data[empty_cycles] PASSED [  8%]
tests/test_sprint_integration.py::TestExtractAnomalyData::test_return_type_always_anomaly_data[valid_F1] PASSED [  8%]
tests/test_sprint_integration.py::TestExtractAnomalyData::test_return_type_always_anomaly_data[valid_F2] PASSED [  8%]
tests/test_sprint_integration.py::TestExtractAnomalyData::test_return_type_always_anomaly_data[invalid_type] PASSED [  8%]
tests/test_sprint_integration.py::TestExtractAnomalyData::test_return_type_always_anomaly_data[empty_strings] PASSED [  8%]
tests/test_sprint_integration.py::TestExtractAnomalyData::test_return_type_always_anomaly_data[no_cycles_key] PASSED [  8%]
tests/test_sprint_integration.py::TestExtractAnomalyData::test_return_type_always_anomaly_data[no_details_key] PASSED [  8%]
tests/test_sprint_integration.py::TestExtractAnomalyData::test_nodes_uniqueness_overlapping_cycles PASSED [  8%]
tests/test_sprint_integration.py::TestExtractAnomalyData::test_nodes_uniqueness_same_cycle_repeated PASSED [  8%]
tests/test_sprint_integration.py::TestExtractAnomalyData::test_input_immutability_list_format PASSED [  8%]
tests/test_sprint_integration.py::TestExtractAnomalyData::test_input_immutability_dict_format PASSED [  8%]
tests/test_sprint_integration.py::TestExtractAnomalyEdges::test_edges_extracted_from_simple_cycle SKIPPED [  8%]
tests/test_sprint_integration.py::TestExtractAnomalyEdges::test_edges_from_multiple_cycles SKIPPED [  8%]
tests/test_sprint_integration.py::TestExtractAnomalyEdges::test_no_edges_from_empty_cycles SKIPPED [  8%]
tests/test_sprint_integration.py::TestExtractAnomalyEdges::test_self_loop_edge SKIPPED [  8%]
tests/test_sprint_integration.py::TestExtractAnomalyEdges::test_edges_are_directed SKIPPED [  8%]
tests/test_sprint_integration.py::TestTopologicalProperties::test_cycle_closure_verification PASSED [  8%]
tests/test_sprint_integration.py::TestTopologicalProperties::test_open_path_detection PASSED [  8%]
tests/test_sprint_integration.py::TestTopologicalProperties::test_node_count_matches_extraction PASSED [  8%]
tests/test_sprint_integration.py::TestTopologicalProperties::test_metrics_computation_consistency PASSED [  8%]
tests/test_sprint_integration.py::TestPerformanceAndStress::test_many_small_cycles PASSED [  8%]
tests/test_sprint_integration.py::TestPerformanceAndStress::test_single_very_long_cycle PASSED [  8%]
tests/test_sprint_integration.py::TestPerformanceAndStress::test_fully_connected_graph_cycles PASSED [  8%]
tests/test_sprint_integration.py::TestPerformanceAndStress::test_extraction_time_bounded PASSED [  8%]
tests/test_sprint_integration.py::TestIdempotenceAndDeterminism::test_extraction_is_idempotent PASSED [  8%]
tests/test_sprint_integration.py::TestIdempotenceAndDeterminism::test_extraction_is_deterministic PASSED [  8%]
tests/test_sprint_integration.py::TestIdempotenceAndDeterminism::test_order_independence_in_cycles_list PASSED [  8%]
tests/test_sprint_integration.py::TestAnomalyDataIntegration::test_anomaly_data_has_required_attributes PASSED [  8%]
tests/test_sprint_integration.py::TestAnomalyDataIntegration::test_anomaly_data_nodes_are_strings PASSED [  8%]
tests/test_sprint_integration.py::TestAnomalyDataIntegration::test_anomaly_data_is_usable_in_set_operations PASSED [  8%]
tests/test_sprint_integration.py::TestAnomalyDataIntegration::test_anomaly_data_repr_or_str PASSED [  8%]
tests/unit/core/test_audit_vectors.py::TestAuditConfiguration::test_default_config_is_valid PASSED [  8%]
tests/unit/core/test_audit_vectors.py::TestAuditConfiguration::test_threshold_order_invariant PASSED [  8%]
tests/unit/core/test_audit_vectors.py::TestAuditConfiguration::test_threshold_order_violation_raises PASSED [  9%]
tests/unit/core/test_audit_vectors.py::TestAuditConfiguration::test_negative_weights_raise PASSED [  9%]
tests/unit/core/test_audit_vectors.py::TestAuditConfiguration::test_normalized_weights_sum_to_one PASSED [  9%]
tests/unit/core/test_audit_vectors.py::TestAuditConfiguration::test_zero_weights_handled PASSED [  9%]
tests/unit/core/test_audit_vectors.py::TestAuditConfiguration::test_config_is_frozen PASSED [  9%]
tests/unit/core/test_audit_vectors.py::TestSimpsonDiversity::test_empty_distribution_returns_zero PASSED [  9%]
tests/unit/core/test_audit_vectors.py::TestSimpsonDiversity::test_monopoly_returns_zero PASSED [  9%]
tests/unit/core/test_audit_vectors.py::TestSimpsonDiversity::test_duopoly_equal_split PASSED [  9%]
tests/unit/core/test_audit_vectors.py::TestSimpsonDiversity::test_uniform_distribution_formula PASSED [  9%]
tests/unit/core/test_audit_vectors.py::TestSimpsonDiversity::test_skewed_distribution_lower_than_uniform PASSED [  9%]
tests/unit/core/test_audit_vectors.py::TestSimpsonDiversity::test_highly_diverse_approaches_one PASSED [  9%]
tests/unit/core/test_audit_vectors.py::TestSimpsonDiversity::test_result_in_valid_range PASSED [  9%]
tests/unit/core/test_audit_vectors.py::TestSimpsonDiversity::test_symmetric_invariant PASSED [  9%]
tests/unit/core/test_audit_vectors.py::TestSimpsonDiversity::test_property_always_in_range PASSED [  9%]
tests/unit/core/test_audit_vectors.py::TestShannonEntropy::test_empty_distribution PASSED [  9%]
tests/unit/core/test_audit_vectors.py::TestShannonEntropy::test_monopoly_zero_entropy PASSED [  9%]
tests/unit/core/test_audit_vectors.py::TestShannonEntropy::test_uniform_distribution_max_entropy PASSED [  9%]
tests/unit/core/test_audit_vectors.py::TestShannonEntropy::test_effective_species_interpretation PASSED [  9%]
tests/unit/core/test_audit_vectors.py::TestShannonEntropy::test_entropy_in_valid_range PASSED [  9%]
tests/unit/core/test_audit_vectors.py::TestShannonEntropy::test_duopoly_specific_value PASSED [  9%]
tests/unit/core/test_audit_vectors.py::TestGiniCoefficient::test_empty_distribution PASSED [  9%]
tests/unit/core/test_audit_vectors.py::TestGiniCoefficient::test_single_element PASSED [  9%]
tests/unit/core/test_audit_vectors.py::TestGiniCoefficient::test_uniform_distribution_zero_gini PASSED [  9%]
tests/unit/core/test_audit_vectors.py::TestGiniCoefficient::test_extreme_inequality_high_gini PASSED [  9%]
tests/unit/core/test_audit_vectors.py::TestGiniCoefficient::test_moderate_inequality PASSED [  9%]
tests/unit/core/test_audit_vectors.py::TestGiniCoefficient::test_gini_in_valid_range PASSED [  9%]
tests/unit/core/test_audit_vectors.py::TestGiniCoefficient::test_gini_increases_with_concentration PASSED [  9%]
tests/unit/core/test_audit_vectors.py::TestConnectivityRatio::test_zero_structure_load PASSED [  9%]
tests/unit/core/test_audit_vectors.py::TestConnectivityRatio::test_expected_ratio_gives_half PASSED [  9%]
tests/unit/core/test_audit_vectors.py::TestConnectivityRatio::test_double_expected_gives_high PASSED [  9%]
tests/unit/core/test_audit_vectors.py::TestConnectivityRatio::test_half_expected_gives_low PASSED [  9%]
tests/unit/core/test_audit_vectors.py::TestConnectivityRatio::test_zero_edges PASSED [  9%]
[...]
tests/unit/wisdom/test_semantic_estimator.py::TestSearchEngineSemantic::test_match_semantico_bajo_umbral PASSED [ 98%]
tests/unit/wisdom/test_semantic_estimator.py::TestSearchEngineSemantic::test_sin_artefactos PASSED [ 98%]
tests/unit/wisdom/test_semantic_estimator.py::TestSearchEngineSemantic::test_query_vacio PASSED [ 98%]
tests/unit/wisdom/test_semantic_estimator.py::TestSearchEngineSemantic::test_query_muy_corto PASSED [ 98%]
tests/unit/wisdom/test_semantic_estimator.py::TestSearchEngineSemantic::test_pool_vacio PASSED [ 98%]
tests/unit/wisdom/test_semantic_estimator.py::TestSearchEngineSemantic::test_pool_sin_columna_codigo PASSED [ 98%]
tests/unit/wisdom/test_semantic_estimator.py::TestSearchEngineSemantic::test_codigo_no_en_pool PASSED [ 98%]
tests/unit/wisdom/test_semantic_estimator.py::TestSearchEngineSemantic::test_similitud_fuera_de_rango PASSED [ 98%]
tests/unit/wisdom/test_semantic_estimator.py::TestSearchEngineSemantic::test_error_en_encode PASSED [ 98%]
tests/unit/wisdom/test_semantic_estimator.py::TestSearchEngineSemantic::test_embedding_vacio PASSED [ 98%]
tests/unit/wisdom/test_semantic_estimator.py::TestSearchEngineBestMatch::test_cascada_semantico_primero PASSED [ 98%]
tests/unit/wisdom/test_semantic_estimator.py::TestSearchEngineBestMatch::test_cascada_fallback_keyword PASSED [ 98%]
tests/unit/wisdom/test_semantic_estimator.py::TestCostCalculatorFactors::test_factores_por_defecto PASSED [ 98%]
tests/unit/wisdom/test_semantic_estimator.py::TestCostCalculatorFactors::test_factores_zona PASSED [ 98%]
tests/unit/wisdom/test_semantic_estimator.py::TestCostCalculatorFactors::test_factores_izaje PASSED [ 98%]
tests/unit/wisdom/test_semantic_estimator.py::TestCostCalculatorFactors::test_factores_seguridad PASSED [ 98%]
tests/unit/wisdom/test_semantic_estimator.py::TestCostCalculatorFactors::test_factores_combinados PASSED [ 98%]
tests/unit/wisdom/test_semantic_estimator.py::TestCostCalculatorFactors::test_zona_desconocida_usa_default PASSED [ 98%]
tests/unit/wisdom/test_semantic_estimator.py::TestCostCalculatorFactors::test_thresholds_extraction PASSED [ 98%]
tests/unit/wisdom/test_semantic_estimator.py::TestCostCalculatorFactors::test_config_corrupta PASSED [ 98%]
tests/unit/wisdom/test_semantic_estimator.py::TestCostCalculatorLaborCost::test_calculo_normal PASSED [ 98%]
tests/unit/wisdom/test_semantic_estimator.py::TestCostCalculatorLaborCost::test_con_factor_seguridad PASSED [ 98%]
tests/unit/wisdom/test_semantic_estimator.py::TestCostCalculatorLaborCost::test_rendimiento_cero PASSED [ 98%]
tests/unit/wisdom/test_semantic_estimator.py::TestCostCalculatorLaborCost::test_rendimiento_muy_pequeno PASSED [ 98%]
tests/unit/wisdom/test_semantic_estimator.py::TestCostCalculatorLaborCost::test_rendimiento_en_limite PASSED [ 98%]
tests/unit/wisdom/test_semantic_estimator.py::TestCostCalculatorLaborCost::test_costo_excesivo_clamped PASSED [ 98%]
tests/unit/wisdom/test_semantic_estimator.py::TestCostCalculatorLaborCost::test_costo_dia_cero PASSED [ 98%]
tests/unit/wisdom/test_semantic_estimator.py::TestCostCalculatorRendimiento::test_rendimiento_normal PASSED [ 98%]
tests/unit/wisdom/test_semantic_estimator.py::TestCostCalculatorRendimiento::test_sin_detalle PASSED [ 98%]
tests/unit/wisdom/test_semantic_estimator.py::TestCostCalculatorRendimiento::test_sin_mano_obra PASSED [ 98%]
tests/unit/wisdom/test_semantic_estimator.py::TestCostCalculatorRendimiento::test_tiempo_total_cero PASSED [ 98%]
tests/unit/wisdom/test_semantic_estimator.py::TestCostCalculatorRendimiento::test_codigo_no_encontrado PASSED [ 98%]
tests/unit/wisdom/test_semantic_estimator.py::TestCostCalculatorRendimiento::test_columnas_faltantes PASSED [ 98%]
tests/unit/wisdom/test_semantic_estimator.py::TestCostCalculatorRendimiento::test_rendimiento_anormalmente_alto PASSED [ 98%]
tests/unit/wisdom/test_semantic_estimator.py::TestCostCalculatorHistoricalAverage::test_promedio_normal PASSED [ 98%]
tests/unit/wisdom/test_semantic_estimator.py::TestCostCalculatorHistoricalAverage::test_sin_keywords_significativas PASSED [ 98%]
tests/unit/wisdom/test_semantic_estimator.py::TestCostCalculatorHistoricalAverage::test_sin_matches PASSED [ 98%]
tests/unit/wisdom/test_semantic_estimator.py::TestCostCalculatorHistoricalAverage::test_sin_columna_rendimiento PASSED [ 98%]
tests/unit/wisdom/test_semantic_estimator.py::TestCostCalculatorHistoricalAverage::test_todos_rendimiento_cero PASSED [ 99%]
tests/unit/wisdom/test_semantic_estimator.py::TestCostCalculatorHistoricalAverage::test_confianza_acotada PASSED [ 99%]
tests/unit/wisdom/test_semantic_estimator.py::TestCostCalculatorCalculate::test_sin_apus PASSED [ 99%]
tests/unit/wisdom/test_semantic_estimator.py::TestCostCalculatorCalculate::test_sin_material PASSED [ 99%]
tests/unit/wisdom/test_semantic_estimator.py::TestCostCalculatorCalculate::test_estimacion_basica PASSED [ 99%]
tests/unit/wisdom/test_semantic_estimator.py::TestCostCalculatorCalculate::test_con_factores PASSED [ 99%]
tests/unit/wisdom/test_semantic_estimator.py::TestCostCalculatorCalculate::test_con_cuadrilla PASSED [ 99%]
tests/unit/wisdom/test_semantic_estimator.py::TestCostCalculatorCalculate::test_derivation_details_presentes PASSED [ 99%]
tests/unit/wisdom/test_semantic_estimator.py::TestCostCalculatorCalculate::test_codigos_apu_en_resultado PASSED [ 99%]
tests/unit/wisdom/test_semantic_estimator.py::TestCostCalculatorCalculate::test_datos_apu_invalidos PASSED [ 99%]
tests/unit/wisdom/test_semantic_estimator.py::TestCostCalculatorCalculate::test_rendimiento_en_resultado PASSED [ 99%]
tests/unit/wisdom/test_semantic_estimator.py::TestCostCalculatorFilters::test_filter_pool_existente PASSED [ 99%]
tests/unit/wisdom/test_semantic_estimator.py::TestCostCalculatorFilters::test_filter_pool_columna_faltante PASSED [ 99%]
tests/unit/wisdom/test_semantic_estimator.py::TestCostCalculatorFilters::test_filter_pool_sin_coincidencias PASSED [ 99%]
tests/unit/wisdom/test_semantic_estimator.py::TestCostCalculatorFilters::test_filter_by_unit PASSED [ 99%]
tests/unit/wisdom/test_semantic_estimator.py::TestCostCalculatorFilters::test_filter_by_unit_sin_columna PASSED [ 99%]
tests/unit/wisdom/test_semantic_estimator.py::TestSemanticEstimatorServiceLifecycle::test_inicializacion PASSED [ 99%]
tests/unit/wisdom/test_semantic_estimator.py::TestSemanticEstimatorServiceLifecycle::test_ready_event_señalizado PASSED [ 99%]
tests/unit/wisdom/test_semantic_estimator.py::TestSemanticEstimatorServiceLifecycle::test_wait_until_ready_timeout PASSED [ 99%]
tests/unit/wisdom/test_semantic_estimator.py::TestSemanticEstimatorServiceLifecycle::test_is_ready_sin_artifacts PASSED [ 99%]
tests/unit/wisdom/test_semantic_estimator.py::TestSemanticEstimatorServiceLifecycle::test_is_ready_con_artifacts PASSED [ 99%]
tests/unit/wisdom/test_semantic_estimator.py::TestSemanticEstimatorServiceProjection::test_projec_exitoso PASSED [ 99%]
tests/unit/wisdom/test_semantic_estimator.py::TestSemanticEstimatorServiceProjection::test_servicio_no_listo PASSED [ 99%]
tests/unit/wisdom/test_semantic_estimator.py::TestSemanticEstimatorServiceProjection::test_pool_vacio PASSED [ 99%]
tests/unit/wisdom/test_semantic_estimator.py::TestSemanticEstimatorServiceProjection::test_pool_como_lista PASSED [ 99%]
tests/unit/wisdom/test_semantic_estimator.py::TestSemanticEstimatorServiceProjection::test_con_telemetria PASSED [ 99%]
tests/unit/wisdom/test_semantic_estimator.py::TestSemanticEstimatorServiceProjection::test_error_interno PASSED [ 99%]
tests/unit/wisdom/test_semantic_estimator.py::TestSemanticEstimatorServiceEstimate::test_estimacion_basica PASSED [ 99%]
tests/unit/wisdom/test_semantic_estimator.py::TestSemanticEstimatorServiceEstimate::test_sin_material PASSED [ 99%]
tests/unit/wisdom/test_semantic_estimator.py::TestSemanticEstimatorServiceEstimate::test_data_store_vacio PASSED [ 99%]
tests/unit/wisdom/test_semantic_estimator.py::TestSemanticEstimatorServiceEstimate::test_con_telemetria_error PASSED [ 99%]
tests/unit/wisdom/test_semantic_estimator.py::TestSemanticEstimatorServiceMIC::test_register_in_mic PASSED [ 99%]
tests/unit/wisdom/test_semantic_estimator.py::TestDataclasses::test_derivation_details_inmutable PASSED [ 99%]
tests/unit/wisdom/test_semantic_estimator.py::TestDataclasses::test_match_candidate_rank_key PASSED [ 99%]
tests/unit/wisdom/test_semantic_estimator.py::TestDataclasses::test_match_candidate_sin_similitud PASSED [ 99%]
tests/unit/wisdom/test_semantic_estimator.py::TestDataclasses::test_search_artifacts_inmutable PASSED [ 99%]
tests/unit/wisdom/test_semantic_estimator.py::TestDataclasses::test_search_artifacts_is_complete PASSED [ 99%]
tests/unit/wisdom/test_semantic_estimator.py::TestDataclasses::test_search_artifacts_incompleto PASSED [ 99%]
tests/unit/wisdom/test_semantic_estimator.py::TestDataclasses::test_search_artifacts_mapa_vacio PASSED [ 99%]
tests/unit/wisdom/test_semantic_estimator.py::TestDataclasses::test_data_quality_metrics PASSED [ 99%]
tests/unit/wisdom/test_semantic_estimator.py::TestDataclasses::test_estimation_factors_defaults PASSED [ 99%]
tests/unit/wisdom/test_semantic_estimator.py::TestDataclasses::test_estimation_components_defaults PASSED [ 99%]
tests/unit/wisdom/test_semantic_estimator.py::TestEnumeraciones::test_match_mode_values PASSED [ 99%]
tests/unit/wisdom/test_semantic_estimator.py::TestEnumeraciones::test_tipo_apu_values PASSED [ 99%]
tests/unit/wisdom/test_semantic_estimator.py::TestEnumeraciones::test_tipo_recurso_values PASSED [ 99%]
tests/unit/wisdom/test_semantic_estimator.py::TestEnumeraciones::test_tipo_recurso_distinto_de_schema PASSED [ 99%]
tests/unit/wisdom/test_semantic_estimator.py::TestCasosLimite::test_df_con_nan_en_desc PASSED [ 99%]
tests/unit/wisdom/test_semantic_estimator.py::TestCasosLimite::test_df_con_tipos_mixtos PASSED [ 99%]
tests/unit/wisdom/test_semantic_estimator.py::TestCasosLimite::test_miles_de_registros PASSED [ 99%]
tests/unit/wisdom/test_semantic_estimator.py::TestCasosLimite::test_unicode_en_descriptions PASSED [ 99%]
tests/unit/wisdom/test_semantic_estimator.py::TestCasosLimite::test_financial_analysis_sin_codigos PASSED [ 99%]
tests/unit/wisdom/test_semantic_estimator.py::TestCasosLimite::test_financial_analysis_con_error PASSED [ 99%]
tests/unit/wisdom/test_semantic_estimator.py::TestCasosLimite::test_error_result_formato PASSED [ 99%]
tests/unit/wisdom/test_semantic_estimator.py::TestCasosLimite::test_details_to_dict_none PASSED [ 99%]
tests/unit/wisdom/test_semantic_estimator.py::TestCasosLimite::test_details_to_dict_normal PASSED [ 99%]
tests/unit/wisdom/test_semantic_estimator.py::TestCasosLimite::test_config_param_map PASSED [ 99%]
tests/unit/wisdom/test_semantic_estimator.py::TestIntegracion::test_flujo_completo_estimacion PASSED [ 99%]
tests/unit/wisdom/test_semantic_estimator.py::TestIntegracion::test_servicio_completo PASSED [ 99%]
tests/unit/wisdom/test_semantic_estimator.py::TestIntegracion::test_resilencia_sin_modelo PASSED [ 99%]
tests/unit/wisdom/test_semantic_estimator.py::TestIntegracion::test_multiple_estimaciones_independientes PASSED [100%]

=============================== warnings summary ===============================
tests/unit/core/test_pyramidal_logic.py::TestInsumoProcesado::test_insumo_id_uniqueness_same_apu
tests/unit/core/test_pyramidal_logic.py::TestAPUStructure::test_apu_add_single_resource
tests/unit/core/test_pyramidal_logic.py::TestAPUStructure::test_apu_add_multiple_resources_incremental
tests/unit/core/test_pyramidal_logic.py::TestAPUSupportMonotonicity::test_support_monotonically_increasing
tests/unit/core/test_pyramidal_logic.py::TestAPUSupportMonotonicity::test_support_never_decreases
tests/unit/core/test_pyramidal_logic.py::TestAPUStratumRelations::test_apu_stratum_above_insumos
  /home/gerardo/Documentos/GitHub/apu_filter/tests/unit/core/test_pyramidal_logic.py:398: UserWarning: InsumoProcesado [APU001]: Unidad 'KG' no está en las unidades esperadas frozenset({'U', 'PAR', 'UNIDAD', 'UND', 'JUEGO', '%', 'KIT'})
    return InsumoProcesado(

tests/unit/core/test_pyramidal_logic.py::TestAPUStructure::test_apu_add_single_resource
tests/unit/core/test_pyramidal_logic.py::TestAPUStructure::test_apu_add_multiple_resources_incremental
tests/unit/core/test_pyramidal_logic.py::TestAPUSupportMonotonicity::test_support_monotonically_increasing
tests/unit/core/test_pyramidal_logic.py::TestAPUSupportMonotonicity::test_support_never_decreases
tests/unit/core/test_pyramidal_logic.py::TestAPUStratumRelations::test_apu_stratum_above_insumos
  /home/gerardo/Documentos/GitHub/apu_filter/tests/unit/core/test_pyramidal_logic.py:398: UserWarning: InsumoProcesado [APU001]: Unidad 'HORA' no está en las unidades esperadas frozenset({'U', 'PAR', 'UNIDAD', 'UND', 'JUEGO', '%', 'KIT'})
    return InsumoProcesado(

tests/unit/core/test_schemas.py::TestConsistenciaValorTotal::test_consistencia_exacta
  /home/gerardo/Documentos/GitHub/apu_filter/tests/unit/core/test_schemas.py:708: UserWarning: Discrepancia Rendimiento/Cantidad en APU-001: cantidad=10.0000, esperada=2.0000 (rendimiento=0.5, Δ=80.00%)
    insumo = create_insumo(**datos_insumo_base)

tests/unit/core/test_schemas.py::TestConsistenciaValorTotal::test_cero_por_cero_es_valido
  /home/gerardo/Documentos/GitHub/apu_filter/tests/unit/core/test_schemas.py:733: UserWarning: Discrepancia Rendimiento/Cantidad en APU-001: cantidad=0.0000, esperada=2.0000 (rendimiento=0.5, Δ=100.00%)
    insumo = create_insumo(**datos_insumo_base)

tests/unit/core/test_schemas.py::TestCostBreakdown::test_fractions_valores_cero
  /home/gerardo/Documentos/GitHub/apu_filter/tests/unit/core/test_schemas.py:971: UserWarning: Discrepancia Rendimiento/Cantidad en APU-001: cantidad=0.0000, esperada=2.0000 (rendimiento=0.5, Δ=100.00%)
    insumo = create_insumo(**datos_insumo_base)

tests/unit/core/test_schemas.py::TestTopologicalStabilityIndex::test_distribucion_uniforme_maxima_entropia
  /home/gerardo/Documentos/GitHub/apu_filter/tests/unit/core/test_schemas.py:1037: UserWarning: Discrepancia Rendimiento/Cantidad en APU-001: cantidad=1.0000, esperada=2.0000 (rendimiento=0.5, Δ=50.00%)
    apu.add_resource(create_insumo(**d))

tests/unit/core/test_schemas.py::TestTopologicalStabilityIndex::test_recursos_con_valor_cero
  /home/gerardo/Documentos/GitHub/apu_filter/tests/unit/core/test_schemas.py:1052: UserWarning: Discrepancia Rendimiento/Cantidad en APU-001: cantidad=0.0000, esperada=2.0000 (rendimiento=0.5, Δ=100.00%)
    apu.add_resource(create_insumo(**d))

tests/unit/core/test_schemas.py::TestTopologicalStabilityIndex::test_dos_recursos_mismo_tipo_valor_diferente
  /home/gerardo/Documentos/GitHub/apu_filter/tests/unit/core/test_schemas.py:1073: UserWarning: Discrepancia Rendimiento/Cantidad en APU-001: cantidad=1.0000, esperada=2.0000 (rendimiento=0.5, Δ=50.00%)
    apu.add_resource(create_insumo(**d1))

tests/unit/core/test_schemas.py::TestTopologicalStabilityIndex::test_dos_recursos_mismo_tipo_valor_diferente
  /home/gerardo/Documentos/GitHub/apu_filter/tests/unit/core/test_schemas.py:1080: UserWarning: Discrepancia Rendimiento/Cantidad en APU-001: cantidad=1.0000, esperada=2.0000 (rendimiento=0.5, Δ=50.00%)
    apu.add_resource(create_insumo(**d2))

tests/unit/core/test_schemas.py::TestCasosLimite::test_valores_en_limites_exactos
  /home/gerardo/Documentos/GitHub/apu_filter/tests/unit/core/test_schemas.py:1323: UserWarning: Discrepancia Rendimiento/Cantidad en APU-001: cantidad=1000000.0000, esperada=2.0000 (rendimiento=0.5, Δ=100.00%)
    insumo = create_insumo(**datos_insumo_base)

tests/unit/core/test_schemas.py::TestCasosLimite::test_cantidad_cero_es_valida
  /home/gerardo/Documentos/GitHub/apu_filter/tests/unit/core/test_schemas.py:1330: UserWarning: Discrepancia Rendimiento/Cantidad en APU-001: cantidad=0.0000, esperada=2.0000 (rendimiento=0.5, Δ=100.00%)
    insumo = create_insumo(**datos_insumo_base)

tests/unit/core/test_schemas.py::TestCasosLimite::test_precision_numerica_flotante
  /home/gerardo/Documentos/GitHub/apu_filter/tests/unit/core/test_schemas.py:1369: UserWarning: Discrepancia Rendimiento/Cantidad en APU-001: cantidad=0.3333, esperada=2.0000 (rendimiento=0.5, Δ=83.33%)
    insumo = create_insumo(**datos_insumo_base)

tests/unit/core/test_schemas.py::TestEdgeCasesEntropy::test_un_recurso_domina
  /home/gerardo/Documentos/GitHub/apu_filter/tests/unit/core/test_schemas.py:1520: UserWarning: Discrepancia Rendimiento/Cantidad en APU-001: cantidad=1.0000, esperada=2.0000 (rendimiento=0.5, Δ=50.00%)
    apu.add_resource(create_insumo(**d_grande))

tests/unit/core/test_schemas.py::TestEdgeCasesEntropy::test_distribucion_perfectamente_uniforme
  /home/gerardo/Documentos/GitHub/apu_filter/tests/unit/core/test_schemas.py:1544: UserWarning: Discrepancia Rendimiento/Cantidad en APU-001: cantidad=1.0000, esperada=2.0000 (rendimiento=0.5, Δ=50.00%)
    apu.add_resource(create_insumo(**d))

tests/unit/core/test_schemas.py::TestEdgeCasesEntropy::test_entropia_con_valores_muy_pequenos
  /home/gerardo/Documentos/GitHub/apu_filter/tests/unit/core/test_schemas.py:1560: UserWarning: Discrepancia Rendimiento/Cantidad en APU-001: cantidad=0.0001, esperada=2.0000 (rendimiento=0.5, Δ=100.00%)
    apu.add_resource(create_insumo(**d))

tests/unit/core/test_schemas.py::TestIntegracion::test_pipeline_raw_a_apu
  /home/gerardo/Documentos/GitHub/apu_filter/app/core/schemas.py:1274: UserWarning: Discrepancia Rendimiento/Cantidad en INT-001: cantidad=1.5000, esperada=0.1250 (rendimiento=8.0, Δ=91.67%)
    return create_insumo(**validated)

tests/unit/physics/test_flux_condenser.py::TestEdgeCases::test_engine_very_high_natural_frequency
  /home/gerardo/Documentos/GitHub/apu_filter/app/physics/flux_condenser.py:2422: RuntimeWarning: overflow encountered in scalar power
    R_eff = self.R * (1.0 + 0.1 * I**2)

tests/unit/physics/test_flux_condenser.py::TestEdgeCases::test_engine_very_high_natural_frequency
  /home/gerardo/Documentos/GitHub/apu_filter/app/physics/flux_condenser.py:2585: RuntimeWarning: invalid value encountered in add
    return y_in + (h/6.0)*(k1 + 2*k2 + 2*k3 + k4)

tests/unit/strategy/test_app.py: 51 warnings
  /home/gerardo/miniconda3/envs/apu_filter_env/lib/python3.10/site-packages/flask_session/base.py:172: DeprecationWarning: The 'use_signer' option is deprecated and will be removed in the next minor release. Please update your configuration accordingly or open an issue.
    warnings.warn(

tests/unit/strategy/test_app.py::TestCreateApp::test_create_app_development
tests/unit/strategy/test_app.py::TestCreateApp::test_create_app_testing
tests/unit/strategy/test_app.py::TestCreateApp::test_create_app_production
tests/unit/strategy/test_app.py::TestCreateApp::test_create_app_config_loading
tests/unit/strategy/test_app.py::TestCreateApp::test_create_app_upload_folder_creation
tests/unit/strategy/test_app.py::TestCreateApp::test_create_app_session_configuration
  /home/gerardo/miniconda3/envs/apu_filter_env/lib/python3.10/site-packages/flask_session/redis/redis.py:51: RuntimeWarning: No valid Redis instance provided, attempting to create a new instance on localhost with default settings.
    warnings.warn(

tests/unit/tactics/test_apu_processor.py: 13 warnings
  /home/gerardo/Documentos/GitHub/apu_filter/app/tactics/apu_processor.py:1592: UserWarning: Suministro [2.1]: Unidad 'HORA' no está en las unidades esperadas frozenset({'U', 'M3', 'GR', 'M2', 'MM', 'UND', 'PAR', 'KM', '%', 'KIT', 'TON', 'GAL', 'ML', 'JUEGO', 'CM', 'LB', 'M', 'L', 'CM2', 'UNIDAD', 'KG'})
    return InsumoClass(

tests/unit/wisdom/test_semantic_estimator.py: 13 warnings
  /home/gerardo/Documentos/GitHub/apu_filter/app/wisdom/semantic_estimator.py:1482: DeprecationWarning: run_monte_carlo_simulation está deprecada. Use MonteCarloSimulator directamente para funcionalidad completa.
    mc = run_monte_carlo_simulation(insumos)

-- Docs: https://docs.pytest.org/en/stable/how-to/capture-warnings.html
========== 5902 passed, 18 skipped, 110 warnings in 78.97s (0:01:18) ===========
