CONTAINER ID  IMAGE                             COMMAND               CREATED        STATUS                         PORTS                   NAMES
137f6f060255  docker.io/library/redis:7-alpine  redis-server --ap...  2 minutes ago  Up 2 minutes (healthy)         0.0.0.0:6379->6379/tcp  apu_redis
8604a3c165f0  localhost/apu-core:latest         gunicorn --worker...  2 minutes ago  Up 34 seconds (starting)       0.0.0.0:5002->5002/tcp  apu_core
a0fe78ff5bff  localhost/apu-agent:latest                              2 minutes ago  Exited (1) About a minute ago                          apu_agent

[2025-12-03 01:25:28 +0000] [1] [INFO] Starting gunicorn 23.0.0
[2025-12-03 01:25:28 +0000] [1] [INFO] Listening at: http://0.0.0.0:5002 (1)
[2025-12-03 01:25:28 +0000] [1] [INFO] Using worker: sync
[2025-12-03 01:25:28 +0000] [5] [INFO] Booting worker with pid: 5
[2025-12-03 01:25:28 +0000] [6] [INFO] Booting worker with pid: 6
[2025-12-03 01:25:28 +0000] [7] [INFO] Booting worker with pid: 7
[2025-12-03 01:25:28 +0000] [9] [INFO] Booting worker with pid: 9
[2025-12-03 01:26:55 +0000] [5] [ERROR] Exception in worker process
Traceback (most recent call last):
  File "/usr/local/lib/python3.10/site-packages/gunicorn/arbiter.py", line 608, in spawn_worker
    worker.init_process()
  File "/usr/local/lib/python3.10/site-packages/gunicorn/workers/base.py", line 135, in init_process
    self.load_wsgi()
  File "/usr/local/lib/python3.10/site-packages/gunicorn/workers/base.py", line 147, in load_wsgi
    self.wsgi = self.app.wsgi()
  File "/usr/local/lib/python3.10/site-packages/gunicorn/app/base.py", line 66, in wsgi
    self.callable = self.load()
  File "/usr/local/lib/python3.10/site-packages/gunicorn/app/wsgiapp.py", line 57, in load
    return self.load_wsgiapp()
  File "/usr/local/lib/python3.10/site-packages/gunicorn/app/wsgiapp.py", line 47, in load_wsgiapp
    return util.import_app(self.app_uri)
  File "/usr/local/lib/python3.10/site-packages/gunicorn/util.py", line 370, in import_app
    mod = importlib.import_module(module)
  File "/usr/local/lib/python3.10/importlib/__init__.py", line 126, in import_module
    return _bootstrap._gcd_import(name[level:], package, level)
  File "<frozen importlib._bootstrap>", line 1050, in _gcd_import
  File "<frozen importlib._bootstrap>", line 1027, in _find_and_load
  File "<frozen importlib._bootstrap>", line 1006, in _find_and_load_unlocked
  File "<frozen importlib._bootstrap>", line 688, in _load_unlocked
  File "<frozen importlib._bootstrap_external>", line 883, in exec_module
  File "<frozen importlib._bootstrap>", line 241, in _call_with_frames_removed
  File "/app/wsgi.py", line 3, in <module>
    from app.app import create_app
  File "/app/app/app.py", line 56, in <module>
    from .tools_interface import clean_file, diagnose_file, get_telemetry_status
  File "/app/app/tools_interface.py", line 16, in <module>
    from scripts.clean_csv import CSVCleaner
ModuleNotFoundError: No module named 'scripts'
[2025-12-03 01:26:55 +0000] [5] [INFO] Worker exiting (pid: 5)
[2025-12-03 01:26:55 +0000] [6] [ERROR] Exception in worker process
Traceback (most recent call last):
  File "/usr/local/lib/python3.10/site-packages/gunicorn/arbiter.py", line 608, in spawn_worker
    worker.init_process()
  File "/usr/local/lib/python3.10/site-packages/gunicorn/workers/base.py", line 135, in init_process
    self.load_wsgi()
  File "/usr/local/lib/python3.10/site-packages/gunicorn/workers/base.py", line 147, in load_wsgi
    self.wsgi = self.app.wsgi()
  File "/usr/local/lib/python3.10/site-packages/gunicorn/app/base.py", line 66, in wsgi
    self.callable = self.load()
  File "/usr/local/lib/python3.10/site-packages/gunicorn/app/wsgiapp.py", line 57, in load
    return self.load_wsgiapp()
  File "/usr/local/lib/python3.10/site-packages/gunicorn/app/wsgiapp.py", line 47, in load_wsgiapp
    return util.import_app(self.app_uri)
  File "/usr/local/lib/python3.10/site-packages/gunicorn/util.py", line 370, in import_app
    mod = importlib.import_module(module)
  File "/usr/local/lib/python3.10/importlib/__init__.py", line 126, in import_module
    return _bootstrap._gcd_import(name[level:], package, level)
  File "<frozen importlib._bootstrap>", line 1050, in _gcd_import
  File "<frozen importlib._bootstrap>", line 1027, in _find_and_load
  File "<frozen importlib._bootstrap>", line 1006, in _find_and_load_unlocked
  File "<frozen importlib._bootstrap>", line 688, in _load_unlocked
  File "<frozen importlib._bootstrap_external>", line 883, in exec_module
  File "<frozen importlib._bootstrap>", line 241, in _call_with_frames_removed
  File "/app/wsgi.py", line 3, in <module>
    from app.app import create_app
  File "/app/app/app.py", line 56, in <module>
    from .tools_interface import clean_file, diagnose_file, get_telemetry_status
  File "/app/app/tools_interface.py", line 16, in <module>
    from scripts.clean_csv import CSVCleaner
ModuleNotFoundError: No module named 'scripts'
[2025-12-03 01:26:55 +0000] [6] [INFO] Worker exiting (pid: 6)
[2025-12-03 01:26:55 +0000] [7] [ERROR] Exception in worker process
Traceback (most recent call last):
  File "/usr/local/lib/python3.10/site-packages/gunicorn/arbiter.py", line 608, in spawn_worker
    worker.init_process()
  File "/usr/local/lib/python3.10/site-packages/gunicorn/workers/base.py", line 135, in init_process
    self.load_wsgi()
  File "/usr/local/lib/python3.10/site-packages/gunicorn/workers/base.py", line 147, in load_wsgi
    self.wsgi = self.app.wsgi()
  File "/usr/local/lib/python3.10/site-packages/gunicorn/app/base.py", line 66, in wsgi
    self.callable = self.load()
  File "/usr/local/lib/python3.10/site-packages/gunicorn/app/wsgiapp.py", line 57, in load
    return self.load_wsgiapp()
  File "/usr/local/lib/python3.10/site-packages/gunicorn/app/wsgiapp.py", line 47, in load_wsgiapp
    return util.import_app(self.app_uri)
  File "/usr/local/lib/python3.10/site-packages/gunicorn/util.py", line 370, in import_app
    mod = importlib.import_module(module)
  File "/usr/local/lib/python3.10/importlib/__init__.py", line 126, in import_module
    return _bootstrap._gcd_import(name[level:], package, level)
  File "<frozen importlib._bootstrap>", line 1050, in _gcd_import
  File "<frozen importlib._bootstrap>", line 1027, in _find_and_load
  File "<frozen importlib._bootstrap>", line 1006, in _find_and_load_unlocked
  File "<frozen importlib._bootstrap>", line 688, in _load_unlocked
  File "<frozen importlib._bootstrap_external>", line 883, in exec_module
  File "<frozen importlib._bootstrap>", line 241, in _call_with_frames_removed
  File "/app/wsgi.py", line 3, in <module>
    from app.app import create_app
  File "/app/app/app.py", line 56, in <module>
    from .tools_interface import clean_file, diagnose_file, get_telemetry_status
  File "/app/app/tools_interface.py", line 16, in <module>
    from scripts.clean_csv import CSVCleaner
ModuleNotFoundError: No module named 'scripts'
[2025-12-03 01:26:55 +0000] [7] [INFO] Worker exiting (pid: 7)
[2025-12-03 01:26:57 +0000] [9] [ERROR] Exception in worker process
Traceback (most recent call last):
  File "/usr/local/lib/python3.10/site-packages/gunicorn/arbiter.py", line 608, in spawn_worker
    worker.init_process()
  File "/usr/local/lib/python3.10/site-packages/gunicorn/workers/base.py", line 135, in init_process
    self.load_wsgi()
  File "/usr/local/lib/python3.10/site-packages/gunicorn/workers/base.py", line 147, in load_wsgi
    self.wsgi = self.app.wsgi()
  File "/usr/local/lib/python3.10/site-packages/gunicorn/app/base.py", line 66, in wsgi
    self.callable = self.load()
  File "/usr/local/lib/python3.10/site-packages/gunicorn/app/wsgiapp.py", line 57, in load
    return self.load_wsgiapp()
  File "/usr/local/lib/python3.10/site-packages/gunicorn/app/wsgiapp.py", line 47, in load_wsgiapp
    return util.import_app(self.app_uri)
  File "/usr/local/lib/python3.10/site-packages/gunicorn/util.py", line 370, in import_app
    mod = importlib.import_module(module)
  File "/usr/local/lib/python3.10/importlib/__init__.py", line 126, in import_module
    return _bootstrap._gcd_import(name[level:], package, level)
  File "<frozen importlib._bootstrap>", line 1050, in _gcd_import
  File "<frozen importlib._bootstrap>", line 1027, in _find_and_load
  File "<frozen importlib._bootstrap>", line 1006, in _find_and_load_unlocked
  File "<frozen importlib._bootstrap>", line 688, in _load_unlocked
  File "<frozen importlib._bootstrap_external>", line 883, in exec_module
  File "<frozen importlib._bootstrap>", line 241, in _call_with_frames_removed
  File "/app/wsgi.py", line 3, in <module>
    from app.app import create_app
  File "/app/app/app.py", line 56, in <module>
    from .tools_interface import clean_file, diagnose_file, get_telemetry_status
  File "/app/app/tools_interface.py", line 16, in <module>
    from scripts.clean_csv import CSVCleaner
ModuleNotFoundError: No module named 'scripts'
[2025-12-03 01:26:57 +0000] [9] [INFO] Worker exiting (pid: 9)
[2025-12-03 01:27:01 +0000] [1] [ERROR] Worker (pid:5) exited with code 3
[2025-12-03 01:27:01 +0000] [1] [ERROR] Worker (pid:9) was sent SIGTERM!
[2025-12-03 01:27:01 +0000] [1] [ERROR] Worker (pid:6) was sent SIGTERM!
[2025-12-03 01:27:01 +0000] [1] [ERROR] Worker (pid:7) was sent SIGTERM!
[2025-12-03 01:27:02 +0000] [1] [ERROR] Shutting down: Master
[2025-12-03 01:27:02 +0000] [1] [ERROR] Reason: Worker failed to boot.
[2025-12-03 01:27:04 +0000] [1] [INFO] Starting gunicorn 23.0.0
[2025-12-03 01:27:04 +0000] [1] [INFO] Listening at: http://0.0.0.0:5002 (1)
[2025-12-03 01:27:04 +0000] [1] [INFO] Using worker: sync
[2025-12-03 01:27:04 +0000] [5] [INFO] Booting worker with pid: 5
[2025-12-03 01:27:04 +0000] [6] [INFO] Booting worker with pid: 6
[2025-12-03 01:27:04 +0000] [8] [INFO] Booting worker with pid: 8
[2025-12-03 01:27:04 +0000] [9] [INFO] Booting worker with pid: 9
[2025-12-03 01:27:43 +0000] [8] [ERROR] Exception in worker process
Traceback (most recent call last):
  File "/usr/local/lib/python3.10/site-packages/gunicorn/arbiter.py", line 608, in spawn_worker
    worker.init_process()
  File "/usr/local/lib/python3.10/site-packages/gunicorn/workers/base.py", line 135, in init_process
    self.load_wsgi()
  File "/usr/local/lib/python3.10/site-packages/gunicorn/workers/base.py", line 147, in load_wsgi
    self.wsgi = self.app.wsgi()
  File "/usr/local/lib/python3.10/site-packages/gunicorn/app/base.py", line 66, in wsgi
    self.callable = self.load()
  File "/usr/local/lib/python3.10/site-packages/gunicorn/app/wsgiapp.py", line 57, in load
    return self.load_wsgiapp()
  File "/usr/local/lib/python3.10/site-packages/gunicorn/app/wsgiapp.py", line 47, in load_wsgiapp
    return util.import_app(self.app_uri)
  File "/usr/local/lib/python3.10/site-packages/gunicorn/util.py", line 370, in import_app
    mod = importlib.import_module(module)
  File "/usr/local/lib/python3.10/importlib/__init__.py", line 126, in import_module
    return _bootstrap._gcd_import(name[level:], package, level)
  File "<frozen importlib._bootstrap>", line 1050, in _gcd_import
  File "<frozen importlib._bootstrap>", line 1027, in _find_and_load
  File "<frozen importlib._bootstrap>", line 1006, in _find_and_load_unlocked
  File "<frozen importlib._bootstrap>", line 688, in _load_unlocked
  File "<frozen importlib._bootstrap_external>", line 883, in exec_module
  File "<frozen importlib._bootstrap>", line 241, in _call_with_frames_removed
  File "/app/wsgi.py", line 3, in <module>
    from app.app import create_app
  File "/app/app/app.py", line 56, in <module>
    from .tools_interface import clean_file, diagnose_file, get_telemetry_status
  File "/app/app/tools_interface.py", line 16, in <module>
    from scripts.clean_csv import CSVCleaner
ModuleNotFoundError: No module named 'scripts'
[2025-12-03 01:27:43 +0000] [8] [INFO] Worker exiting (pid: 8)
[2025-12-03 01:27:43 +0000] [5] [ERROR] Exception in worker process
Traceback (most recent call last):
  File "/usr/local/lib/python3.10/site-packages/gunicorn/arbiter.py", line 608, in spawn_worker
    worker.init_process()
  File "/usr/local/lib/python3.10/site-packages/gunicorn/workers/base.py", line 135, in init_process
    self.load_wsgi()
  File "/usr/local/lib/python3.10/site-packages/gunicorn/workers/base.py", line 147, in load_wsgi
    self.wsgi = self.app.wsgi()
  File "/usr/local/lib/python3.10/site-packages/gunicorn/app/base.py", line 66, in wsgi
    self.callable = self.load()
  File "/usr/local/lib/python3.10/site-packages/gunicorn/app/wsgiapp.py", line 57, in load
    return self.load_wsgiapp()
  File "/usr/local/lib/python3.10/site-packages/gunicorn/app/wsgiapp.py", line 47, in load_wsgiapp
    return util.import_app(self.app_uri)
  File "/usr/local/lib/python3.10/site-packages/gunicorn/util.py", line 370, in import_app
    mod = importlib.import_module(module)
  File "/usr/local/lib/python3.10/importlib/__init__.py", line 126, in import_module
    return _bootstrap._gcd_import(name[level:], package, level)
  File "<frozen importlib._bootstrap>", line 1050, in _gcd_import
  File "<frozen importlib._bootstrap>", line 1027, in _find_and_load
  File "<frozen importlib._bootstrap>", line 1006, in _find_and_load_unlocked
  File "<frozen importlib._bootstrap>", line 688, in _load_unlocked
  File "<frozen importlib._bootstrap_external>", line 883, in exec_module
  File "<frozen importlib._bootstrap>", line 241, in _call_with_frames_removed
  File "/app/wsgi.py", line 3, in <module>
    from app.app import create_app
  File "/app/app/app.py", line 56, in <module>
    from .tools_interface import clean_file, diagnose_file, get_telemetry_status
  File "/app/app/tools_interface.py", line 16, in <module>
    from scripts.clean_csv import CSVCleaner
ModuleNotFoundError: No module named 'scripts'
[2025-12-03 01:27:43 +0000] [5] [INFO] Worker exiting (pid: 5)
[2025-12-03 01:27:43 +0000] [9] [ERROR] Exception in worker process
Traceback (most recent call last):
  File "/usr/local/lib/python3.10/site-packages/gunicorn/arbiter.py", line 608, in spawn_worker
    worker.init_process()
  File "/usr/local/lib/python3.10/site-packages/gunicorn/workers/base.py", line 135, in init_process
    self.load_wsgi()
  File "/usr/local/lib/python3.10/site-packages/gunicorn/workers/base.py", line 147, in load_wsgi
    self.wsgi = self.app.wsgi()
  File "/usr/local/lib/python3.10/site-packages/gunicorn/app/base.py", line 66, in wsgi
    self.callable = self.load()
  File "/usr/local/lib/python3.10/site-packages/gunicorn/app/wsgiapp.py", line 57, in load
    return self.load_wsgiapp()
  File "/usr/local/lib/python3.10/site-packages/gunicorn/app/wsgiapp.py", line 47, in load_wsgiapp
    return util.import_app(self.app_uri)
  File "/usr/local/lib/python3.10/site-packages/gunicorn/util.py", line 370, in import_app
    mod = importlib.import_module(module)
  File "/usr/local/lib/python3.10/importlib/__init__.py", line 126, in import_module
    return _bootstrap._gcd_import(name[level:], package, level)
  File "<frozen importlib._bootstrap>", line 1050, in _gcd_import
  File "<frozen importlib._bootstrap>", line 1027, in _find_and_load
  File "<frozen importlib._bootstrap>", line 1006, in _find_and_load_unlocked
  File "<frozen importlib._bootstrap>", line 688, in _load_unlocked
  File "<frozen importlib._bootstrap_external>", line 883, in exec_module
  File "<frozen importlib._bootstrap>", line 241, in _call_with_frames_removed
  File "/app/wsgi.py", line 3, in <module>
    from app.app import create_app
  File "/app/app/app.py", line 56, in <module>
    from .tools_interface import clean_file, diagnose_file, get_telemetry_status
  File "/app/app/tools_interface.py", line 16, in <module>
    from scripts.clean_csv import CSVCleaner
ModuleNotFoundError: No module named 'scripts'
[2025-12-03 01:27:43 +0000] [9] [INFO] Worker exiting (pid: 9)
[2025-12-03 01:27:43 +0000] [6] [ERROR] Exception in worker process
Traceback (most recent call last):
  File "/usr/local/lib/python3.10/site-packages/gunicorn/arbiter.py", line 608, in spawn_worker
    worker.init_process()
  File "/usr/local/lib/python3.10/site-packages/gunicorn/workers/base.py", line 135, in init_process
    self.load_wsgi()
  File "/usr/local/lib/python3.10/site-packages/gunicorn/workers/base.py", line 147, in load_wsgi
    self.wsgi = self.app.wsgi()
  File "/usr/local/lib/python3.10/site-packages/gunicorn/app/base.py", line 66, in wsgi
    self.callable = self.load()
  File "/usr/local/lib/python3.10/site-packages/gunicorn/app/wsgiapp.py", line 57, in load
    return self.load_wsgiapp()
  File "/usr/local/lib/python3.10/site-packages/gunicorn/app/wsgiapp.py", line 47, in load_wsgiapp
    return util.import_app(self.app_uri)
  File "/usr/local/lib/python3.10/site-packages/gunicorn/util.py", line 370, in import_app
    mod = importlib.import_module(module)
  File "/usr/local/lib/python3.10/importlib/__init__.py", line 126, in import_module
    return _bootstrap._gcd_import(name[level:], package, level)
  File "<frozen importlib._bootstrap>", line 1050, in _gcd_import
  File "<frozen importlib._bootstrap>", line 1027, in _find_and_load
  File "<frozen importlib._bootstrap>", line 1006, in _find_and_load_unlocked
  File "<frozen importlib._bootstrap>", line 688, in _load_unlocked
  File "<frozen importlib._bootstrap_external>", line 883, in exec_module
  File "<frozen importlib._bootstrap>", line 241, in _call_with_frames_removed
  File "/app/wsgi.py", line 3, in <module>
    from app.app import create_app
  File "/app/app/app.py", line 56, in <module>
    from .tools_interface import clean_file, diagnose_file, get_telemetry_status
  File "/app/app/tools_interface.py", line 16, in <module>
    from scripts.clean_csv import CSVCleaner
ModuleNotFoundError: No module named 'scripts'
[2025-12-03 01:27:43 +0000] [6] [INFO] Worker exiting (pid: 6)
[2025-12-03 01:27:47 +0000] [1] [ERROR] Worker (pid:6) exited with code 3
[2025-12-03 01:27:47 +0000] [1] [ERROR] Worker (pid:9) exited with code 3
Traceback (most recent call last):
  File "/usr/local/lib/python3.10/site-packages/gunicorn/arbiter.py", line 208, in run
    self.sleep()
  File "/usr/local/lib/python3.10/site-packages/gunicorn/arbiter.py", line 359, in sleep
    ready = select.select([self.PIPE[0]], [], [], 1.0)
  File "/usr/local/lib/python3.10/site-packages/gunicorn/arbiter.py", line 241, in handle_chld
    self.reap_workers()
  File "/usr/local/lib/python3.10/site-packages/gunicorn/arbiter.py", line 529, in reap_workers
    raise HaltServer(reason, self.WORKER_BOOT_ERROR)
gunicorn.errors.HaltServer[2025-12-03 01:27:47 +0000] [1] [ERROR] Worker (pid:8) exited with code 3
: <exception str() failed>

During handling of the above exception, another exception occurred:

Traceback (most recent call last):
  File "/usr/local/bin/gunicorn", line 8, in <module>
    sys.exit(run())
  File "/usr/local/lib/python3.10/site-packages/gunicorn/app/wsgiapp.py", line 66, in run
    WSGIApplication("%(prog)s [OPTIONS] [APP_MODULE]", prog=prog).run()
  File "/usr/local/lib/python3.10/site-packages/gunicorn/app/base.py", line 235, in run
    super().run()
  File "/usr/local/lib/python3.10/site-packages/gunicorn/app/base.py", line 71, in run
    Arbiter(self).run()
  File "/usr/local/lib/python3.10/site-packages/gunicorn/arbiter.py", line 228, in run
    self.halt(reason=inst.reason, exit_status=inst.exit_status)
  File "/usr/local/lib/python3.10/site-packages/gunicorn/arbiter.py", line 341, in halt
    self.stop()
  File "/usr/local/lib/python3.10/site-packages/gunicorn/arbiter.py", line 395, in stop
    time.sleep(0.1)
  File "/usr/local/lib/python3.10/site-packages/gunicorn/arbiter.py", line 241, in handle_chld
    self.reap_workers()
  File "/usr/local/lib/python3.10/site-packages/gunicorn/arbiter.py", line 529, in reap_workers
    raise HaltServer(reason, self.WORKER_BOOT_ERROR)
gunicorn.errors.HaltServer: <HaltServer 'Worker failed to boot.' 3>
[2025-12-03 01:27:49 +0000] [1] [INFO] Starting gunicorn 23.0.0
[2025-12-03 01:27:49 +0000] [1] [INFO] Listening at: http://0.0.0.0:5002 (1)
[2025-12-03 01:27:49 +0000] [1] [INFO] Using worker: sync
[2025-12-03 01:27:49 +0000] [5] [INFO] Booting worker with pid: 5
[2025-12-03 01:27:49 +0000] [6] [INFO] Booting worker with pid: 6
[2025-12-03 01:27:49 +0000] [7] [INFO] Booting worker with pid: 7
[2025-12-03 01:27:49 +0000] [8] [INFO] Booting worker with pid: 8
[2025-12-03 01:28:35 +0000] [6] [ERROR] Exception in worker process
Traceback (most recent call last):
  File "/usr/local/lib/python3.10/site-packages/gunicorn/arbiter.py", line 608, in spawn_worker
    worker.init_process()
  File "/usr/local/lib/python3.10/site-packages/gunicorn/workers/base.py", line 135, in init_process
    self.load_wsgi()
  File "/usr/local/lib/python3.10/site-packages/gunicorn/workers/base.py", line 147, in load_wsgi
    self.wsgi = self.app.wsgi()
  File "/usr/local/lib/python3.10/site-packages/gunicorn/app/base.py", line 66, in wsgi
    self.callable = self.load()
  File "/usr/local/lib/python3.10/site-packages/gunicorn/app/wsgiapp.py", line 57, in load
    return self.load_wsgiapp()
  File "/usr/local/lib/python3.10/site-packages/gunicorn/app/wsgiapp.py", line 47, in load_wsgiapp
    return util.import_app(self.app_uri)
  File "/usr/local/lib/python3.10/site-packages/gunicorn/util.py", line 370, in import_app
    mod = importlib.import_module(module)
  File "/usr/local/lib/python3.10/importlib/__init__.py", line 126, in import_module
    return _bootstrap._gcd_import(name[level:], package, level)
  File "<frozen importlib._bootstrap>", line 1050, in _gcd_import
  File "<frozen importlib._bootstrap>", line 1027, in _find_and_load
  File "<frozen importlib._bootstrap>", line 1006, in _find_and_load_unlocked
  File "<frozen importlib._bootstrap>", line 688, in _load_unlocked
  File "<frozen importlib._bootstrap_external>", line 883, in exec_module
  File "<frozen importlib._bootstrap>", line 241, in _call_with_frames_removed
  File "/app/wsgi.py", line 3, in <module>
    from app.app import create_app
  File "/app/app/app.py", line 56, in <module>
    from .tools_interface import clean_file, diagnose_file, get_telemetry_status
  File "/app/app/tools_interface.py", line 16, in <module>
    from scripts.clean_csv import CSVCleaner
ModuleNotFoundError: No module named 'scripts'
[2025-12-03 01:28:35 +0000] [6] [INFO] Worker exiting (pid: 6)
[2025-12-03 01:28:36 +0000] [7] [ERROR] Exception in worker process
Traceback (most recent call last):
  File "/usr/local/lib/python3.10/site-packages/gunicorn/arbiter.py", line 608, in spawn_worker
    worker.init_process()
  File "/usr/local/lib/python3.10/site-packages/gunicorn/workers/base.py", line 135, in init_process
    self.load_wsgi()
  File "/usr/local/lib/python3.10/site-packages/gunicorn/workers/base.py", line 147, in load_wsgi
    self.wsgi = self.app.wsgi()
  File "/usr/local/lib/python3.10/site-packages/gunicorn/app/base.py", line 66, in wsgi
    self.callable = self.load()
  File "/usr/local/lib/python3.10/site-packages/gunicorn/app/wsgiapp.py", line 57, in load
    return self.load_wsgiapp()
  File "/usr/local/lib/python3.10/site-packages/gunicorn/app/wsgiapp.py", line 47, in load_wsgiapp
    return util.import_app(self.app_uri)
  File "/usr/local/lib/python3.10/site-packages/gunicorn/util.py", line 370, in import_app
    mod = importlib.import_module(module)
  File "/usr/local/lib/python3.10/importlib/__init__.py", line 126, in import_module
    return _bootstrap._gcd_import(name[level:], package, level)
  File "<frozen importlib._bootstrap>", line 1050, in _gcd_import
  File "<frozen importlib._bootstrap>", line 1027, in _find_and_load
  File "<frozen importlib._bootstrap>", line 1006, in _find_and_load_unlocked
  File "<frozen importlib._bootstrap>", line 688, in _load_unlocked
  File "<frozen importlib._bootstrap_external>", line 883, in exec_module
  File "<frozen importlib._bootstrap>", line 241, in _call_with_frames_removed
  File "/app/wsgi.py", line 3, in <module>
    from app.app import create_app
  File "/app/app/app.py", line 56, in <module>
    from .tools_interface import clean_file, diagnose_file, get_telemetry_status
  File "/app/app/tools_interface.py", line 16, in <module>
    from scripts.clean_csv import CSVCleaner
ModuleNotFoundError: No module named 'scripts'
[2025-12-03 01:28:36 +0000] [7] [INFO] Worker exiting (pid: 7)
[2025-12-03 01:28:37 +0000] [5] [ERROR] Exception in worker process
Traceback (most recent call last):
  File "/usr/local/lib/python3.10/site-packages/gunicorn/arbiter.py", line 608, in spawn_worker
    worker.init_process()
  File "/usr/local/lib/python3.10/site-packages/gunicorn/workers/base.py", line 135, in init_process
    self.load_wsgi()
  File "/usr/local/lib/python3.10/site-packages/gunicorn/workers/base.py", line 147, in load_wsgi
    self.wsgi = self.app.wsgi()
  File "/usr/local/lib/python3.10/site-packages/gunicorn/app/base.py", line 66, in wsgi
    self.callable = self.load()
  File "/usr/local/lib/python3.10/site-packages/gunicorn/app/wsgiapp.py", line 57, in load
    return self.load_wsgiapp()
  File "/usr/local/lib/python3.10/site-packages/gunicorn/app/wsgiapp.py", line 47, in load_wsgiapp
    return util.import_app(self.app_uri)
  File "/usr/local/lib/python3.10/site-packages/gunicorn/util.py", line 370, in import_app
    mod = importlib.import_module(module)
  File "/usr/local/lib/python3.10/importlib/__init__.py", line 126, in import_module
    return _bootstrap._gcd_import(name[level:], package, level)
  File "<frozen importlib._bootstrap>", line 1050, in _gcd_import
  File "<frozen importlib._bootstrap>", line 1027, in _find_and_load
  File "<frozen importlib._bootstrap>", line 1006, in _find_and_load_unlocked
  File "<frozen importlib._bootstrap>", line 688, in _load_unlocked
  File "<frozen importlib._bootstrap_external>", line 883, in exec_module
  File "<frozen importlib._bootstrap>", line 241, in _call_with_frames_removed
  File "/app/wsgi.py", line 3, in <module>
    from app.app import create_app
  File "/app/app/app.py", line 56, in <module>
    from .tools_interface import clean_file, diagnose_file, get_telemetry_status
  File "/app/app/tools_interface.py", line 16, in <module>
    from scripts.clean_csv import CSVCleaner
ModuleNotFoundError: No module named 'scripts'
[2025-12-03 01:28:37 +0000] [5] [INFO] Worker exiting (pid: 5)
[2025-12-03 01:28:39 +0000] [8] [ERROR] Exception in worker process
Traceback (most recent call last):
  File "/usr/local/lib/python3.10/site-packages/gunicorn/arbiter.py", line 608, in spawn_worker
    worker.init_process()
  File "/usr/local/lib/python3.10/site-packages/gunicorn/workers/base.py", line 135, in init_process
    self.load_wsgi()
  File "/usr/local/lib/python3.10/site-packages/gunicorn/workers/base.py", line 147, in load_wsgi
    self.wsgi = self.app.wsgi()
  File "/usr/local/lib/python3.10/site-packages/gunicorn/app/base.py", line 66, in wsgi
    self.callable = self.load()
  File "/usr/local/lib/python3.10/site-packages/gunicorn/app/wsgiapp.py", line 57, in load
    return self.load_wsgiapp()
  File "/usr/local/lib/python3.10/site-packages/gunicorn/app/wsgiapp.py", line 47, in load_wsgiapp
    return util.import_app(self.app_uri)
  File "/usr/local/lib/python3.10/site-packages/gunicorn/util.py", line 370, in import_app
    mod = importlib.import_module(module)
  File "/usr/local/lib/python3.10/importlib/__init__.py", line 126, in import_module
    return _bootstrap._gcd_import(name[level:], package, level)
  File "<frozen importlib._bootstrap>", line 1050, in _gcd_import
  File "<frozen importlib._bootstrap>", line 1027, in _find_and_load
  File "<frozen importlib._bootstrap>", line 1006, in _find_and_load_unlocked
  File "<frozen importlib._bootstrap>", line 688, in _load_unlocked
  File "<frozen importlib._bootstrap_external>", line 883, in exec_module
  File "<frozen importlib._bootstrap>", line 241, in _call_with_frames_removed
  File "/app/wsgi.py", line 3, in <module>
    from app.app import create_app
  File "/app/app/app.py", line 56, in <module>
    from .tools_interface import clean_file, diagnose_file, get_telemetry_status
  File "/app/app/tools_interface.py", line 16, in <module>
    from scripts.clean_csv import CSVCleaner
ModuleNotFoundError: No module named 'scripts'
[2025-12-03 01:28:39 +0000] [8] [INFO] Worker exiting (pid: 8)
[2025-12-03 01:28:39 +0000] [1] [ERROR] Worker (pid:6) exited with code 3
[2025-12-03 01:28:39 +0000] [1] [ERROR] Worker (pid:7) was sent SIGTERM!
[2025-12-03 01:28:39 +0000] [1] [ERROR] Worker (pid:5) was sent SIGTERM!
[2025-12-03 01:28:39 +0000] [1] [ERROR] Worker (pid:8) was sent SIGTERM!
[2025-12-03 01:28:39 +0000] [1] [ERROR] Shutting down: Master
[2025-12-03 01:28:39 +0000] [1] [ERROR] Reason: Worker failed to boot.
[2025-12-03 01:28:42 +0000] [1] [INFO] Starting gunicorn 23.0.0
[2025-12-03 01:28:42 +0000] [1] [INFO] Listening at: http://0.0.0.0:5002 (1)
[2025-12-03 01:28:42 +0000] [1] [INFO] Using worker: sync
[2025-12-03 01:28:42 +0000] [5] [INFO] Booting worker with pid: 5
[2025-12-03 01:28:42 +0000] [6] [INFO] Booting worker with pid: 6
[2025-12-03 01:28:42 +0000] [8] [INFO] Booting worker with pid: 8
[2025-12-03 01:28:42 +0000] [9] [INFO] Booting worker with pid: 9
[2025-12-03 01:29:31 +0000] [5] [ERROR] Exception in worker process
Traceback (most recent call last):
  File "/usr/local/lib/python3.10/site-packages/gunicorn/arbiter.py", line 608, in spawn_worker
    worker.init_process()
  File "/usr/local/lib/python3.10/site-packages/gunicorn/workers/base.py", line 135, in init_process
    self.load_wsgi()
  File "/usr/local/lib/python3.10/site-packages/gunicorn/workers/base.py", line 147, in load_wsgi
    self.wsgi = self.app.wsgi()
  File "/usr/local/lib/python3.10/site-packages/gunicorn/app/base.py", line 66, in wsgi
    self.callable = self.load()
  File "/usr/local/lib/python3.10/site-packages/gunicorn/app/wsgiapp.py", line 57, in load
    return self.load_wsgiapp()
  File "/usr/local/lib/python3.10/site-packages/gunicorn/app/wsgiapp.py", line 47, in load_wsgiapp
    return util.import_app(self.app_uri)
  File "/usr/local/lib/python3.10/site-packages/gunicorn/util.py", line 370, in import_app
    mod = importlib.import_module(module)
  File "/usr/local/lib/python3.10/importlib/__init__.py", line 126, in import_module
    return _bootstrap._gcd_import(name[level:], package, level)
  File "<frozen importlib._bootstrap>", line 1050, in _gcd_import
  File "<frozen importlib._bootstrap>", line 1027, in _find_and_load
  File "<frozen importlib._bootstrap>", line 1006, in _find_and_load_unlocked
  File "<frozen importlib._bootstrap>", line 688, in _load_unlocked
  File "<frozen importlib._bootstrap_external>", line 883, in exec_module
  File "<frozen importlib._bootstrap>", line 241, in _call_with_frames_removed
  File "/app/wsgi.py", line 3, in <module>
    from app.app import create_app
  File "/app/app/app.py", line 56, in <module>
    from .tools_interface import clean_file, diagnose_file, get_telemetry_status
  File "/app/app/tools_interface.py", line 16, in <module>
    from scripts.clean_csv import CSVCleaner
ModuleNotFoundError: No module named 'scripts'
[2025-12-03 01:29:31 +0000] [5] [INFO] Worker exiting (pid: 5)
[2025-12-03 01:29:34 +0000] [8] [ERROR] Exception in worker process
Traceback (most recent call last):
  File "/usr/local/lib/python3.10/site-packages/gunicorn/arbiter.py", line 608, in spawn_worker
    worker.init_process()
  File "/usr/local/lib/python3.10/site-packages/gunicorn/workers/base.py", line 135, in init_process
    self.load_wsgi()
  File "/usr/local/lib/python3.10/site-packages/gunicorn/workers/base.py", line 147, in load_wsgi
    self.wsgi = self.app.wsgi()
  File "/usr/local/lib/python3.10/site-packages/gunicorn/app/base.py", line 66, in wsgi
    self.callable = self.load()
  File "/usr/local/lib/python3.10/site-packages/gunicorn/app/wsgiapp.py", line 57, in load
    return self.load_wsgiapp()
  File "/usr/local/lib/python3.10/site-packages/gunicorn/app/wsgiapp.py", line 47, in load_wsgiapp
    return util.import_app(self.app_uri)
  File "/usr/local/lib/python3.10/site-packages/gunicorn/util.py", line 370, in import_app
    mod = importlib.import_module(module)
  File "/usr/local/lib/python3.10/importlib/__init__.py", line 126, in import_module
    return _bootstrap._gcd_import(name[level:], package, level)
  File "<frozen importlib._bootstrap>", line 1050, in _gcd_import
  File "<frozen importlib._bootstrap>", line 1027, in _find_and_load
  File "<frozen importlib._bootstrap>", line 1006, in _find_and_load_unlocked
  File "<frozen importlib._bootstrap>", line 688, in _load_unlocked
  File "<frozen importlib._bootstrap_external>", line 883, in exec_module
  File "<frozen importlib._bootstrap>", line 241, in _call_with_frames_removed
  File "/app/wsgi.py", line 3, in <module>
    from app.app import create_app
  File "/app/app/app.py", line 56, in <module>
    from .tools_interface import clean_file, diagnose_file, get_telemetry_status
  File "/app/app/tools_interface.py", line 16, in <module>
    from scripts.clean_csv import CSVCleaner
ModuleNotFoundError: No module named 'scripts'
[2025-12-03 01:29:34 +0000] [8] [INFO] Worker exiting (pid: 8)
[2025-12-03 01:29:35 +0000] [6] [ERROR] Exception in worker process
Traceback (most recent call last):
  File "/usr/local/lib/python3.10/site-packages/gunicorn/arbiter.py", line 608, in spawn_worker
    worker.init_process()
  File "/usr/local/lib/python3.10/site-packages/gunicorn/workers/base.py", line 135, in init_process
    self.load_wsgi()
  File "/usr/local/lib/python3.10/site-packages/gunicorn/workers/base.py", line 147, in load_wsgi
    self.wsgi = self.app.wsgi()
  File "/usr/local/lib/python3.10/site-packages/gunicorn/app/base.py", line 66, in wsgi
    self.callable = self.load()
  File "/usr/local/lib/python3.10/site-packages/gunicorn/app/wsgiapp.py", line 57, in load
    return self.load_wsgiapp()
  File "/usr/local/lib/python3.10/site-packages/gunicorn/app/wsgiapp.py", line 47, in load_wsgiapp
    return util.import_app(self.app_uri)
  File "/usr/local/lib/python3.10/site-packages/gunicorn/util.py", line 370, in import_app
    mod = importlib.import_module(module)
  File "/usr/local/lib/python3.10/importlib/__init__.py", line 126, in import_module
    return _bootstrap._gcd_import(name[level:], package, level)
  File "<frozen importlib._bootstrap>", line 1050, in _gcd_import
  File "<frozen importlib._bootstrap>", line 1027, in _find_and_load
  File "<frozen importlib._bootstrap>", line 1006, in _find_and_load_unlocked
  File "<frozen importlib._bootstrap>", line 688, in _load_unlocked
  File "<frozen importlib._bootstrap_external>", line 883, in exec_module
  File "<frozen importlib._bootstrap>", line 241, in _call_with_frames_removed
  File "/app/wsgi.py", line 3, in <module>
    from app.app import create_app
  File "/app/app/app.py", line 56, in <module>
    from .tools_interface import clean_file, diagnose_file, get_telemetry_status
  File "/app/app/tools_interface.py", line 16, in <module>
    from scripts.clean_csv import CSVCleaner
ModuleNotFoundError: No module named 'scripts'
[2025-12-03 01:29:35 +0000] [6] [INFO] Worker exiting (pid: 6)
[2025-12-03 01:29:35 +0000] [1] [ERROR] Worker (pid:5) exited with code 3
[2025-12-03 01:29:35 +0000] [1] [ERROR] Worker (pid:6) was sent SIGTERM!
[2025-12-03 01:29:35 +0000] [1] [ERROR] Worker (pid:8) was sent SIGTERM!
[2025-12-03 01:29:35 +0000] [9] [ERROR] Exception in worker process
Traceback (most recent call last):
  File "/usr/local/lib/python3.10/site-packages/gunicorn/arbiter.py", line 608, in spawn_worker
    worker.init_process()
  File "/usr/local/lib/python3.10/site-packages/gunicorn/workers/base.py", line 135, in init_process
    self.load_wsgi()
  File "/usr/local/lib/python3.10/site-packages/gunicorn/workers/base.py", line 147, in load_wsgi
    self.wsgi = self.app.wsgi()
  File "/usr/local/lib/python3.10/site-packages/gunicorn/app/base.py", line 66, in wsgi
    self.callable = self.load()
  File "/usr/local/lib/python3.10/site-packages/gunicorn/app/wsgiapp.py", line 57, in load
    return self.load_wsgiapp()
  File "/usr/local/lib/python3.10/site-packages/gunicorn/app/wsgiapp.py", line 47, in load_wsgiapp
    return util.import_app(self.app_uri)
  File "/usr/local/lib/python3.10/site-packages/gunicorn/util.py", line 370, in import_app
    mod = importlib.import_module(module)
  File "/usr/local/lib/python3.10/importlib/__init__.py", line 126, in import_module
    return _bootstrap._gcd_import(name[level:], package, level)
  File "<frozen importlib._bootstrap>", line 1050, in _gcd_import
  File "<frozen importlib._bootstrap>", line 1027, in _find_and_load
  File "<frozen importlib._bootstrap>", line 1006, in _find_and_load_unlocked
  File "<frozen importlib._bootstrap>", line 688, in _load_unlocked
  File "<frozen importlib._bootstrap_external>", line 883, in exec_module
  File "<frozen importlib._bootstrap>", line 241, in _call_with_frames_removed
  File "/app/wsgi.py", line 3, in <module>
    from app.app import create_app
  File "/app/app/app.py", line 56, in <module>
    from .tools_interface import clean_file, diagnose_file, get_telemetry_status
  File "/app/app/tools_interface.py", line 16, in <module>
    from scripts.clean_csv import CSVCleaner
ModuleNotFoundError: No module named 'scripts'
[2025-12-03 01:29:35 +0000] [9] [INFO] Worker exiting (pid: 9)
[2025-12-03 01:29:37 +0000] [1] [ERROR] Worker (pid:9) exited with code 3
Traceback (most recent call last):
  File "/usr/local/lib/python3.10/site-packages/gunicorn/arbiter.py", line 208, in run
    self.sleep()
  File "/usr/local/lib/python3.10/site-packages/gunicorn/arbiter.py", line 359, in sleep
    ready = select.select([self.PIPE[0]], [], [], 1.0)
  File "/usr/local/lib/python3.10/site-packages/gunicorn/arbiter.py", line 241, in handle_chld
    self.reap_workers()
  File "/usr/local/lib/python3.10/site-packages/gunicorn/arbiter.py", line 529, in reap_workers
    raise HaltServer(reason, self.WORKER_BOOT_ERROR)
gunicorn.errors.HaltServer: <HaltServer 'Worker failed to boot.' 3>

During handling of the above exception, another exception occurred:

Traceback (most recent call last):
  File "/usr/local/bin/gunicorn", line 8, in <module>
    sys.exit(run())
  File "/usr/local/lib/python3.10/site-packages/gunicorn/app/wsgiapp.py", line 66, in run
    WSGIApplication("%(prog)s [OPTIONS] [APP_MODULE]", prog=prog).run()
  File "/usr/local/lib/python3.10/site-packages/gunicorn/app/base.py", line 235, in run
    super().run()
  File "/usr/local/lib/python3.10/site-packages/gunicorn/app/base.py", line 71, in run
    Arbiter(self).run()
  File "/usr/local/lib/python3.10/site-packages/gunicorn/arbiter.py", line 228, in run
    self.halt(reason=inst.reason, exit_status=inst.exit_status)
  File "/usr/local/lib/python3.10/site-packages/gunicorn/arbiter.py", line 341, in halt
    self.stop()
  File "/usr/local/lib/python3.10/site-packages/gunicorn/arbiter.py", line 395, in stop
    time.sleep(0.1)
  File "/usr/local/lib/python3.10/site-packages/gunicorn/arbiter.py", line 241, in handle_chld
    self.reap_workers()
  File "/usr/local/lib/python3.10/site-packages/gunicorn/arbiter.py", line 529, in reap_workers
    raise HaltServer(reason, self.WORKER_BOOT_ERROR)
gunicorn.errors.HaltServer: <HaltServer 'Worker failed to boot.' 3>
[2025-12-03 01:29:39 +0000] [1] [INFO] Starting gunicorn 23.0.0
[2025-12-03 01:29:39 +0000] [1] [INFO] Listening at: http://0.0.0.0:5002 (1)
[2025-12-03 01:29:39 +0000] [1] [INFO] Using worker: sync
[2025-12-03 01:29:39 +0000] [5] [INFO] Booting worker with pid: 5
[2025-12-03 01:29:39 +0000] [6] [INFO] Booting worker with pid: 6
[2025-12-03 01:29:39 +0000] [7] [INFO] Booting worker with pid: 7
[2025-12-03 01:29:40 +0000] [8] [INFO] Booting worker with pid: 8

5002/tcp -> 0.0.0.0:5002