19:36:06 - INFO - Progreso: 150/150 APUs procesados (613 insumos extra√≠dos hasta ahora)
19:36:06 - INFO - ================================================================================
19:36:06 - INFO - üìä RESUMEN GLOBAL DE PROCESAMIENTO
19:36:06 - INFO - ================================================================================
19:36:06 - INFO - Formato detectado:           flat
19:36:06 - INFO - Total APUs procesados:       150
19:36:06 - INFO - Total insumos extra√≠dos:     613
19:36:06 - INFO - Total l√≠neas procesadas:     909
19:36:06 - INFO - 
19:36:06 - INFO - Resultados de parsing:
19:36:06 - INFO -   ‚úì Exitosos:                909
19:36:06 - INFO -   ‚ö° Cache hits:              909
19:36:06 - INFO -   ‚úó Errores Lark:            0
19:36:06 - INFO -   ‚úó Errores Transformer:     0
19:36:06 - INFO -   ‚ö†Ô∏è  Resultados vac√≠os:      0
19:36:06 - INFO - 
19:36:06 - INFO - Tasa de √©xito:               100.00%
19:36:06 - INFO - Eficiencia de cache:         100.00%
19:36:06 - INFO - ================================================================================
19:36:06 - INFO - ‚úì DataFrame creado: 613 filas, 13 columnas
19:36:06 - INFO - ‚úÖ [√âXITO] Flujo estabilizado en 5.83s: 613 registros procesados
19:36:06 - INFO - ‚úÖ DataFluxCondenser completado.
19:36:06 - INFO - üîó Iniciando merge de APUs con cat√°logo de insumos...
19:36:06 - INFO - ‚úÖ Merge completado: 613 registros
19:36:06 - INFO - üí∞ Calculando costos de insumos...
19:36:06 - INFO - ‚úÖ Costos de insumos calculados: 613 registros
19:36:06 - INFO - üìä Agregando costos por APU y tipo de insumo...
19:36:06 - INFO - ‚úÖ Costos agregados: 146 APUs √∫nicos
19:36:06 - INFO - üìà Estad√≠sticas de costos unitarios: Max=$496,859,000.00, Avg=$13,708,322.48, Std=$67,294,294.85
19:36:06 - WARNING - ‚ö†Ô∏è  Se detectaron 5 APUs con costos at√≠picos (>215,591,207.02)
19:36:06 - WARNING -    APU UNKNOWN_APU_2802: $276,811,976.05 (MO: $276,811,976.05, MAT: $0.00)
19:36:06 - WARNING -    APU UNKNOWN_APU_2822: $471,641,600.00 (MO: $471,641,600.00, MAT: $0.00)
19:36:06 - WARNING -    APU UNKNOWN_APU_2842: $496,859,000.00 (MO: $496,859,000.00, MAT: $0.00)
19:36:06 - WARNING -    APU UNKNOWN_APU_2922: $235,820,800.00 (MO: $235,820,800.00, MAT: $0.00)
19:36:06 - WARNING -    APU UNKNOWN_APU_2942: $248,429,500.00 (MO: $248,429,500.00, MAT: $0.00)
19:36:06 - INFO - üìã Clasificaci√≥n de APUs:
tipo_apu
Instalaci√≥n                   78
Obra Completa                 45
Suministro                    17
Suministro (Pre-fabricado)     6
Name: count, dtype: int64
19:36:06 - INFO - üîó Realizando merge final: presupuesto + costos...
19:36:06 - INFO - ‚úÖ Merge 1:1 exitoso: 105 filas
19:36:06 - INFO - üíµ Calculando valores totales del presupuesto...
19:36:06 - INFO - üí∞ COSTO TOTAL CONSOLIDADO: $533,527,531.72
19:36:06 - INFO - üîÑ Sincronizando fuentes de datos...
19:36:06 - INFO - ‚úÖ Sincronizaci√≥n completada. Insumos: 613 -> 317
19:36:06 - INFO - üì¶ Construyendo DataFrame de APUs procesados...
19:36:06 - INFO - ‚úÖ APUs procesados consolidados: 146 registros
19:36:06 - INFO - üì¶ Construyendo diccionario de salida...
19:36:06 - INFO - ‚úÖ Diccionario de salida construido
19:36:06 - INFO - El Agente de Validaci√≥n de Datos ha iniciado.
19:36:06 - WARNING - Valor de construcci√≥n unitario inv√°lido en item desconocido: nan
19:36:06 - WARNING - Valor de construcci√≥n unitario inv√°lido en item desconocido: nan
19:36:06 - WARNING - Valor de construcci√≥n unitario inv√°lido en item desconocido: nan
19:36:06 - WARNING - Valor de construcci√≥n unitario inv√°lido en item desconocido: nan
19:36:06 - WARNING - Valor de construcci√≥n unitario inv√°lido en item desconocido: nan
19:36:06 - WARNING - Valor de construcci√≥n unitario inv√°lido en item desconocido: nan
19:36:06 - WARNING - Valor de construcci√≥n unitario inv√°lido en item desconocido: nan
19:36:06 - WARNING - Valor de construcci√≥n unitario inv√°lido en item desconocido: nan
19:36:06 - WARNING - Valor de construcci√≥n unitario inv√°lido en item desconocido: nan
19:36:06 - WARNING - Valor de construcci√≥n unitario inv√°lido en item desconocido: nan
19:36:06 - WARNING - Valor de construcci√≥n unitario inv√°lido en item desconocido: nan
19:36:06 - WARNING - Valor de construcci√≥n unitario inv√°lido en item desconocido: nan
19:36:06 - WARNING - Valor de construcci√≥n unitario inv√°lido en item desconocido: nan
19:36:06 - WARNING - Valor de construcci√≥n unitario inv√°lido en item desconocido: nan
19:36:06 - WARNING - Valor de construcci√≥n unitario inv√°lido en item desconocido: nan
19:36:06 - WARNING - Valor de construcci√≥n unitario inv√°lido en item desconocido: nan
19:36:06 - WARNING - Valor de construcci√≥n unitario inv√°lido en item desconocido: nan
19:36:06 - WARNING - Valor de construcci√≥n unitario inv√°lido en item desconocido: nan
19:36:06 - WARNING - Valor de construcci√≥n unitario inv√°lido en item desconocido: nan
19:36:06 - WARNING - Valor de construcci√≥n unitario inv√°lido en item desconocido: nan
19:36:06 - WARNING - Valor de construcci√≥n unitario inv√°lido en item desconocido: nan
19:36:06 - WARNING - Valor de construcci√≥n unitario inv√°lido en item desconocido: nan
19:36:06 - WARNING - Valor de construcci√≥n unitario inv√°lido en item desconocido: nan
19:36:06 - WARNING - Valor de construcci√≥n unitario inv√°lido en item desconocido: nan
19:36:06 - WARNING - Valor de construcci√≥n unitario inv√°lido en item desconocido: nan
19:36:06 - WARNING - Valor de construcci√≥n unitario inv√°lido en item desconocido: nan
19:36:06 - WARNING - Valor de construcci√≥n unitario inv√°lido en item desconocido: nan
19:36:06 - WARNING - Valor de construcci√≥n unitario inv√°lido en item desconocido: nan
19:36:06 - WARNING - Valor de construcci√≥n unitario inv√°lido en item desconocido: nan
19:36:06 - WARNING - Cantidad inv√°lida en insumo M.O. CORTE Y DOBLEZ: None
19:36:06 - WARNING - Cantidad inv√°lida en insumo TRANSPORTE CAMIONETA ESTRUTECHOS: None
19:36:06 - WARNING - Cantidad inv√°lida en insumo M.O. CORTE Y DOBLEZ: None
19:36:06 - WARNING - Cantidad inv√°lida en insumo TRANSPORTE CAMIONETA ESTRUTECHOS: None
19:36:06 - WARNING - Cantidad inv√°lida en insumo M.O. CORTE Y DOBLEZ: None
19:36:06 - WARNING - Cantidad inv√°lida en insumo TRANSPORTE CAMIONETA ESTRUTECHOS: None
19:36:06 - WARNING - Cantidad inv√°lida en insumo M.O. CORTE Y DOBLEZ: None
19:36:06 - WARNING - Cantidad inv√°lida en insumo TRANSPORTE CAMIONETA ESTRUTECHOS: None
19:36:06 - WARNING - Cantidad inv√°lida en insumo M.O. CORTE Y DOBLEZ: None
19:36:06 - WARNING - Cantidad inv√°lida en insumo TRANSPORTE CAMIONETA ESTRUTECHOS: None
19:36:06 - WARNING - Cantidad inv√°lida en insumo M.O. CORTE Y DOBLEZ: None
19:36:06 - WARNING - Cantidad inv√°lida en insumo TRANSPORTE CAMIONETA ESTRUTECHOS: None
19:36:06 - WARNING - Cantidad inv√°lida en insumo M.O. CORTE Y DOBLEZ: None
19:36:06 - WARNING - Cantidad inv√°lida en insumo TRANSPORTE CAMIONETA ESTRUTECHOS: None
19:36:06 - WARNING - Cantidad inv√°lida en insumo M.O. CORTE Y DOBLEZ: None
19:36:06 - WARNING - Cantidad inv√°lida en insumo TRANSPORTE CAMIONETA ESTRUTECHOS: None
19:36:06 - WARNING - Cantidad inv√°lida en insumo M.O. CORTE Y DOBLEZ: None
19:36:06 - WARNING - Cantidad inv√°lida en insumo TRANSPORTE CAMIONETA ESTRUTECHOS: None
19:36:06 - WARNING - Cantidad inv√°lida en insumo M.O. CORTE Y DOBLEZ: None
19:36:06 - WARNING - Cantidad inv√°lida en insumo TRANSPORTE CAMIONETA ESTRUTECHOS: None
19:36:06 - WARNING - Cantidad inv√°lida en insumo M.O. CORTE Y DOBLEZ: None
19:36:06 - WARNING - Cantidad inv√°lida en insumo TRANSPORTE CAMIONETA ESTRUTECHOS: None
19:36:06 - WARNING - Cantidad inv√°lida en insumo M.O. CORTE Y DOBLEZ: None
19:36:06 - WARNING - Cantidad inv√°lida en insumo TRANSPORTE CAMIONETA ESTRUTECHOS: None
19:36:06 - WARNING - Cantidad inv√°lida en insumo M.O. CORTE Y DOBLEZ: None
19:36:06 - WARNING - Cantidad inv√°lida en insumo TRANSPORTE CAMIONETA ESTRUTECHOS: None
19:36:06 - WARNING - Cantidad inv√°lida en insumo M.O. CORTE Y DOBLEZ: None
19:36:06 - WARNING - Cantidad inv√°lida en insumo TRANSPORTE CAMIONETA ESTRUTECHOS: None
19:36:06 - WARNING - Cantidad inv√°lida en insumo FLEJE DE O.60 MTS CAL. 24 (PINTURA): None
19:36:06 - WARNING - Cantidad inv√°lida en insumo M.O. CORTE Y DOBLEZ: None
19:36:06 - WARNING - Cantidad inv√°lida en insumo TRANSPORTE CAMIONETA ESTRUTECHOS: None
19:36:06 - WARNING - Cantidad inv√°lida en insumo FLEJE DE O.60 MTS CAL. 24 (PINTURA): None
19:36:06 - WARNING - Cantidad inv√°lida en insumo M.O. CORTE Y DOBLEZ: None
19:36:06 - WARNING - Cantidad inv√°lida en insumo TRANSPORTE CAMIONETA ESTRUTECHOS: None
19:36:06 - WARNING - Cantidad inv√°lida en insumo FLEJE DE O.60 MTS CAL. 24 (PINTURA): None
19:36:06 - WARNING - Cantidad inv√°lida en insumo M.O. CORTE Y DOBLEZ: None
19:36:06 - WARNING - Cantidad inv√°lida en insumo TRANSPORTE CAMIONETA ESTRUTECHOS: None
19:36:07 - WARNING - Cantidad inv√°lida en insumo FLEJE DE O.60 MTS CAL. 24 (PINTURA): None
19:36:07 - WARNING - Cantidad inv√°lida en insumo M.O. CORTE Y DOBLEZ: None
19:36:07 - WARNING - Cantidad inv√°lida en insumo TRANSPORTE CAMIONETA ESTRUTECHOS: None
19:36:07 - WARNING - Cantidad inv√°lida en insumo FLEJE DE O.60 MTS CAL. 24 (PINTURA): None
19:36:07 - WARNING - Cantidad inv√°lida en insumo M.O. CORTE Y DOBLEZ: None
19:36:07 - WARNING - Cantidad inv√°lida en insumo TRANSPORTE CAMIONETA ESTRUTECHOS: None
19:36:07 - WARNING - Cantidad inv√°lida en insumo FLEJE DE O.60 MTS CAL. 26 (PINTURA): None
19:36:07 - WARNING - Cantidad inv√°lida en insumo M.O. CORTE Y DOBLEZ: None
19:36:07 - WARNING - Cantidad inv√°lida en insumo TRANSPORTE CAMIONETA ESTRUTECHOS: None
19:36:07 - WARNING - Cantidad inv√°lida en insumo FLEJE DE O.60 MTS CAL. 26 (PINTURA): None
19:36:07 - WARNING - Cantidad inv√°lida en insumo M.O. CORTE Y DOBLEZ: None
19:36:07 - WARNING - Cantidad inv√°lida en insumo TRANSPORTE CAMIONETA ESTRUTECHOS: None
19:36:07 - WARNING - Cantidad inv√°lida en insumo FLEJE DE O.60 MTS CAL. 26 (PINTURA): None
19:36:07 - WARNING - Cantidad inv√°lida en insumo M.O. CORTE Y DOBLEZ: None
19:36:07 - WARNING - Cantidad inv√°lida en insumo TRANSPORTE CAMIONETA ESTRUTECHOS: None
19:36:07 - WARNING - Cantidad inv√°lida en insumo FLEJE DE O.60 MTS CAL. 26 (PINTURA): None
19:36:07 - WARNING - Cantidad inv√°lida en insumo M.O. CORTE Y DOBLEZ: None
19:36:07 - WARNING - Cantidad inv√°lida en insumo TRANSPORTE CAMIONETA ESTRUTECHOS: None
19:36:07 - WARNING - Cantidad inv√°lida en insumo FLEJE DE O.60 MTS CAL. 26 (PINTURA): None
19:36:07 - WARNING - Cantidad inv√°lida en insumo M.O. CORTE Y DOBLEZ: None
19:36:07 - WARNING - Cantidad inv√°lida en insumo TRANSPORTE CAMIONETA ESTRUTECHOS: None
19:36:07 - WARNING - Cantidad inv√°lida en insumo M.O. CORTE Y DOBLEZ: None
19:36:07 - WARNING - Cantidad inv√°lida en insumo TRANSPORTE CAMIONETA ESTRUTECHOS: None
19:36:07 - WARNING - Cantidad inv√°lida en insumo M.O. CORTE Y DOBLEZ: None
19:36:07 - WARNING - Cantidad inv√°lida en insumo TRANSPORTE CAMIONETA ESTRUTECHOS: None
19:36:07 - WARNING - Cantidad inv√°lida en insumo M.O. CORTE Y DOBLEZ: None
19:36:07 - WARNING - Cantidad inv√°lida en insumo TRANSPORTE CAMIONETA ESTRUTECHOS: None
19:36:07 - WARNING - Cantidad inv√°lida en insumo M.O. CORTE Y DOBLEZ: None
19:36:07 - WARNING - Cantidad inv√°lida en insumo TRANSPORTE CAMIONETA ESTRUTECHOS: None
19:36:07 - WARNING - Cantidad inv√°lida en insumo M.O. CORTE Y DOBLEZ: None
19:36:07 - WARNING - Cantidad inv√°lida en insumo TRANSPORTE CAMIONETA ESTRUTECHOS: None
19:36:07 - WARNING - Cantidad inv√°lida en insumo M.O. CORTE Y DOBLEZ: None
19:36:07 - WARNING - Cantidad inv√°lida en insumo TRANSPORTE CAMIONETA ESTRUTECHOS: None
19:36:07 - WARNING - Cantidad inv√°lida en insumo M.O. CORTE Y DOBLEZ: None
19:36:07 - WARNING - Cantidad inv√°lida en insumo TRANSPORTE CAMIONETA ESTRUTECHOS: None
19:36:07 - WARNING - Cantidad inv√°lida en insumo M.O. CORTE Y DOBLEZ: None
19:36:07 - WARNING - Cantidad inv√°lida en insumo TRANSPORTE CAMIONETA ESTRUTECHOS: None
19:36:07 - WARNING - Cantidad inv√°lida en insumo M.O. CORTE Y DOBLEZ: None
19:36:07 - WARNING - Cantidad inv√°lida en insumo TRANSPORTE CAMIONETA ESTRUTECHOS: None
19:36:07 - WARNING - Cantidad inv√°lida en insumo M.O. CORTE Y DOBLEZ: None
19:36:07 - WARNING - Cantidad inv√°lida en insumo TRANSPORTE CAMIONETA ESTRUTECHOS: None
19:36:07 - WARNING - Cantidad inv√°lida en insumo M.O. CORTE Y DOBLEZ: None
19:36:07 - WARNING - Cantidad inv√°lida en insumo TRANSPORTE CAMIONETA ESTRUTECHOS: None
19:36:07 - WARNING - Cantidad inv√°lida en insumo M.O. CORTE Y DOBLEZ: None
19:36:07 - WARNING - Cantidad inv√°lida en insumo TRANSPORTE CAMIONETA ESTRUTECHOS: None
19:36:07 - WARNING - Cantidad inv√°lida en insumo M.O. CORTE Y DOBLEZ: None
19:36:07 - WARNING - Cantidad inv√°lida en insumo TRANSPORTE CAMIONETA ESTRUTECHOS: None
19:36:07 - WARNING - Cantidad inv√°lida en insumo M.O. CORTE Y DOBLEZ: None
19:36:07 - WARNING - Cantidad inv√°lida en insumo TRANSPORTE CAMIONETA ESTRUTECHOS: None
19:36:07 - WARNING - Cantidad inv√°lida en insumo FLEJE DE O.60 MTS CAL. 24 (PINTURA): None
19:36:07 - WARNING - Cantidad inv√°lida en insumo M.O. CORTE Y DOBLEZ: None
19:36:07 - WARNING - Cantidad inv√°lida en insumo TRANSPORTE CAMIONETA ESTRUTECHOS: None
19:36:07 - WARNING - Cantidad inv√°lida en insumo FLEJE DE O.60 MTS CAL. 24 (PINTURA): None
19:36:07 - WARNING - Cantidad inv√°lida en insumo M.O. CORTE Y DOBLEZ: None
19:36:07 - WARNING - Cantidad inv√°lida en insumo TRANSPORTE CAMIONETA ESTRUTECHOS: None
19:36:07 - WARNING - Cantidad inv√°lida en insumo FLEJE DE O.60 MTS CAL. 24 (PINTURA): None
19:36:07 - WARNING - Cantidad inv√°lida en insumo M.O. CORTE Y DOBLEZ: None
19:36:07 - WARNING - Cantidad inv√°lida en insumo TRANSPORTE CAMIONETA ESTRUTECHOS: None
19:36:07 - WARNING - Cantidad inv√°lida en insumo FLEJE DE O.60 MTS CAL. 24 (PINTURA): None
19:36:07 - WARNING - Cantidad inv√°lida en insumo M.O. CORTE Y DOBLEZ: None
19:36:07 - WARNING - Cantidad inv√°lida en insumo TRANSPORTE CAMIONETA ESTRUTECHOS: None
19:36:07 - WARNING - Cantidad inv√°lida en insumo FLEJE DE O.60 MTS CAL. 24 (PINTURA): None
19:36:07 - WARNING - Cantidad inv√°lida en insumo M.O. CORTE Y DOBLEZ: None
19:36:07 - WARNING - Cantidad inv√°lida en insumo TRANSPORTE CAMIONETA ESTRUTECHOS: None
19:36:07 - WARNING - Cantidad inv√°lida en insumo FLEJE DE O.60 MTS CAL. 26 (PINTURA): None
19:36:07 - WARNING - Cantidad inv√°lida en insumo M.O. CORTE Y DOBLEZ: None
19:36:07 - WARNING - Cantidad inv√°lida en insumo TRANSPORTE CAMIONETA ESTRUTECHOS: None
19:36:07 - WARNING - Cantidad inv√°lida en insumo FLEJE DE O.60 MTS CAL. 26 (PINTURA): None
19:36:07 - WARNING - Cantidad inv√°lida en insumo M.O. CORTE Y DOBLEZ: None
19:36:07 - WARNING - Cantidad inv√°lida en insumo TRANSPORTE CAMIONETA ESTRUTECHOS: None
19:36:07 - WARNING - Cantidad inv√°lida en insumo FLEJE DE O.60 MTS CAL. 26 (PINTURA): None
19:36:07 - WARNING - Cantidad inv√°lida en insumo M.O. CORTE Y DOBLEZ: None
19:36:07 - WARNING - Cantidad inv√°lida en insumo TRANSPORTE CAMIONETA ESTRUTECHOS: None
19:36:07 - WARNING - Cantidad inv√°lida en insumo FLEJE DE O.60 MTS CAL. 26 (PINTURA): None
19:36:07 - WARNING - Cantidad inv√°lida en insumo M.O. CORTE Y DOBLEZ: None
19:36:07 - WARNING - Cantidad inv√°lida en insumo TRANSPORTE CAMIONETA ESTRUTECHOS: None
19:36:07 - WARNING - Cantidad inv√°lida en insumo FLEJE DE O.60 MTS CAL. 26 (PINTURA): None
19:36:07 - WARNING - Cantidad inv√°lida en insumo M.O. CORTE Y DOBLEZ: None
19:36:07 - WARNING - Cantidad inv√°lida en insumo TRANSPORTE CAMIONETA ESTRUTECHOS: None
19:36:07 - WARNING - Cantidad inv√°lida en insumo ALUMBAND 20 CMS X METROS: None
19:36:07 - WARNING - Cantidad inv√°lida en insumo M.O. 1 JEFE CUAD - 1 OFI2 - 1 AYUDANTE2 - 1 VIGIA AYUDANTE2: None
19:36:07 - WARNING - Cantidad inv√°lida en insumo ALQUILER ATORNILLADORAS: None
19:36:07 - WARNING - Cantidad inv√°lida en insumo EXTENSIONES: None
19:36:07 - WARNING - Cantidad inv√°lida en insumo TRANSPORTE CAMIONETA ESTRUTECHOS: None
19:36:07 - WARNING - Cantidad inv√°lida en insumo TRANSPORTE GRUA ESTRUTECHOS: None
19:36:07 - WARNING - Cantidad inv√°lida en insumo TRANSPORTES PERSONAL FUERA DE CALI ESTRUTECHOS: None
19:36:07 - WARNING - Cantidad inv√°lida en insumo M.O. 1 JEFE CUAD - 1 OFI2 - 1 AYUDANTE2 - 1 VIGIA AYUDANTE2: None
19:36:07 - WARNING - Cantidad inv√°lida en insumo ALQUILER ATORNILLADORAS: None
19:36:07 - WARNING - Cantidad inv√°lida en insumo ALQUILER PULIDORA: None
19:36:07 - WARNING - Cantidad inv√°lida en insumo EXTENSIONES: None
19:36:07 - WARNING - Cantidad inv√°lida en insumo TRANSPORTE GRUA ESTRUTECHOS: None
19:36:07 - WARNING - Cantidad inv√°lida en insumo TRANSPORTES PERSONAL FUERA DE CALI ESTRUTECHOS: None
19:36:07 - WARNING - Cantidad inv√°lida en insumo TRANSPORTE CAMIONETA ESTRUTECHOS: None
19:36:07 - WARNING - Cantidad inv√°lida en insumo M.O. 1 JEFE CUAD - 1 OFI2 - 1 AYUDANTE2 - 1 VIGIA AYUDANTE2: None
19:36:07 - WARNING - Cantidad inv√°lida en insumo ALQUILER ATORNILLADORAS: None
19:36:07 - WARNING - Cantidad inv√°lida en insumo EXTENSIONES: None
19:36:07 - WARNING - Cantidad inv√°lida en insumo TRANSPORTE CAMIONETA ESTRUTECHOS: None
19:36:07 - WARNING - Cantidad inv√°lida en insumo TRANSPORTES PERSONAL FUERA DE CALI ESTRUTECHOS: None
19:36:07 - WARNING - Cantidad inv√°lida en insumo TRANSPORTE GRUA ESTRUTECHOS: None
19:36:07 - WARNING - Cantidad inv√°lida en insumo M.O. 1 JEFE CUAD - 1 OFI2 - 1 AYUDANTE2 - 1 VIGIA AYUDANTE2: None
19:36:07 - WARNING - Cantidad inv√°lida en insumo ALQUILER ATORNILLADORAS: None
19:36:07 - WARNING - Cantidad inv√°lida en insumo EXTENSIONES: None
19:36:07 - WARNING - Cantidad inv√°lida en insumo TRANSPORTE CAMIONETA ESTRUTECHOS: None
19:36:07 - WARNING - Cantidad inv√°lida en insumo TRANSPORTES PERSONAL FUERA DE CALI ESTRUTECHOS: None
19:36:07 - WARNING - Cantidad inv√°lida en insumo TRANSPORTE GRUA ESTRUTECHOS: None
19:36:07 - WARNING - Cantidad inv√°lida en insumo M.O. 1 JEFE CUAD - 1 OFI2 - 1 AYUDANTE2 - 1 VIGIA AYUDANTE2: None
19:36:07 - WARNING - Cantidad inv√°lida en insumo ALQUILER ATORNILLADORAS: None
19:36:07 - WARNING - Cantidad inv√°lida en insumo EXTENSIONES: None
19:36:07 - WARNING - Cantidad inv√°lida en insumo TRANSPORTE CAMIONETA ESTRUTECHOS: None
19:36:07 - WARNING - Cantidad inv√°lida en insumo TRANSPORTES PERSONAL FUERA DE CALI ESTRUTECHOS: None
19:36:07 - WARNING - Cantidad inv√°lida en insumo TRANSPORTE GRUA ESTRUTECHOS: None
19:36:07 - WARNING - Cantidad inv√°lida en insumo M.O. 1 JEFE CUAD - 1 OFI2 - 1 AYUDANTE2 - 1 VIGIA AYUDANTE2: None
19:36:07 - WARNING - Cantidad inv√°lida en insumo ALQUILER ATORNILLADORAS: None
19:36:07 - WARNING - Cantidad inv√°lida en insumo EXTENSIONES: None
19:36:07 - WARNING - Cantidad inv√°lida en insumo TRANSPORTE CAMIONETA ESTRUTECHOS: None
19:36:07 - WARNING - Cantidad inv√°lida en insumo TRANSPORTES PERSONAL FUERA DE CALI ESTRUTECHOS: None
19:36:07 - WARNING - Cantidad inv√°lida en insumo TRANSPORTE GRUA ESTRUTECHOS: None
19:36:07 - WARNING - Cantidad inv√°lida en insumo SOPORTE EN PLATINA DE 1X1/8 PINTADA: None
19:36:07 - WARNING - Cantidad inv√°lida en insumo REMACHE ESTANCO: None
19:36:07 - WARNING - Cantidad inv√°lida en insumo SOSCO SENCILLO DE 4: None
19:36:07 - WARNING - Cantidad inv√°lida en insumo TAPAS: None
19:36:07 - WARNING - Cantidad inv√°lida en insumo LAMINA ADICIONAL PARA FABRICACION DE TAPAS DE 0.61: None
19:36:07 - WARNING - Cantidad inv√°lida en insumo M.O. 1 JEFE CUAD - 1 OFI2 - 1 AYUDANTE2 - 1 VIGIA AYUDANTE2: None
19:36:07 - WARNING - Cantidad inv√°lida en insumo ALQUILER DE CUERPOS DE ANDAMIOS: None
19:36:07 - WARNING - Cantidad inv√°lida en insumo ALQUILER DE PULIDORA: None
19:36:07 - WARNING - Cantidad inv√°lida en insumo BOLSA PARA LA BASURA: None
19:36:07 - WARNING - Cantidad inv√°lida en insumo LINEA DE VIDA HORIZONTAL: None
19:36:07 - WARNING - Cantidad inv√°lida en insumo BAUL DE HERRAMIENTAS: None
19:36:07 - WARNING - Cantidad inv√°lida en insumo EXTENSIONES: None
19:36:07 - WARNING - Cantidad inv√°lida en insumo ALQUILER ATORNILLADORAS: None
19:36:07 - WARNING - Cantidad inv√°lida en insumo TRANSPORTE CAMIONETA ESTRUTECHOS: None
19:36:07 - WARNING - Cantidad inv√°lida en insumo ALUMBAND 20 CMS X METROS: None
19:36:07 - WARNING - Cantidad inv√°lida en insumo M.O. 1 JEFE CUAD - 1 OFI2 - 1 AYUDANTE2 - 1 VIGIA AYUDANTE2: None
19:36:07 - WARNING - Cantidad inv√°lida en insumo ALQUILER ATORNILLADORAS: None
19:36:07 - WARNING - Cantidad inv√°lida en insumo EXTENSIONES: None
19:36:07 - WARNING - Cantidad inv√°lida en insumo TRANSPORTE CAMIONETA ESTRUTECHOS: None
19:36:07 - WARNING - Cantidad inv√°lida en insumo TRANSPORTE GRUA ESTRUTECHOS: None
19:36:07 - WARNING - Cantidad inv√°lida en insumo TRANSPORTES PERSONAL FUERA DE CALI ESTRUTECHOS: None
19:36:07 - WARNING - Cantidad inv√°lida en insumo M.O. 1 JEFE CUAD - 1 OFI2 - 1 AYUDANTE2 - 1 VIGIA AYUDANTE2: None
19:36:07 - WARNING - Cantidad inv√°lida en insumo ALQUILER ATORNILLADORAS: None
19:36:07 - WARNING - Cantidad inv√°lida en insumo ALQUILER PULIDORA: None
19:36:07 - WARNING - Cantidad inv√°lida en insumo EXTENSIONES: None
19:36:07 - WARNING - Cantidad inv√°lida en insumo TRANSPORTE GRUA ESTRUTECHOS: None
19:36:07 - WARNING - Cantidad inv√°lida en insumo TRANSPORTES PERSONAL FUERA DE CALI ESTRUTECHOS: None
19:36:07 - WARNING - Cantidad inv√°lida en insumo TRANSPORTE CAMIONETA ESTRUTECHOS: None
19:36:07 - WARNING - Cantidad inv√°lida en insumo M.O. 1 JEFE CUAD - 1 OFI2 - 1 AYUDANTE2 - 1 VIGIA AYUDANTE2: None
19:36:07 - WARNING - Cantidad inv√°lida en insumo ALQUILER ATORNILLADORAS: None
19:36:07 - WARNING - Cantidad inv√°lida en insumo EXTENSIONES: None
19:36:07 - WARNING - Cantidad inv√°lida en insumo TRANSPORTE CAMIONETA ESTRUTECHOS: None
19:36:07 - WARNING - Cantidad inv√°lida en insumo TRANSPORTES PERSONAL FUERA DE CALI ESTRUTECHOS: None
19:36:07 - WARNING - Cantidad inv√°lida en insumo TRANSPORTE GRUA ESTRUTECHOS: None
19:36:07 - WARNING - Cantidad inv√°lida en insumo M.O. 1 JEFE CUAD - 1 OFI2 - 1 AYUDANTE2 - 1 VIGIA AYUDANTE2: None
19:36:07 - WARNING - Cantidad inv√°lida en insumo ALQUILER ATORNILLADORAS: None
19:36:07 - WARNING - Cantidad inv√°lida en insumo EXTENSIONES: None
19:36:07 - WARNING - Cantidad inv√°lida en insumo TRANSPORTE CAMIONETA ESTRUTECHOS: None
19:36:07 - WARNING - Cantidad inv√°lida en insumo TRANSPORTES PERSONAL FUERA DE CALI ESTRUTECHOS: None
19:36:07 - WARNING - Cantidad inv√°lida en insumo TRANSPORTE GRUA ESTRUTECHOS: None
19:36:07 - WARNING - Cantidad inv√°lida en insumo M.O. 1 JEFE CUAD - 1 OFI2 - 1 AYUDANTE2 - 1 VIGIA AYUDANTE2: None
19:36:07 - WARNING - Cantidad inv√°lida en insumo ALQUILER ATORNILLADORAS: None
19:36:07 - WARNING - Cantidad inv√°lida en insumo EXTENSIONES: None
19:36:07 - WARNING - Cantidad inv√°lida en insumo TRANSPORTE CAMIONETA ESTRUTECHOS: None
19:36:07 - WARNING - Cantidad inv√°lida en insumo TRANSPORTES PERSONAL FUERA DE CALI ESTRUTECHOS: None
19:36:07 - WARNING - Cantidad inv√°lida en insumo TRANSPORTE GRUA ESTRUTECHOS: None
19:36:07 - WARNING - Cantidad inv√°lida en insumo M.O. 1 JEFE CUAD - 1 OFI2 - 1 AYUDANTE2 - 1 VIGIA AYUDANTE2: None
19:36:07 - WARNING - Cantidad inv√°lida en insumo ALQUILER ATORNILLADORAS: None
19:36:07 - WARNING - Cantidad inv√°lida en insumo EXTENSIONES: None
19:36:07 - WARNING - Cantidad inv√°lida en insumo TRANSPORTE CAMIONETA ESTRUTECHOS: None
19:36:07 - WARNING - Cantidad inv√°lida en insumo TRANSPORTES PERSONAL FUERA DE CALI ESTRUTECHOS: None
19:36:07 - WARNING - Cantidad inv√°lida en insumo TRANSPORTE GRUA ESTRUTECHOS: None
19:36:07 - WARNING - Cantidad inv√°lida en insumo SOPORTE EN PLATINA DE 1X1/8 PINTADA: None
19:36:07 - WARNING - Cantidad inv√°lida en insumo REMACHE ESTANCO: None
19:36:07 - WARNING - Cantidad inv√°lida en insumo SOSCO SENCILLO DE 4: None
19:36:07 - WARNING - Cantidad inv√°lida en insumo TAPAS: None
19:36:07 - WARNING - Cantidad inv√°lida en insumo LAMINA ADICIONAL PARA FABRICACION DE TAPAS DE 0.61: None
19:36:07 - WARNING - Cantidad inv√°lida en insumo M.O. 1 JEFE CUAD - 1 OFI2 - 1 AYUDANTE2 - 1 VIGIA AYUDANTE2: None
19:36:07 - WARNING - Cantidad inv√°lida en insumo ALQUILER DE CUERPOS DE ANDAMIOS: None
19:36:07 - WARNING - Cantidad inv√°lida en insumo PULIDORA ELECTRICA 9: None
19:36:07 - WARNING - Cantidad inv√°lida en insumo BOLSA DE BASURA: None
19:36:07 - WARNING - Cantidad inv√°lida en insumo LINEA DE VIDA HORIZONTAL: None
19:36:07 - WARNING - Cantidad inv√°lida en insumo LINEA DE VIDA VERTICAL: None
19:36:07 - WARNING - Cantidad inv√°lida en insumo BAUL DE HERRAMIENTAS: None
19:36:07 - WARNING - Cantidad inv√°lida en insumo EXTENSION: None
19:36:07 - WARNING - Cantidad inv√°lida en insumo ATORNILLADORA: None
19:36:07 - WARNING - Cantidad inv√°lida en insumo TRANSPORTE CAMIONETA ESTRUTECHOS: None
19:36:07 - WARNING - Cantidad inv√°lida en insumo LAM GALV PREPINTADA CAL 22 DE 122X305: None
19:36:07 - WARNING - Cantidad inv√°lida en insumo M.O. CORTE Y DOBLEZ: None
19:36:07 - WARNING - Cantidad inv√°lida en insumo TRANSPORTE CAMIONETA ESTRUTECHOS: None
19:36:07 - WARNING - Cantidad inv√°lida en insumo LAM GALV PREPINTADA CAL 22 DE 122X305: None
19:36:07 - WARNING - Cantidad inv√°lida en insumo M.O. CORTE Y DOBLEZ: None
19:36:07 - WARNING - Cantidad inv√°lida en insumo TRANSPORTE CAMIONETA ESTRUTECHOS: None
19:36:07 - WARNING - Cantidad inv√°lida en insumo LAM GALV PREPINTADA CAL 22 DE 122X305: None
19:36:07 - WARNING - Cantidad inv√°lida en insumo M.O. CORTE Y DOBLEZ: None
19:36:07 - WARNING - Cantidad inv√°lida en insumo TRANSPORTE CAMIONETA ESTRUTECHOS: None
19:36:07 - WARNING - Cantidad inv√°lida en insumo LAM GALV PREPINTADA CAL 22 DE 122X305: None
19:36:07 - WARNING - Cantidad inv√°lida en insumo M.O. CORTE Y DOBLEZ: None
19:36:07 - WARNING - Cantidad inv√°lida en insumo TRANSPORTE CAMIONETA ESTRUTECHOS: None
19:36:07 - WARNING - Cantidad inv√°lida en insumo M.O. CORTE Y DOBLEZ: None
19:36:07 - WARNING - Cantidad inv√°lida en insumo TRANSPORTE CAMIONETA ESTRUTECHOS: None
19:36:07 - WARNING - Cantidad inv√°lida en insumo M.O. CORTE Y DOBLEZ: None
19:36:07 - WARNING - Cantidad inv√°lida en insumo TRANSPORTE CAMIONETA ESTRUTECHOS: None
19:36:07 - WARNING - Cantidad inv√°lida en insumo M.O. CORTE Y DOBLEZ: None
19:36:07 - WARNING - Cantidad inv√°lida en insumo TRANSPORTE CAMIONETA ESTRUTECHOS: None
19:36:07 - WARNING - Cantidad inv√°lida en insumo M.O. CORTE Y DOBLEZ: None
19:36:07 - WARNING - Cantidad inv√°lida en insumo TRANSPORTE CAMIONETA ESTRUTECHOS: None
19:36:07 - WARNING - Cantidad inv√°lida en insumo SOPORTE EN PLATINA DE 1X1/8 PINTADA: None
19:36:07 - WARNING - Cantidad inv√°lida en insumo REMACHE ESTANCO: None
19:36:07 - WARNING - Cantidad inv√°lida en insumo SOSCO SENCILLO DE 4: None
19:36:07 - WARNING - Cantidad inv√°lida en insumo TAPAS: None
19:36:07 - WARNING - Cantidad inv√°lida en insumo LAMINA ADICIONAL PARA FABRICACION DE TAPAS DE 0.61: None
19:36:07 - WARNING - Cantidad inv√°lida en insumo M.O. 1 JEFE CUAD - 1 OFI2 - 1 AYUDANTE2 - 1 VIGIA AYUDANTE2: None
19:36:07 - WARNING - Cantidad inv√°lida en insumo ALQUILER DE CUERPOS DE ANDAMIOS: None
19:36:07 - WARNING - Cantidad inv√°lida en insumo PULIDORA ELECTRICA 9: None
19:36:07 - WARNING - Cantidad inv√°lida en insumo BOLSA DE BASURA: None
19:36:07 - WARNING - Cantidad inv√°lida en insumo LINEA DE VIDA HORIZONTAL: None
19:36:07 - WARNING - Cantidad inv√°lida en insumo LINEA DE VIDA VERTICAL: None
19:36:07 - WARNING - Cantidad inv√°lida en insumo BAUL DE HERRAMIENTAS: None
19:36:07 - WARNING - Cantidad inv√°lida en insumo EXTENSION: None
19:36:07 - WARNING - Cantidad inv√°lida en insumo ATORNILLADORA: None
19:36:07 - WARNING - Cantidad inv√°lida en insumo TRANSPORTE CAMIONETA ESTRUTECHOS: None
19:36:07 - WARNING - Cantidad inv√°lida en insumo M.O. 1 JEFE CUAD - 1 OFI2 - 1 AYUDANTE: None
19:36:07 - WARNING - Cantidad inv√°lida en insumo ALQUILER DE CUERPOS DE ANDAMIOS: None
19:36:07 - WARNING - Cantidad inv√°lida en insumo PULIDORA ELECTRICA 9: None
19:36:07 - WARNING - Cantidad inv√°lida en insumo BOLSA DE BASURA: None
19:36:07 - WARNING - Cantidad inv√°lida en insumo LINEA DE VIDA HORIZONTAL: None
19:36:07 - WARNING - Cantidad inv√°lida en insumo LINEA DE VIDA VERTICAL: None
19:36:07 - WARNING - Cantidad inv√°lida en insumo BAUL DE HERRAMIENTAS: None
19:36:07 - WARNING - Cantidad inv√°lida en insumo EXTENSION: None
19:36:07 - WARNING - Cantidad inv√°lida en insumo ATORNILLADORA: None
19:36:07 - WARNING - Cantidad inv√°lida en insumo TRANSPORTE CAMIONETA ESTRUTECHOS: None
19:36:07 - WARNING - Cantidad inv√°lida en insumo ALQUILER ATORNILLADORAS: None
19:36:07 - WARNING - Cantidad inv√°lida en insumo EXTENSIONES: None
19:36:07 - WARNING - Cantidad inv√°lida en insumo TRANSPORTE CAMIONETA ESTRUTECHOS: None
19:36:07 - WARNING - Cantidad inv√°lida en insumo TRANSPORTES DE ELEMENTOS FUERA DE CALI ESTRUTECHOS: None
19:36:07 - WARNING - Cantidad inv√°lida en insumo TRANSPORTE GRUA ESTRUTECHOS: None
19:36:07 - WARNING - Cantidad inv√°lida en insumo PINTURA BRONCO IMPERMEABILIZANTE: None
19:36:07 - WARNING - Cantidad inv√°lida en insumo M.O. 1 JEFE CUAD - 1 OFI2 - 1 AYUDANTE2 - 1 VIGIA AYUDANTE2: None
19:36:07 - WARNING - Cantidad inv√°lida en insumo PLATINA 1/8X1-1/2X6MT: None
19:36:07 - WARNING - Cantidad inv√°lida en insumo PLATINA 1/8X1-1/2X6MT: None
19:36:07 - WARNING - Cantidad inv√°lida en insumo TORNILLO HEX G-2 1/4 X 1-1/2: None
19:36:07 - WARNING - Cantidad inv√°lida en insumo TUERCA DE SEGURIDAD: None
19:36:07 - WARNING - Cantidad inv√°lida en insumo PINTURA BLER 2EN1 COLOR NEGRO (ANTICORROSIV. ESMALTE): None
19:36:07 - WARNING - Cantidad inv√°lida en insumo THINER: None
19:36:07 - WARNING - Cantidad inv√°lida en insumo BROCHA: None
19:36:07 - WARNING - Cantidad inv√°lida en insumo WIPE: None
19:36:07 - WARNING - Cantidad inv√°lida en insumo SOLDADURA 6011 X 1/8: None
19:36:07 - WARNING - Cantidad inv√°lida en insumo TRANSPORTE CAMIONETA ESTRUTECHOS: None
19:36:07 - WARNING - Cantidad inv√°lida en insumo M.O. 1 JEFE CUAD - 1 OFI2 - 1 AYUDANTE2 - 1 VIGIA AYUDANTE2: None
19:36:07 - WARNING - Cantidad inv√°lida en insumo ESCALERA EN FIBRA DE VIDRIO H=11.00MT: None
19:36:07 - WARNING - Cantidad inv√°lida en insumo PULIDORA ELECTRICA 9: None
19:36:07 - WARNING - Cantidad inv√°lida en insumo BOLSA DE BASURA: None
19:36:07 - WARNING - Cantidad inv√°lida en insumo MANGUERA 100MT: None
19:36:07 - WARNING - Cantidad inv√°lida en insumo LINEA DE VIDA HORIZONTAL: None
19:36:07 - WARNING - Cantidad inv√°lida en insumo BAUL DE HERRAMIENTAS: None
19:36:07 - WARNING - Cantidad inv√°lida en insumo LINEA DE VIDA VERTICAL: None
19:36:07 - WARNING - Cantidad inv√°lida en insumo ATORNILLADORA: None
19:36:07 - WARNING - Cantidad inv√°lida en insumo EXTENSION: None
19:36:07 - WARNING - Cantidad inv√°lida en insumo TABLERO ELECTRICO: None
19:36:07 - WARNING - Cantidad inv√°lida en insumo TRANSPORTE CAMIONETA ESTRUTECHOS: None
19:36:07 - WARNING - Cantidad inv√°lida en insumo PLATINA 1/8X1-1/2X6MT: None
19:36:07 - WARNING - Cantidad inv√°lida en insumo PLATINA 1/8X1-1/2X6MT: None
19:36:07 - WARNING - Cantidad inv√°lida en insumo TORNILLO HEX G-2 1/4 X 1-1/2: None
19:36:07 - WARNING - Cantidad inv√°lida en insumo TUERCA DE SEGURIDAD: None
19:36:07 - WARNING - Cantidad inv√°lida en insumo PINTURA BLER 2EN1 COLOR NEGRO (ANTICORROSIV. ESMALTE): None
19:36:07 - WARNING - Cantidad inv√°lida en insumo THINER: None
19:36:07 - WARNING - Cantidad inv√°lida en insumo BROCHA: None
19:36:07 - WARNING - Cantidad inv√°lida en insumo WIPE: None
19:36:07 - WARNING - Cantidad inv√°lida en insumo SOLDADURA 6011 X 1/8: None
19:36:07 - WARNING - Cantidad inv√°lida en insumo TRANSPORTE CAMIONETA ESTRUTECHOS: None
19:36:07 - WARNING - Cantidad inv√°lida en insumo M.O. 1 JEFE CUAD - 1 OFI2 - 1 AYUDANTE2 - 1 VIGIA AYUDANTE2: None
19:36:07 - WARNING - Cantidad inv√°lida en insumo ESCALERA EN FIBRA DE VIDRIO H=11.00MT: None
19:36:07 - WARNING - Cantidad inv√°lida en insumo PULIDORA ELECTRICA 9: None
19:36:07 - WARNING - Cantidad inv√°lida en insumo BOLSA DE BASURA: None
19:36:07 - WARNING - Cantidad inv√°lida en insumo MANGUERA 100MT: None
19:36:07 - WARNING - Cantidad inv√°lida en insumo LINEA DE VIDA HORIZONTAL: None
19:36:07 - WARNING - Cantidad inv√°lida en insumo BAUL DE HERRAMIENTAS: None
19:36:07 - WARNING - Cantidad inv√°lida en insumo LINEA DE VIDA VERTICAL: None
19:36:07 - WARNING - Cantidad inv√°lida en insumo ATORNILLADORA: None
19:36:07 - WARNING - Cantidad inv√°lida en insumo EXTENSION: None
19:36:07 - WARNING - Cantidad inv√°lida en insumo TABLERO ELECTRICO: None
19:36:07 - WARNING - Cantidad inv√°lida en insumo TRANSPORTE CAMIONETA ESTRUTECHOS: None
19:36:07 - INFO - El Agente de Validaci√≥n de Datos ha completado su ejecuci√≥n.
19:36:07 - INFO - üîç Validando datos procesados antes de guardar...
19:36:07 - INFO - ‚úÖ 146 APUs procesados listos para guardar
19:36:07 - INFO - ================================================================================
19:36:07 - INFO - üíæ Guardando archivos JSON de salida...
19:36:07 - INFO - ================================================================================
19:36:07 - INFO - üíæ Guardando APUs procesados en: data/processed_apus.json
19:36:07 - INFO - ‚úÖ processed_apus.json guardado exitosamente (146 registros, 90,552 bytes)
19:36:07 - INFO - üíæ Guardando presupuesto final en: data/presupuesto_final.json
19:36:07 - INFO - ‚úÖ presupuesto_final.json guardado (105 registros, 67,121 bytes)
19:36:07 - INFO - üíæ Guardando detalle de insumos en: data/insumos_detalle.json
19:36:07 - INFO - ‚úÖ insumos_detalle.json guardado (317 registros, 218,892 bytes)
19:36:07 - INFO - ================================================================================
19:36:07 - INFO - üìä ESTAD√çSTICAS DEL PROCESAMIENTO
19:36:07 - INFO - ================================================================================
19:36:07 - INFO -  üìã APUs en Presupuesto: 105
19:36:07 - INFO -  üí∞ Costo Total Construcci√≥n: $nan
19:36:07 - INFO -  üèóÔ∏è APUs Procesados: 146
19:36:07 - INFO -  üîß Insumos Detallados: 317
19:36:07 - INFO -  üì¶ Grupos de Insumos: 4
19:36:07 - INFO -  üì¶ Total Insumos: 111
19:36:07 - INFO - 
19:36:07 - INFO - üìÅ ARCHIVOS GENERADOS:
19:36:07 - INFO -  ‚úÖ processed_apus: data/processed_apus.json (0.09 MB)
19:36:07 - INFO -  ‚úÖ presupuesto_final: data/presupuesto_final.json (0.06 MB)
19:36:07 - INFO -  ‚úÖ insumos_detalle: data/insumos_detalle.json (0.21 MB)
19:36:07 - INFO - ================================================================================
19:36:07 - INFO - ================================================================================
19:36:07 - INFO - üéâ PROCESAMIENTO COMPLETADO EXITOSAMENTE
19:36:07 - INFO - ================================================================================
19:36:07 - ERROR - Error no controlado en upload_files: Error 61 connecting to 127.0.0.1:6379. Connection refused.
Traceback (most recent call last):
  File "/Users/gerardomayor/miniconda3/envs/apu_filter_env/lib/python3.10/site-packages/redis/connection.py", line 855, in connect_check_health
    sock = self.retry.call_with_retry(
  File "/Users/gerardomayor/miniconda3/envs/apu_filter_env/lib/python3.10/site-packages/redis/retry.py", line 116, in call_with_retry
    return do()
  File "/Users/gerardomayor/miniconda3/envs/apu_filter_env/lib/python3.10/site-packages/redis/connection.py", line 856, in <lambda>
    lambda: self._connect(), lambda error: self.disconnect(error)
  File "/Users/gerardomayor/miniconda3/envs/apu_filter_env/lib/python3.10/site-packages/redis/connection.py", line 1306, in _connect
    raise err
  File "/Users/gerardomayor/miniconda3/envs/apu_filter_env/lib/python3.10/site-packages/redis/connection.py", line 1290, in _connect
    sock.connect(socket_address)
ConnectionRefusedError: [Errno 61] Connection refused

During handling of the above exception, another exception occurred:

Traceback (most recent call last):
  File "/Users/gerardomayor/Documents/estru_techos/apu_filter/app/app.py", line 169, in decorated_function
    return f(*args, **kwargs)
  File "/Users/gerardomayor/Documents/estru_techos/apu_filter/app/app.py", line 559, in upload_files
    redis_client.set(data_key, json.dumps(sanitized_data), ex=SESSION_TIMEOUT)
  File "/Users/gerardomayor/miniconda3/envs/apu_filter_env/lib/python3.10/site-packages/redis/commands/core.py", line 2310, in set
    return self.execute_command("SET", *pieces, **options)
  File "/Users/gerardomayor/miniconda3/envs/apu_filter_env/lib/python3.10/site-packages/redis/client.py", line 657, in execute_command
    return self._execute_command(*args, **options)
  File "/Users/gerardomayor/miniconda3/envs/apu_filter_env/lib/python3.10/site-packages/redis/client.py", line 663, in _execute_command
    conn = self.connection or pool.get_connection()
  File "/Users/gerardomayor/miniconda3/envs/apu_filter_env/lib/python3.10/site-packages/redis/utils.py", line 196, in wrapper
    return func(*args, **kwargs)
  File "/Users/gerardomayor/miniconda3/envs/apu_filter_env/lib/python3.10/site-packages/redis/connection.py", line 2601, in get_connection
    connection.connect()
  File "/Users/gerardomayor/miniconda3/envs/apu_filter_env/lib/python3.10/site-packages/redis/connection.py", line 846, in connect
    self.connect_check_health(check_health=True)
  File "/Users/gerardomayor/miniconda3/envs/apu_filter_env/lib/python3.10/site-packages/redis/connection.py", line 863, in connect_check_health
    raise ConnectionError(self._error_message(e))
redis.exceptions.ConnectionError: Error 61 connecting to 127.0.0.1:6379. Connection refused.
19:36:07 - ERROR - Error no controlado en upload_files: Error 61 connecting to 127.0.0.1:6379. Connection refused.
Traceback (most recent call last):
  File "/Users/gerardomayor/miniconda3/envs/apu_filter_env/lib/python3.10/site-packages/redis/connection.py", line 855, in connect_check_health
    sock = self.retry.call_with_retry(
  File "/Users/gerardomayor/miniconda3/envs/apu_filter_env/lib/python3.10/site-packages/redis/retry.py", line 116, in call_with_retry
    return do()
  File "/Users/gerardomayor/miniconda3/envs/apu_filter_env/lib/python3.10/site-packages/redis/connection.py", line 856, in <lambda>
    lambda: self._connect(), lambda error: self.disconnect(error)
  File "/Users/gerardomayor/miniconda3/envs/apu_filter_env/lib/python3.10/site-packages/redis/connection.py", line 1306, in _connect
    raise err
  File "/Users/gerardomayor/miniconda3/envs/apu_filter_env/lib/python3.10/site-packages/redis/connection.py", line 1290, in _connect
    sock.connect(socket_address)
ConnectionRefusedError: [Errno 61] Connection refused

During handling of the above exception, another exception occurred:

Traceback (most recent call last):
  File "/Users/gerardomayor/Documents/estru_techos/apu_filter/app/app.py", line 169, in decorated_function
    return f(*args, **kwargs)
  File "/Users/gerardomayor/Documents/estru_techos/apu_filter/app/app.py", line 559, in upload_files
    redis_client.set(data_key, json.dumps(sanitized_data), ex=SESSION_TIMEOUT)
  File "/Users/gerardomayor/miniconda3/envs/apu_filter_env/lib/python3.10/site-packages/redis/commands/core.py", line 2310, in set
    return self.execute_command("SET", *pieces, **options)
  File "/Users/gerardomayor/miniconda3/envs/apu_filter_env/lib/python3.10/site-packages/redis/client.py", line 657, in execute_command
    return self._execute_command(*args, **options)
  File "/Users/gerardomayor/miniconda3/envs/apu_filter_env/lib/python3.10/site-packages/redis/client.py", line 663, in _execute_command
    conn = self.connection or pool.get_connection()
  File "/Users/gerardomayor/miniconda3/envs/apu_filter_env/lib/python3.10/site-packages/redis/utils.py", line 196, in wrapper
    return func(*args, **kwargs)
  File "/Users/gerardomayor/miniconda3/envs/apu_filter_env/lib/python3.10/site-packages/redis/connection.py", line 2601, in get_connection
    connection.connect()
  File "/Users/gerardomayor/miniconda3/envs/apu_filter_env/lib/python3.10/site-packages/redis/connection.py", line 846, in connect
    self.connect_check_health(check_health=True)
  File "/Users/gerardomayor/miniconda3/envs/apu_filter_env/lib/python3.10/site-packages/redis/connection.py", line 863, in connect_check_health
    raise ConnectionError(self._error_message(e))
redis.exceptions.ConnectionError: Error 61 connecting to 127.0.0.1:6379. Connection refused.
19:36:07 - INFO - 127.0.0.1 - - [19/Nov/2025 19:36:07] "POST /upload HTTP/1.1" 500 -