================================================ test session starts =================================================
platform linux -- Python 3.10.19, pytest-8.4.2, pluggy-1.6.0 -- /home/gerardo/miniconda3/envs/apu_filter_env/bin/python
cachedir: .pytest_cache
rootdir: /home/gerardo/Documentos/GitHub/apu_filter
configfile: pyproject.toml
collected 288 items / 3 errors                                                                                       

======================================================= ERRORS =======================================================
_________________________________________ ERROR collecting tests/test_app.py _________________________________________
ImportError while importing test module '/home/gerardo/Documentos/GitHub/apu_filter/tests/test_app.py'.
Hint: make sure your test modules/packages have valid Python names.
Traceback:
../../../miniconda3/envs/apu_filter_env/lib/python3.10/site-packages/_pytest/python.py:498: in importtestmodule
    mod = import_path(
../../../miniconda3/envs/apu_filter_env/lib/python3.10/site-packages/_pytest/pathlib.py:587: in import_path
    importlib.import_module(module_name)
../../../miniconda3/envs/apu_filter_env/lib/python3.10/importlib/__init__.py:126: in import_module
    return _bootstrap._gcd_import(name[level:], package, level)
<frozen importlib._bootstrap>:1050: in _gcd_import
    ???
<frozen importlib._bootstrap>:1027: in _find_and_load
    ???
<frozen importlib._bootstrap>:1006: in _find_and_load_unlocked
    ???
<frozen importlib._bootstrap>:688: in _load_unlocked
    ???
../../../miniconda3/envs/apu_filter_env/lib/python3.10/site-packages/_pytest/assertion/rewrite.py:186: in exec_module
    exec(co, module.__dict__)
tests/test_app.py:19: in <module>
    from app.app import APUProcessor, FileValidator, create_app
app/app.py:17: in <module>
    import faiss
../../../miniconda3/envs/apu_filter_env/lib/python3.10/site-packages/faiss/__init__.py:17: in <module>
    from .loader import *
../../../miniconda3/envs/apu_filter_env/lib/python3.10/site-packages/faiss/loader.py:155: in <module>
    from .swigfaiss import *
../../../miniconda3/envs/apu_filter_env/lib/python3.10/site-packages/faiss/swigfaiss.py:13: in <module>
    from . import _swigfaiss
E   ImportError: numpy.core.multiarray failed to import
-------------------------------------------------- Captured stderr ---------------------------------------------------

A module that was compiled using NumPy 1.x cannot be run in
NumPy 2.1.2 as it may crash. To support both 1.x and 2.x
versions of NumPy, modules must be compiled with NumPy 2.0.
Some module may need to rebuild instead e.g. with 'pybind11>=2.12'.

If you are a user of the module, the easiest solution will be to
downgrade to 'numpy<2' or try to upgrade the affected module.
We expect that some modules will need time to support NumPy 2.

Traceback (most recent call last):  File "/home/gerardo/miniconda3/envs/apu_filter_env/lib/python3.10/runpy.py", line 196, in _run_module_as_main
    return _run_code(code, main_globals, None,
  File "/home/gerardo/miniconda3/envs/apu_filter_env/lib/python3.10/runpy.py", line 86, in _run_code
    exec(code, run_globals)
  File "/home/gerardo/miniconda3/envs/apu_filter_env/lib/python3.10/site-packages/pytest/__main__.py", line 9, in <module>
    raise SystemExit(pytest.console_main())
  File "/home/gerardo/miniconda3/envs/apu_filter_env/lib/python3.10/site-packages/_pytest/config/__init__.py", line 201, in console_main
    code = main()
  File "/home/gerardo/miniconda3/envs/apu_filter_env/lib/python3.10/site-packages/_pytest/config/__init__.py", line 175, in main
    ret: ExitCode | int = config.hook.pytest_cmdline_main(config=config)
  File "/home/gerardo/miniconda3/envs/apu_filter_env/lib/python3.10/site-packages/pluggy/_hooks.py", line 512, in __call__
    return self._hookexec(self.name, self._hookimpls.copy(), kwargs, firstresult)
  File "/home/gerardo/miniconda3/envs/apu_filter_env/lib/python3.10/site-packages/pluggy/_manager.py", line 120, in _hookexec
    return self._inner_hookexec(hook_name, methods, kwargs, firstresult)
  File "/home/gerardo/miniconda3/envs/apu_filter_env/lib/python3.10/site-packages/pluggy/_callers.py", line 121, in _multicall
    res = hook_impl.function(*args)
  File "/home/gerardo/miniconda3/envs/apu_filter_env/lib/python3.10/site-packages/_pytest/main.py", line 336, in pytest_cmdline_main
    return wrap_session(config, _main)
  File "/home/gerardo/miniconda3/envs/apu_filter_env/lib/python3.10/site-packages/_pytest/main.py", line 289, in wrap_session
    session.exitstatus = doit(config, session) or 0
  File "/home/gerardo/miniconda3/envs/apu_filter_env/lib/python3.10/site-packages/_pytest/main.py", line 342, in _main
    config.hook.pytest_collection(session=session)
  File "/home/gerardo/miniconda3/envs/apu_filter_env/lib/python3.10/site-packages/pluggy/_hooks.py", line 512, in __call__
    return self._hookexec(self.name, self._hookimpls.copy(), kwargs, firstresult)
  File "/home/gerardo/miniconda3/envs/apu_filter_env/lib/python3.10/site-packages/pluggy/_manager.py", line 120, in _hookexec
    return self._inner_hookexec(hook_name, methods, kwargs, firstresult)
  File "/home/gerardo/miniconda3/envs/apu_filter_env/lib/python3.10/site-packages/pluggy/_callers.py", line 121, in _multicall
    res = hook_impl.function(*args)
  File "/home/gerardo/miniconda3/envs/apu_filter_env/lib/python3.10/site-packages/_pytest/main.py", line 353, in pytest_collection
    session.perform_collect()
  File "/home/gerardo/miniconda3/envs/apu_filter_env/lib/python3.10/site-packages/_pytest/main.py", line 813, in perform_collect
    self.items.extend(self.genitems(node))
  File "/home/gerardo/miniconda3/envs/apu_filter_env/lib/python3.10/site-packages/_pytest/main.py", line 979, in genitems
    yield from self.genitems(subnode)
  File "/home/gerardo/miniconda3/envs/apu_filter_env/lib/python3.10/site-packages/_pytest/main.py", line 979, in genitems
    yield from self.genitems(subnode)
  File "/home/gerardo/miniconda3/envs/apu_filter_env/lib/python3.10/site-packages/_pytest/main.py", line 974, in genitems
    rep, duplicate = self._collect_one_node(node, handle_dupes)
  File "/home/gerardo/miniconda3/envs/apu_filter_env/lib/python3.10/site-packages/_pytest/main.py", line 839, in _collect_one_node
    rep = collect_one_node(node)
  File "/home/gerardo/miniconda3/envs/apu_filter_env/lib/python3.10/site-packages/_pytest/runner.py", line 567, in collect_one_node
    rep: CollectReport = ihook.pytest_make_collect_report(collector=collector)
  File "/home/gerardo/miniconda3/envs/apu_filter_env/lib/python3.10/site-packages/pluggy/_hooks.py", line 512, in __call__
    return self._hookexec(self.name, self._hookimpls.copy(), kwargs, firstresult)
  File "/home/gerardo/miniconda3/envs/apu_filter_env/lib/python3.10/site-packages/pluggy/_manager.py", line 120, in _hookexec
    return self._inner_hookexec(hook_name, methods, kwargs, firstresult)
  File "/home/gerardo/miniconda3/envs/apu_filter_env/lib/python3.10/site-packages/pluggy/_callers.py", line 121, in _multicall
    res = hook_impl.function(*args)
  File "/home/gerardo/miniconda3/envs/apu_filter_env/lib/python3.10/site-packages/_pytest/runner.py", line 391, in pytest_make_collect_report
    call = CallInfo.from_call(
  File "/home/gerardo/miniconda3/envs/apu_filter_env/lib/python3.10/site-packages/_pytest/runner.py", line 344, in from_call
    result: TResult | None = func()
  File "/home/gerardo/miniconda3/envs/apu_filter_env/lib/python3.10/site-packages/_pytest/runner.py", line 389, in collect
    return list(collector.collect())
  File "/home/gerardo/miniconda3/envs/apu_filter_env/lib/python3.10/site-packages/_pytest/python.py", line 554, in collect
    self._register_setup_module_fixture()
  File "/home/gerardo/miniconda3/envs/apu_filter_env/lib/python3.10/site-packages/_pytest/python.py", line 567, in _register_setup_module_fixture
    self.obj, ("setUpModule", "setup_module")
  File "/home/gerardo/miniconda3/envs/apu_filter_env/lib/python3.10/site-packages/_pytest/python.py", line 280, in obj
    self._obj = obj = self._getobj()
  File "/home/gerardo/miniconda3/envs/apu_filter_env/lib/python3.10/site-packages/_pytest/python.py", line 551, in _getobj
    return importtestmodule(self.path, self.config)
  File "/home/gerardo/miniconda3/envs/apu_filter_env/lib/python3.10/site-packages/_pytest/python.py", line 498, in importtestmodule
    mod = import_path(
  File "/home/gerardo/miniconda3/envs/apu_filter_env/lib/python3.10/site-packages/_pytest/pathlib.py", line 587, in import_path
    importlib.import_module(module_name)
  File "/home/gerardo/miniconda3/envs/apu_filter_env/lib/python3.10/importlib/__init__.py", line 126, in import_module
    return _bootstrap._gcd_import(name[level:], package, level)
  File "/home/gerardo/miniconda3/envs/apu_filter_env/lib/python3.10/site-packages/_pytest/assertion/rewrite.py", line 186, in exec_module
    exec(co, module.__dict__)
  File "/home/gerardo/Documentos/GitHub/apu_filter/tests/test_app.py", line 19, in <module>
    from app.app import APUProcessor, FileValidator, create_app
  File "/home/gerardo/Documentos/GitHub/apu_filter/app/app.py", line 17, in <module>
    import faiss
  File "/home/gerardo/miniconda3/envs/apu_filter_env/lib/python3.10/site-packages/faiss/__init__.py", line 17, in <module>
    from .loader import *
  File "/home/gerardo/miniconda3/envs/apu_filter_env/lib/python3.10/site-packages/faiss/loader.py", line 155, in <module>
    from .swigfaiss import *
  File "/home/gerardo/miniconda3/envs/apu_filter_env/lib/python3.10/site-packages/faiss/swigfaiss.py", line 13, in <module>
    from . import _swigfaiss
Traceback (most recent call last):
  File "/home/gerardo/miniconda3/envs/apu_filter_env/lib/python3.10/site-packages/numpy/core/_multiarray_umath.py", line 44, in __getattr__
    raise ImportError(msg)
ImportError: 
A module that was compiled using NumPy 1.x cannot be run in
NumPy 2.1.2 as it may crash. To support both 1.x and 2.x
versions of NumPy, modules must be compiled with NumPy 2.0.
Some module may need to rebuild instead e.g. with 'pybind11>=2.12'.

If you are a user of the module, the easiest solution will be to
downgrade to 'numpy<2' or try to upgrade the affected module.
We expect that some modules will need time to support NumPy 2.


______________________________________ ERROR collecting tests/test_estimator.py ______________________________________
ImportError while importing test module '/home/gerardo/Documentos/GitHub/apu_filter/tests/test_estimator.py'.
Hint: make sure your test modules/packages have valid Python names.
Traceback:
../../../miniconda3/envs/apu_filter_env/lib/python3.10/site-packages/_pytest/python.py:498: in importtestmodule
    mod = import_path(
../../../miniconda3/envs/apu_filter_env/lib/python3.10/site-packages/_pytest/pathlib.py:587: in import_path
    importlib.import_module(module_name)
../../../miniconda3/envs/apu_filter_env/lib/python3.10/importlib/__init__.py:126: in import_module
    return _bootstrap._gcd_import(name[level:], package, level)
<frozen importlib._bootstrap>:1050: in _gcd_import
    ???
<frozen importlib._bootstrap>:1027: in _find_and_load
    ???
<frozen importlib._bootstrap>:1006: in _find_and_load_unlocked
    ???
<frozen importlib._bootstrap>:688: in _load_unlocked
    ???
../../../miniconda3/envs/apu_filter_env/lib/python3.10/site-packages/_pytest/assertion/rewrite.py:186: in exec_module
    exec(co, module.__dict__)
tests/test_estimator.py:12: in <module>
    from app.app import create_app
app/app.py:17: in <module>
    import faiss
../../../miniconda3/envs/apu_filter_env/lib/python3.10/site-packages/faiss/__init__.py:17: in <module>
    from .loader import *
../../../miniconda3/envs/apu_filter_env/lib/python3.10/site-packages/faiss/loader.py:155: in <module>
    from .swigfaiss import *
../../../miniconda3/envs/apu_filter_env/lib/python3.10/site-packages/faiss/swigfaiss.py:13: in <module>
    from . import _swigfaiss
E   ImportError: numpy.core.multiarray failed to import
-------------------------------------------------- Captured stderr ---------------------------------------------------

A module that was compiled using NumPy 1.x cannot be run in
NumPy 2.1.2 as it may crash. To support both 1.x and 2.x
versions of NumPy, modules must be compiled with NumPy 2.0.
Some module may need to rebuild instead e.g. with 'pybind11>=2.12'.

If you are a user of the module, the easiest solution will be to
downgrade to 'numpy<2' or try to upgrade the affected module.
We expect that some modules will need time to support NumPy 2.

Traceback (most recent call last):  File "/home/gerardo/miniconda3/envs/apu_filter_env/lib/python3.10/runpy.py", line 196, in _run_module_as_main
    return _run_code(code, main_globals, None,
  File "/home/gerardo/miniconda3/envs/apu_filter_env/lib/python3.10/runpy.py", line 86, in _run_code
    exec(code, run_globals)
  File "/home/gerardo/miniconda3/envs/apu_filter_env/lib/python3.10/site-packages/pytest/__main__.py", line 9, in <module>
    raise SystemExit(pytest.console_main())
  File "/home/gerardo/miniconda3/envs/apu_filter_env/lib/python3.10/site-packages/_pytest/config/__init__.py", line 201, in console_main
    code = main()
  File "/home/gerardo/miniconda3/envs/apu_filter_env/lib/python3.10/site-packages/_pytest/config/__init__.py", line 175, in main
    ret: ExitCode | int = config.hook.pytest_cmdline_main(config=config)
  File "/home/gerardo/miniconda3/envs/apu_filter_env/lib/python3.10/site-packages/pluggy/_hooks.py", line 512, in __call__
    return self._hookexec(self.name, self._hookimpls.copy(), kwargs, firstresult)
  File "/home/gerardo/miniconda3/envs/apu_filter_env/lib/python3.10/site-packages/pluggy/_manager.py", line 120, in _hookexec
    return self._inner_hookexec(hook_name, methods, kwargs, firstresult)
  File "/home/gerardo/miniconda3/envs/apu_filter_env/lib/python3.10/site-packages/pluggy/_callers.py", line 121, in _multicall
    res = hook_impl.function(*args)
  File "/home/gerardo/miniconda3/envs/apu_filter_env/lib/python3.10/site-packages/_pytest/main.py", line 336, in pytest_cmdline_main
    return wrap_session(config, _main)
  File "/home/gerardo/miniconda3/envs/apu_filter_env/lib/python3.10/site-packages/_pytest/main.py", line 289, in wrap_session
    session.exitstatus = doit(config, session) or 0
  File "/home/gerardo/miniconda3/envs/apu_filter_env/lib/python3.10/site-packages/_pytest/main.py", line 342, in _main
    config.hook.pytest_collection(session=session)
  File "/home/gerardo/miniconda3/envs/apu_filter_env/lib/python3.10/site-packages/pluggy/_hooks.py", line 512, in __call__
    return self._hookexec(self.name, self._hookimpls.copy(), kwargs, firstresult)
  File "/home/gerardo/miniconda3/envs/apu_filter_env/lib/python3.10/site-packages/pluggy/_manager.py", line 120, in _hookexec
    return self._inner_hookexec(hook_name, methods, kwargs, firstresult)
  File "/home/gerardo/miniconda3/envs/apu_filter_env/lib/python3.10/site-packages/pluggy/_callers.py", line 121, in _multicall
    res = hook_impl.function(*args)
  File "/home/gerardo/miniconda3/envs/apu_filter_env/lib/python3.10/site-packages/_pytest/main.py", line 353, in pytest_collection
    session.perform_collect()
  File "/home/gerardo/miniconda3/envs/apu_filter_env/lib/python3.10/site-packages/_pytest/main.py", line 813, in perform_collect
    self.items.extend(self.genitems(node))
  File "/home/gerardo/miniconda3/envs/apu_filter_env/lib/python3.10/site-packages/_pytest/main.py", line 979, in genitems
    yield from self.genitems(subnode)
  File "/home/gerardo/miniconda3/envs/apu_filter_env/lib/python3.10/site-packages/_pytest/main.py", line 979, in genitems
    yield from self.genitems(subnode)
  File "/home/gerardo/miniconda3/envs/apu_filter_env/lib/python3.10/site-packages/_pytest/main.py", line 974, in genitems
    rep, duplicate = self._collect_one_node(node, handle_dupes)
  File "/home/gerardo/miniconda3/envs/apu_filter_env/lib/python3.10/site-packages/_pytest/main.py", line 839, in _collect_one_node
    rep = collect_one_node(node)
  File "/home/gerardo/miniconda3/envs/apu_filter_env/lib/python3.10/site-packages/_pytest/runner.py", line 567, in collect_one_node
    rep: CollectReport = ihook.pytest_make_collect_report(collector=collector)
  File "/home/gerardo/miniconda3/envs/apu_filter_env/lib/python3.10/site-packages/pluggy/_hooks.py", line 512, in __call__
    return self._hookexec(self.name, self._hookimpls.copy(), kwargs, firstresult)
  File "/home/gerardo/miniconda3/envs/apu_filter_env/lib/python3.10/site-packages/pluggy/_manager.py", line 120, in _hookexec
    return self._inner_hookexec(hook_name, methods, kwargs, firstresult)
  File "/home/gerardo/miniconda3/envs/apu_filter_env/lib/python3.10/site-packages/pluggy/_callers.py", line 121, in _multicall
    res = hook_impl.function(*args)
  File "/home/gerardo/miniconda3/envs/apu_filter_env/lib/python3.10/site-packages/_pytest/runner.py", line 391, in pytest_make_collect_report
    call = CallInfo.from_call(
  File "/home/gerardo/miniconda3/envs/apu_filter_env/lib/python3.10/site-packages/_pytest/runner.py", line 344, in from_call
    result: TResult | None = func()
  File "/home/gerardo/miniconda3/envs/apu_filter_env/lib/python3.10/site-packages/_pytest/runner.py", line 389, in collect
    return list(collector.collect())
  File "/home/gerardo/miniconda3/envs/apu_filter_env/lib/python3.10/site-packages/_pytest/python.py", line 554, in collect
    self._register_setup_module_fixture()
  File "/home/gerardo/miniconda3/envs/apu_filter_env/lib/python3.10/site-packages/_pytest/python.py", line 567, in _register_setup_module_fixture
    self.obj, ("setUpModule", "setup_module")
  File "/home/gerardo/miniconda3/envs/apu_filter_env/lib/python3.10/site-packages/_pytest/python.py", line 280, in obj
    self._obj = obj = self._getobj()
  File "/home/gerardo/miniconda3/envs/apu_filter_env/lib/python3.10/site-packages/_pytest/python.py", line 551, in _getobj
    return importtestmodule(self.path, self.config)
  File "/home/gerardo/miniconda3/envs/apu_filter_env/lib/python3.10/site-packages/_pytest/python.py", line 498, in importtestmodule
    mod = import_path(
  File "/home/gerardo/miniconda3/envs/apu_filter_env/lib/python3.10/site-packages/_pytest/pathlib.py", line 587, in import_path
    importlib.import_module(module_name)
  File "/home/gerardo/miniconda3/envs/apu_filter_env/lib/python3.10/importlib/__init__.py", line 126, in import_module
    return _bootstrap._gcd_import(name[level:], package, level)
  File "/home/gerardo/miniconda3/envs/apu_filter_env/lib/python3.10/site-packages/_pytest/assertion/rewrite.py", line 186, in exec_module
    exec(co, module.__dict__)
  File "/home/gerardo/Documentos/GitHub/apu_filter/tests/test_estimator.py", line 12, in <module>
    from app.app import create_app
  File "/home/gerardo/Documentos/GitHub/apu_filter/app/app.py", line 17, in <module>
    import faiss
  File "/home/gerardo/miniconda3/envs/apu_filter_env/lib/python3.10/site-packages/faiss/__init__.py", line 17, in <module>
    from .loader import *
  File "/home/gerardo/miniconda3/envs/apu_filter_env/lib/python3.10/site-packages/faiss/loader.py", line 155, in <module>
    from .swigfaiss import *
  File "/home/gerardo/miniconda3/envs/apu_filter_env/lib/python3.10/site-packages/faiss/swigfaiss.py", line 13, in <module>
    from . import _swigfaiss
Traceback (most recent call last):
  File "/home/gerardo/miniconda3/envs/apu_filter_env/lib/python3.10/site-packages/numpy/core/_multiarray_umath.py", line 44, in __getattr__
    raise ImportError(msg)
ImportError: 
A module that was compiled using NumPy 1.x cannot be run in
NumPy 2.1.2 as it may crash. To support both 1.x and 2.x
versions of NumPy, modules must be compiled with NumPy 2.0.
Some module may need to rebuild instead e.g. with 'pybind11>=2.12'.

If you are a user of the module, the easiest solution will be to
downgrade to 'numpy<2' or try to upgrade the affected module.
We expect that some modules will need time to support NumPy 2.


_________________________________ ERROR collecting tests/test_generate_embeddings.py _________________________________
ImportError while importing test module '/home/gerardo/Documentos/GitHub/apu_filter/tests/test_generate_embeddings.py'.
Hint: make sure your test modules/packages have valid Python names.
Traceback:
../../../miniconda3/envs/apu_filter_env/lib/python3.10/site-packages/_pytest/python.py:498: in importtestmodule
    mod = import_path(
../../../miniconda3/envs/apu_filter_env/lib/python3.10/site-packages/_pytest/pathlib.py:587: in import_path
    importlib.import_module(module_name)
../../../miniconda3/envs/apu_filter_env/lib/python3.10/importlib/__init__.py:126: in import_module
    return _bootstrap._gcd_import(name[level:], package, level)
<frozen importlib._bootstrap>:1050: in _gcd_import
    ???
<frozen importlib._bootstrap>:1027: in _find_and_load
    ???
<frozen importlib._bootstrap>:1006: in _find_and_load_unlocked
    ???
<frozen importlib._bootstrap>:688: in _load_unlocked
    ???
../../../miniconda3/envs/apu_filter_env/lib/python3.10/site-packages/_pytest/assertion/rewrite.py:186: in exec_module
    exec(co, module.__dict__)
tests/test_generate_embeddings.py:9: in <module>
    import faiss
../../../miniconda3/envs/apu_filter_env/lib/python3.10/site-packages/faiss/__init__.py:17: in <module>
    from .loader import *
../../../miniconda3/envs/apu_filter_env/lib/python3.10/site-packages/faiss/loader.py:155: in <module>
    from .swigfaiss import *
../../../miniconda3/envs/apu_filter_env/lib/python3.10/site-packages/faiss/swigfaiss.py:13: in <module>
    from . import _swigfaiss
E   ImportError: numpy.core.multiarray failed to import
-------------------------------------------------- Captured stderr ---------------------------------------------------

A module that was compiled using NumPy 1.x cannot be run in
NumPy 2.1.2 as it may crash. To support both 1.x and 2.x
versions of NumPy, modules must be compiled with NumPy 2.0.
Some module may need to rebuild instead e.g. with 'pybind11>=2.12'.

If you are a user of the module, the easiest solution will be to
downgrade to 'numpy<2' or try to upgrade the affected module.
We expect that some modules will need time to support NumPy 2.

Traceback (most recent call last):  File "/home/gerardo/miniconda3/envs/apu_filter_env/lib/python3.10/runpy.py", line 196, in _run_module_as_main
    return _run_code(code, main_globals, None,
  File "/home/gerardo/miniconda3/envs/apu_filter_env/lib/python3.10/runpy.py", line 86, in _run_code
    exec(code, run_globals)
  File "/home/gerardo/miniconda3/envs/apu_filter_env/lib/python3.10/site-packages/pytest/__main__.py", line 9, in <module>
    raise SystemExit(pytest.console_main())
  File "/home/gerardo/miniconda3/envs/apu_filter_env/lib/python3.10/site-packages/_pytest/config/__init__.py", line 201, in console_main
    code = main()
  File "/home/gerardo/miniconda3/envs/apu_filter_env/lib/python3.10/site-packages/_pytest/config/__init__.py", line 175, in main
    ret: ExitCode | int = config.hook.pytest_cmdline_main(config=config)
  File "/home/gerardo/miniconda3/envs/apu_filter_env/lib/python3.10/site-packages/pluggy/_hooks.py", line 512, in __call__
    return self._hookexec(self.name, self._hookimpls.copy(), kwargs, firstresult)
  File "/home/gerardo/miniconda3/envs/apu_filter_env/lib/python3.10/site-packages/pluggy/_manager.py", line 120, in _hookexec
    return self._inner_hookexec(hook_name, methods, kwargs, firstresult)
  File "/home/gerardo/miniconda3/envs/apu_filter_env/lib/python3.10/site-packages/pluggy/_callers.py", line 121, in _multicall
    res = hook_impl.function(*args)
  File "/home/gerardo/miniconda3/envs/apu_filter_env/lib/python3.10/site-packages/_pytest/main.py", line 336, in pytest_cmdline_main
    return wrap_session(config, _main)
  File "/home/gerardo/miniconda3/envs/apu_filter_env/lib/python3.10/site-packages/_pytest/main.py", line 289, in wrap_session
    session.exitstatus = doit(config, session) or 0
  File "/home/gerardo/miniconda3/envs/apu_filter_env/lib/python3.10/site-packages/_pytest/main.py", line 342, in _main
    config.hook.pytest_collection(session=session)
  File "/home/gerardo/miniconda3/envs/apu_filter_env/lib/python3.10/site-packages/pluggy/_hooks.py", line 512, in __call__
    return self._hookexec(self.name, self._hookimpls.copy(), kwargs, firstresult)
  File "/home/gerardo/miniconda3/envs/apu_filter_env/lib/python3.10/site-packages/pluggy/_manager.py", line 120, in _hookexec
    return self._inner_hookexec(hook_name, methods, kwargs, firstresult)
  File "/home/gerardo/miniconda3/envs/apu_filter_env/lib/python3.10/site-packages/pluggy/_callers.py", line 121, in _multicall
    res = hook_impl.function(*args)
  File "/home/gerardo/miniconda3/envs/apu_filter_env/lib/python3.10/site-packages/_pytest/main.py", line 353, in pytest_collection
    session.perform_collect()
  File "/home/gerardo/miniconda3/envs/apu_filter_env/lib/python3.10/site-packages/_pytest/main.py", line 813, in perform_collect
    self.items.extend(self.genitems(node))
  File "/home/gerardo/miniconda3/envs/apu_filter_env/lib/python3.10/site-packages/_pytest/main.py", line 979, in genitems
    yield from self.genitems(subnode)
  File "/home/gerardo/miniconda3/envs/apu_filter_env/lib/python3.10/site-packages/_pytest/main.py", line 979, in genitems
    yield from self.genitems(subnode)
  File "/home/gerardo/miniconda3/envs/apu_filter_env/lib/python3.10/site-packages/_pytest/main.py", line 974, in genitems
    rep, duplicate = self._collect_one_node(node, handle_dupes)
  File "/home/gerardo/miniconda3/envs/apu_filter_env/lib/python3.10/site-packages/_pytest/main.py", line 839, in _collect_one_node
    rep = collect_one_node(node)
  File "/home/gerardo/miniconda3/envs/apu_filter_env/lib/python3.10/site-packages/_pytest/runner.py", line 567, in collect_one_node
    rep: CollectReport = ihook.pytest_make_collect_report(collector=collector)
  File "/home/gerardo/miniconda3/envs/apu_filter_env/lib/python3.10/site-packages/pluggy/_hooks.py", line 512, in __call__
    return self._hookexec(self.name, self._hookimpls.copy(), kwargs, firstresult)
  File "/home/gerardo/miniconda3/envs/apu_filter_env/lib/python3.10/site-packages/pluggy/_manager.py", line 120, in _hookexec
    return self._inner_hookexec(hook_name, methods, kwargs, firstresult)
  File "/home/gerardo/miniconda3/envs/apu_filter_env/lib/python3.10/site-packages/pluggy/_callers.py", line 121, in _multicall
    res = hook_impl.function(*args)
  File "/home/gerardo/miniconda3/envs/apu_filter_env/lib/python3.10/site-packages/_pytest/runner.py", line 391, in pytest_make_collect_report
    call = CallInfo.from_call(
  File "/home/gerardo/miniconda3/envs/apu_filter_env/lib/python3.10/site-packages/_pytest/runner.py", line 344, in from_call
    result: TResult | None = func()
  File "/home/gerardo/miniconda3/envs/apu_filter_env/lib/python3.10/site-packages/_pytest/runner.py", line 389, in collect
    return list(collector.collect())
  File "/home/gerardo/miniconda3/envs/apu_filter_env/lib/python3.10/site-packages/_pytest/python.py", line 554, in collect
    self._register_setup_module_fixture()
  File "/home/gerardo/miniconda3/envs/apu_filter_env/lib/python3.10/site-packages/_pytest/python.py", line 567, in _register_setup_module_fixture
    self.obj, ("setUpModule", "setup_module")
  File "/home/gerardo/miniconda3/envs/apu_filter_env/lib/python3.10/site-packages/_pytest/python.py", line 280, in obj
    self._obj = obj = self._getobj()
  File "/home/gerardo/miniconda3/envs/apu_filter_env/lib/python3.10/site-packages/_pytest/python.py", line 551, in _getobj
    return importtestmodule(self.path, self.config)
  File "/home/gerardo/miniconda3/envs/apu_filter_env/lib/python3.10/site-packages/_pytest/python.py", line 498, in importtestmodule
    mod = import_path(
  File "/home/gerardo/miniconda3/envs/apu_filter_env/lib/python3.10/site-packages/_pytest/pathlib.py", line 587, in import_path
    importlib.import_module(module_name)
  File "/home/gerardo/miniconda3/envs/apu_filter_env/lib/python3.10/importlib/__init__.py", line 126, in import_module
    return _bootstrap._gcd_import(name[level:], package, level)
  File "/home/gerardo/miniconda3/envs/apu_filter_env/lib/python3.10/site-packages/_pytest/assertion/rewrite.py", line 186, in exec_module
    exec(co, module.__dict__)
  File "/home/gerardo/Documentos/GitHub/apu_filter/tests/test_generate_embeddings.py", line 9, in <module>
    import faiss
  File "/home/gerardo/miniconda3/envs/apu_filter_env/lib/python3.10/site-packages/faiss/__init__.py", line 17, in <module>
    from .loader import *
  File "/home/gerardo/miniconda3/envs/apu_filter_env/lib/python3.10/site-packages/faiss/loader.py", line 155, in <module>
    from .swigfaiss import *
  File "/home/gerardo/miniconda3/envs/apu_filter_env/lib/python3.10/site-packages/faiss/swigfaiss.py", line 13, in <module>
    from . import _swigfaiss
Traceback (most recent call last):
  File "/home/gerardo/miniconda3/envs/apu_filter_env/lib/python3.10/site-packages/numpy/core/_multiarray_umath.py", line 44, in __getattr__
    raise ImportError(msg)
ImportError: 
A module that was compiled using NumPy 1.x cannot be run in
NumPy 2.1.2 as it may crash. To support both 1.x and 2.x
versions of NumPy, modules must be compiled with NumPy 2.0.
Some module may need to rebuild instead e.g. with 'pybind11>=2.12'.

If you are a user of the module, the easiest solution will be to
downgrade to 'numpy<2' or try to upgrade the affected module.
We expect that some modules will need time to support NumPy 2.


============================================== short test summary info ===============================================
ERROR tests/test_app.py
ERROR tests/test_estimator.py
ERROR tests/test_generate_embeddings.py
!!!!!!!!!!!!!!!!!!!!!!!!!!!!!!!!!!!!!! Interrupted: 3 errors during collection !!!!!!!!!!!!!!!!!!!!!!!!!!!!!!!!!!!!!!!
================================================= 3 errors in 12.81s =================================================